
Final memory state and exit status:

@@@ Unified Memory contents hex on left, decimal on right: 
@@@
@@@ mem[    0] = 0000009700000013 : 648540061715
@@@ mem[    8] = 0001011709c08093 : 282673436197011
@@@ mem[   16] = 00010413ff410113 : 285958910050579
@@@ mem[   24] = 3881819300001197 : 4071678006479819159
@@@ mem[   32] = 0000029300000213 : 2830383448595
@@@ mem[   40] = 0000039300000313 : 3929895076627
@@@ mem[   48] = 0000051300000493 : 5579162518675
@@@ mem[   56] = 0000061300000593 : 6678674146707
@@@ mem[   64] = 0000071300000693 : 7778185774739
@@@ mem[   72] = 0000081300000793 : 8877697402771
@@@ mem[   80] = 0000091300000893 : 9977209030803
@@@ mem[   88] = 00000a1300000993 : 11076720658835
@@@ mem[   96] = 00000b1300000a93 : 12176232286867
@@@ mem[  104] = 00000c1300000b93 : 13275743914899
@@@ mem[  112] = 00000d1300000c93 : 14375255542931
@@@ mem[  120] = 00000e1300000d93 : 15474767170963
@@@ mem[  128] = 00000f1300000e93 : 16574278798995
@@@ mem[  136] = 0550006f00000f93 : 382806445067866003
@@@
@@@ mem[  160] = f601011300010117 : 17726450789423055127
@@@ mem[  168] = 00000013fea12c23 : 85876354083
@@@ mem[  176] = 000017b710500073 : 26075020132467
@@@ mem[  184] = 0af56663bf878793 : 789649888274515859
@@@ mem[  192] = bf878793000057b7 : 13801148648530139063
@@@ mem[  200] = 000018370aa7e063 : 26624681042019
@@@ mem[  208] = ff850693bec82783 : 18412129883204888451
@@@ mem[  216] = 00d7fc630007a703 : 60794622125254403
@@@ mem[  224] = 00e7fc6300e6ee63 : 65298221767257699
@@@ mem[  232] = 0007a70300070793 : 2153956164175763
@@@ mem[  240] = fee7eae3fed7e8e3 : 18367907870207895779
@@@ mem[  248] = ffc52583fee6f8e3 : 18430178298931116259
@@@ mem[  256] = 00c6863300359613 : 55879598993675795
@@@ mem[  264] = 0047a88302c70263 : 20170003987235427
@@@ mem[  272] = 00389613fee52c23 : 15927611320773667
@@@ mem[  280] = 02c68a6300c78633 : 199999391284037171
@@@ mem[  288] = bef8262300d7a023 : 13760790593210392611
@@@ mem[  296] = 0047260300008067 : 20026517673246823
@@@ mem[  304] = 00c585b300072703 : 55597574258108163
@@@ mem[  312] = 0047a883feb52e23 : 20170008213925411
@@@ mem[  320] = 00389613fee52c23 : 15927611320773667
@@@ mem[  328] = fcc69ae300c78633 : 18214416042707879475
@@@ mem[  336] = 0007069300b885b3 : 1977553279026611
@@@ mem[  344] = 00d7a02300b7a223 : 60693192189125155
@@@ mem[  352] = 00008067bef82623 : 141183073920547
@@@ mem[  360] = 00100513ff010113 : 4509183068143891
@@@ mem[  368] = 0000009700112623 : 648541185571
@@@ mem[  376] = fe010113f2c080e7 : 18302911545799114983
@@@ mem[  384] = 0000193701212823 : 27724032845859
@@@ mem[  392] = 00112e23bec92683 : 4835805663667843
@@@ mem[  400] = 00912a2300812c23 : 40860201443732515
@@@ mem[  408] = 0141242301312623 : 90393200286574115
@@@ mem[  416] = 0c068a6301512223 : 866532136143888931
@@@ mem[  424] = 003007930006a503 : 13519126824133891
@@@ mem[  432] = 0ee7e86300452703 : 1074082548055090947
@@@ mem[  440] = 00b00a13000014b7 : 49550672621737143
@@@ mem[  448] = 00400a93000019b7 : 18026024985958839
@@@ mem[  456] = 0100006f00300413 : 72058070782444563
@@@ mem[  464] = 004527030007a503 : 19464667231921411
@@@ mem[  472] = 0005079304e46863 : 1415702907218019
@@@ mem[  480] = bc44a783fed518e3 : 13566152162904709347
@@@ mem[  488] = 08fa7263ff478713 : 646955270291293971
@@@ mem[  496] = bce4a223bc89a503 : 13611182248191173891
@@@ mem[  504] = 0155222300c50793 : 96020500790445971
@@@ mem[  512] = bcf9a42300850513 : 13617095418570933523
@@@ mem[  520] = eac080e700000097 : 16915661930029383831
@@@ mem[  528] = 04078e63bec92783 : 290357260042446723
@@@ mem[  536] = 000786930007a503 : 2118290755790083
@@@ mem[  544] = fae47ce300452703 : 18078712118575965955
@@@ mem[  552] = 06d7066300400693 : 492869706496083603
@@@ mem[  560] = 00371613ff470713 : 15505398862120723
@@@ mem[  568] = 00c5053300e52223 : 55456287028486691
@@@ mem[  576] = bef9262300d52223 : 13761072068186939939
@@@ mem[  584] = 01c1208300850513 : 126418011564606739
@@@ mem[  592] = 0141248301812403 : 90393612608676867
@@@ mem[  600] = 00c1298301012903 : 54370313139464451
@@@ mem[  608] = 00412a8300812a03 : 18342615623739907
@@@ mem[  616] = 0000806702010113 : 141179903607059
@@@ mem[  624] = fd9ff06f00000513 : 18275590172424799507
@@@ mem[  632] = bf05079300001537 : 13764416164069381431
@@@ mem[  640] = bef92623bf050693 : 13761072071377749651
@@@ mem[  648] = 0007a22300f7a023 : 2148596060758051
@@@ mem[  656] = f25ff06fbf050513 : 17464942242702886163
@@@ mem[  664] = 00e7a02300052703 : 65196791804798723
@@@ mem[  672] = 00068793fa5ff06f : 1837919490797679
@@@ mem[  680] = 000047b7f81ff06f : 78855467429999
@@@ mem[  688] = fe01011314a7ea63 : 18302911542072961635
@@@ mem[  696] = 00112e2300812c23 : 4835802471279651
@@@ mem[  704] = 0121282300912a23 : 81390399067859491
@@@ mem[  712] = 0141242301312623 : 90393200286574115
@@@ mem[  720] = 0005041300357793 : 1411854537947027
@@@ mem[  728] = 000019b70e079463 : 28274005087331
@@@ mem[  736] = 00840493bec9a603 : 37159729533396483
@@@ mem[  744] = 000627830e060863 : 1732293689739363
@@@ mem[  752] = 1086fc630047a683 : 1190916653622732419
@@@ mem[  760] = 00001a3700001937 : 28823525529911
@@@ mem[  768] = 000727830100006f : 2013768447950959
@@@ mem[  776] = 0486f8630047a683 : 326221127121086083
@@@ mem[  784] = fec798e300078713 : 18358810506724607763
@@@ mem[  792] = 40978733bc492783 : 4654337396182689667
@@@ mem[  800] = bc8a25030697ee63 : 13585711920842272355
@@@ mem[  808] = 009507b3bce92223 : 41948240079823395
@@@ mem[  816] = 0085051300852223 : 37441751073759779
@@@ mem[  824] = 00000097bcfa2423 : 651710571555
@@@ mem[  832] = bec9a703d78080e7 : 13747702972467413223
@@@ mem[  840] = 0007278304070a63 : 2013768498743907
@@@ mem[  848] = 0047a68300070613 : 20167804917843475
@@@ mem[  856] = 08d40e63fa86ece3 : 636149269933780195
@@@ mem[  864] = 00369613409686b3 : 15364658174527155
@@@ mem[  872] = 00c787b300d7a223 : 56162723248448035
@@@ mem[  880] = 01c120830087a223 : 126418011564778019
@@@ mem[  888] = bee9a62301812403 : 13756709206059197443
@@@ mem[  896] = 0101290301412483 : 72384161897325699
@@@ mem[  904] = 00812a0300c12983 : 36356464381602179
@@@ mem[  912] = 0201011300878513 : 144397844177454355
@@@ mem[  920] = 01c1208300008067 : 126418011555922023
@@@ mem[  928] = 0141248301812403 : 90393612608676867
@@@ mem[  936] = 00c1298301012903 : 54370313139464451
@@@ mem[  944] = 0000051300812a03 : 5579170982403
@@@ mem[  952] = 0000806702010113 : 141179903607059
@@@ mem[  960] = bec9a603000019b7 : 13747701869340268983
@@@ mem[  968] = 00440413ffc57413 : 19144782358344723
@@@ mem[  976] = f0061ce300840493 : 17295543180254774419
@@@ mem[  984] = bf06079300001637 : 13764697639046092343
@@@ mem[  992] = 00f7a023bef9a623 : 69700394635863587
@@@ mem[ 1000] = 000006930007a223 : 7228430459427
@@@ mem[ 1008] = f01ff06fbf060613 : 17302812656117614099
@@@ mem[ 1016] = 00d720230007a683 : 60552454689236611
@@@ mem[ 1024] = 00000513f75ff06f : 5583312777327
@@@ mem[ 1032] = 0006071300008067 : 1696628046069863
@@@ mem[ 1040] = fe5ff06ff4d418e3 : 18329633372060784867
@@@ mem[ 1048] = 00112623ff010113 : 4827010648047891
@@@ mem[ 1056] = 0091222300812423 : 40851405350708259
@@@ mem[ 1064] = 0000009700050493 : 648540390547
@@@ mem[ 1072] = 00048613e80080e7 : 1273319961690343
@@@ mem[ 1080] = 0005041300000593 : 1411854534444435
@@@ mem[ 1088] = 660080e700000097 : 7350016321494450327
@@@ mem[ 1096] = 0004051300c12083 : 1131479082016899
@@@ mem[ 1104] = 0041248300812403 : 18336018553971715
@@@ mem[ 1112] = 0000806701010113 : 141179886829843
@@@ mem[ 1120] = bc05a703000015b7 : 13548418685340751287
@@@ mem[ 1128] = be46268300001637 : 13710688459658630711
@@@ mem[ 1136] = 000057b700170713 : 96443492140819
@@@ mem[ 1144] = bf87879300271813 : 13801148648532678675
@@@ mem[ 1152] = 00168693010787b3 : 6340415423219635
@@@ mem[ 1160] = 00a7a023bce5a023 : 47182396464144419
@@@ mem[ 1168] = 00008067bed62223 : 141183071691299
@@@ mem[ 1176] = be86270300001637 : 13728703407923926583
@@@ mem[ 1184] = be45a683000015b7 : 13710547722170275255
@@@ mem[ 1192] = 00271513000057b7 : 11000695440299959
@@@ mem[ 1200] = fff68693bf878793 : 18444077293074089875
@@@ mem[ 1208] = 00a787b300170713 : 47155523981084435
@@@ mem[ 1216] = bed5a2230007a503 : 13751075308453733635
@@@ mem[ 1224] = 00008067bee62423 : 141183072740387
@@@ mem[ 1232] = be47a503000017b7 : 13711109022856255415
@@@ mem[ 1240] = 0000806700153513 : 141179871376659
@@@ mem[ 1248] = 00812423ff010113 : 36350009016385811
@@@ mem[ 1256] = 0005041300112623 : 1411854535566883
@@@ mem[ 1264] = c8c080e700000097 : 14465703732739834007
@@@ mem[ 1272] = 000016b700850023 : 24975243542563
@@@ mem[ 1280] = 000057b7be06a703 : 96446678738691
@@@ mem[ 1288] = 0081240300c12083 : 36349867311833219
@@@ mem[ 1296] = c707879300271613 : 14341580603817137683
@@@ mem[ 1304] = 00170713000500a3 : 6481702650445987
@@@ mem[ 1312] = bee6a02300c787b3 : 13755858184047134643
@@@ mem[ 1320] = 0101011300a7a023 : 72340250141630499
@@@ mem[ 1328] = 0025179300008067 : 10440494265958503
@@@ mem[ 1336] = 0025971300a787b3 : 10580682009446323
@@@ mem[ 1344] = 00b705b300b787b3 : 51516187107362739
@@@ mem[ 1352] = c0c7071300005737 : 13891079353833379639
@@@ mem[ 1360] = 00a5853300279793 : 46589825249679251
@@@ mem[ 1368] = 00f707b300100693 : 69532784629122707
@@@ mem[ 1376] = 00d7a02300251513 : 60693192179520787
@@@ mem[ 1384] = 00d5202300a70533 : 59989504746259763
@@@ mem[ 1392] = 000017b700008067 : 26074746486887
@@@ mem[ 1400] = 00050713be07a803 : 1415156257499139
@@@ mem[ 1408] = 0025159313005463 : 10438295561458787
@@@ mem[ 1416] = 000057b700a586b3 : 96443501479603
@@@ mem[ 1424] = 00269693c0c78793 : 10861610453665683
@@@ mem[ 1432] = 0006a60300d786b3 : 1871381689501363
@@@ mem[ 1440] = 0cd6006300100693 : 924927198674028179
@@@ mem[ 1448] = 0ec80e6300100613 : 1065117130238723603
@@@ mem[ 1456] = 0026969300e586b3 : 10861607234406067
@@@ mem[ 1464] = 0046a50300d786b3 : 19884680687355571
@@@ mem[ 1472] = 002006930ac50e63 : 9014427865386595
@@@ mem[ 1480] = 00e586b30ed80063 : 64605873273045091
@@@ mem[ 1488] = 00d786b300269693 : 60665223352587923
@@@ mem[ 1496] = 001006930086a603 : 4510828066153987
@@@ mem[ 1504] = 003006930ad60863 : 13518027493869667
@@@ mem[ 1512] = 00e586b30cd80063 : 64605873239490659
@@@ mem[ 1520] = 00d786b300269693 : 60665223352587923
@@@ mem[ 1528] = 0010069300c6a603 : 4510828070348291
@@@ mem[ 1536] = 0040069302d60663 : 18021626987021923
@@@ mem[ 1544] = 00e587330ad80063 : 64606422961750115
@@@ mem[ 1552] = 00e787b300271713 : 65169922491619091
@@@ mem[ 1560] = 001007930107a703 : 4511927586236163
@@@ mem[ 1568] = 02f70063fff00513 : 213639936819070227
@@@ mem[ 1576] = 000056b700008067 : 95343979036775
@@@ mem[ 1584] = 0016c683c7c6a683 : 6410718782334595
@@@ mem[ 1592] = 00300513fc0696e3 : 13516382272919267
@@@ mem[ 1600] = 000057b700008067 : 96443490664551
@@@ mem[ 1608] = 0017c503c807a783 : 6690544495863683
@@@ mem[ 1616] = 40a0053300a03533 : 4656727731313063219
@@@ mem[ 1624] = 00450513ffb57513 : 19427356845634835
@@@ mem[ 1632] = 000056b700008067 : 95343979036775
@@@ mem[ 1640] = 0016c683c706a683 : 6410718769751683
@@@ mem[ 1648] = 00000513f2069ce3 : 5583223037155
@@@ mem[ 1656] = 000056b700008067 : 95343979036775
@@@ mem[ 1664] = 0016c683c746a683 : 6410718773945987
@@@ mem[ 1672] = 00008067f2069ee3 : 141183930506979
@@@ mem[ 1680] = c786a683000056b7 : 14377361941997835959
@@@ mem[ 1688] = f40694e30016c683 : 17583905497794659971
@@@ mem[ 1696] = 0000806700200513 : 141179872085267
@@@ mem[ 1704] = 00008067fff00513 : 141184163906835
@@@ mem[ 1712] = 01812623fd010113 : 108409802044014867
@@@ mem[ 1720] = bc0c288300001c37 : 13550249921956813879
@@@ mem[ 1728] = 00005ab701512c23 : 99742047611939
@@@ mem[ 1736] = c70a8a9301712823 : 14342428327303784483
@@@ mem[ 1744] = be4ba30300001bb7 : 13712232723739843511
@@@ mem[ 1752] = 01412e23000aaf83 : 90404195383553923
@@@ mem[ 1760] = 00005a3700188893 : 99192271308947
@@@ mem[ 1768] = 0291242302812623 : 184968792483374627
@@@ mem[ 1776] = 0331202303212223 : 230000390721053219
@@@ mem[ 1784] = 0191242301612a23 : 112911198426573347
@@@ mem[ 1792] = bf8a0a1301a12223 : 13801855084778299939
@@@ mem[ 1800] = 0010071300289793 : 4511377815803795
@@@ mem[ 1808] = 00fa07b300ef80a3 : 70377209573900451
@@@ mem[ 1816] = 0007a02300130313 : 2146397022520083
@@@ mem[ 1824] = 000017b7bd1c2023 : 26077919191075
@@@ mem[ 1832] = be07a683be6ba223 : 13693096276808933923
@@@ mem[ 1840] = 00001cb70c030263 : 31572506116707
@@@ mem[ 1848] = 004aa383be8ca903 : 21008934509521155
@@@ mem[ 1856] = 00caa483008aa403 : 57038827852309507
@@@ mem[ 1864] = 00291293010aa983 : 11560896632105347
@@@ mem[ 1872] = 005a02b300005b37 : 25335715726383927
@@@ mem[ 1880] = 00100793c0cb0b13 : 4511930803489555
@@@ mem[ 1888] = 00300e9300200e13 : 13526823407193619
@@@ mem[ 1896] = 0002a60300400f13 : 745481772732179
@@@ mem[ 1904] = 0025959300188593 : 10579032732632467
@@@ mem[ 1912] = 00c7073300261713 : 56021435992643347
@@@ mem[ 1920] = 00271713fff30313 : 11002898757649171
@@@ mem[ 1928] = 0019091300088613 : 7046851627353619
@@@ mem[ 1936] = 4113083300ba05b3 : 4689100652171363763
@@@ mem[ 1944] = 00c8033300eb0733 : 56298512935749427
@@@ mem[ 1952] = 02d05e6300060893 : 202765762526840979
@@@ mem[ 1960] = 0cf5026300072503 : 933655121974732035
@@@ mem[ 1968] = 0047250302f68863 : 20025418211297379
@@@ mem[ 1976] = 03c682630cf50e63 : 272048189433253475
@@@ mem[ 1984] = 0ef5006300872503 : 1077768111035720963
@@@ mem[ 1992] = 00c7250301d68c63 : 56054215211388003
@@@ mem[ 2000] = 01e686630ef50463 : 136944598692201571
@@@ mem[ 2008] = 0ef5086301072503 : 1077776907137131779
@@@ mem[ 2016] = f80314e300428293 : 17871150711530750611
@@@ mem[ 2024] = be0ba223bccc2023 : 13694217366325174307
@@@ mem[ 2032] = 04d05463bf2ca423 : 346869958693397539
@@@ mem[ 2040] = 00100793000f80a3 : 4511927569973411
@@@ mem[ 2048] = 004aa70302f68e63 : 21012779653041763
@@@ mem[ 2056] = 000700a300200793 : 1971024918742931
@@@ mem[ 2064] = 008aa70302f68663 : 39027178162521699
@@@ mem[ 2072] = 000700a300300793 : 1971024919791507
@@@ mem[ 2080] = 00caa70300f68e63 : 57041576638451299
@@@ mem[ 2088] = 000700a300400793 : 1971024920840083
@@@ mem[ 2096] = 010aa78300f68663 : 75056524903745123
@@@ mem[ 2104] = 02c12403000780a3 : 198479453885005987
@@@ mem[ 2112] = 0241290302812483 : 162456154465707139
@@@ mem[ 2120] = 01c12a0302012983 : 126428456949983619
@@@ mem[ 2128] = 01412b0301812a83 : 90400759434259075
@@@ mem[ 2136] = 00c12c0301012b83 : 54373061918534531
@@@ mem[ 2144] = 00412d0300812c83 : 18345364402809987
@@@ mem[ 2152] = 0000806703010113 : 141179920384275
@@@ mem[ 2160] = f2051ee3001fc503 : 17439379092370605315
@@@ mem[ 2168] = 00000513000f8893 : 5579163535507
@@@ mem[ 2176] = 00a5a02300f880a3 : 46619443357843619
@@@ mem[ 2184] = 0045859300160613 : 19568639801165331
@@@ mem[ 2192] = 0013cd03f0dff06f : 5573441367306351
@@@ mem[ 2200] = 00038893f20d12e3 : 994593932645091
@@@ mem[ 2208] = 00144503fe1ff06f : 5705382984937583
@@@ mem[ 2216] = 00040893f20510e3 : 1135331420475619
@@@ mem[ 2224] = fcdff06f00200513 : 18221546976898450707
@@@ mem[ 2232] = f0051ce30014c503 : 17295261705270772995
@@@ mem[ 2240] = 0030051300048893 : 13516378044926099
@@@ mem[ 2248] = 0019c503fb9ff06f : 7253495314903151
@@@ mem[ 2256] = 00098893f00518e3 : 2683443758831843
@@@ mem[ 2264] = fa5ff06f00400513 : 18041402991805728019
@@@ mem[ 2272] = 00812423ff010113 : 36350009016385811
@@@ mem[ 2280] = c0c4041300005437 : 13890231630368363575
@@@ mem[ 2288] = 0091222300112623 : 40851405343368739
@@@ mem[ 2296] = 0004202301212023 : 1161234621734947
@@@ mem[ 2304] = 0004242300042223 : 1165632649568803
@@@ mem[ 2312] = 0004282300042623 : 1170030696080931
@@@ mem[ 2320] = 00042c2300042a23 : 1174428742593059
@@@ mem[ 2328] = 0204202300042e23 : 145276422678916643
@@@ mem[ 2336] = 0204242302042223 : 145280820758979107
@@@ mem[ 2344] = 0204282302042623 : 145285218805491235
@@@ mem[ 2352] = 02042c2302042a23 : 145289616852003363
@@@ mem[ 2360] = 0404202302042e23 : 289391610788326947
@@@ mem[ 2368] = 0404242304042223 : 289396008868389411
@@@ mem[ 2376] = 0404282304042623 : 289400406914901539
@@@ mem[ 2384] = 04042c2304042a23 : 289404804961413667
@@@ mem[ 2392] = 0604202304042e23 : 433506798897737251
@@@ mem[ 2400] = 81c080e700000097 : 9349614556046950551
@@@ mem[ 2408] = 000014b705300793 : 22776298604435
@@@ mem[ 2416] = be04a78300f50023 : 13692252948211761187
@@@ mem[ 2424] = c709091300005937 : 14342004465547106615
@@@ mem[ 2432] = 00e9073300279713 : 65591585200903955
@@@ mem[ 2440] = 00178793000500a3 : 6622989894615203
@@@ mem[ 2448] = 00a72023bef4a023 : 47041659010326563
@@@ mem[ 2456] = 7e4080e7fffff097 : 9097412981209165975
@@@ mem[ 2464] = 00f5002304100793 : 68961519686125459
@@@ mem[ 2472] = 000500a3be04a783 : 1408078151198595
@@@ mem[ 2480] = 00e9073300279713 : 65591585200903955
@@@ mem[ 2488] = bef4a02300178793 : 13759798833709549459
@@@ mem[ 2496] = fffff09700a72023 : 18446727130074521635
@@@ mem[ 2504] = 042007937b8080e7 : 297245905420058855
@@@ mem[ 2512] = be04a78300f50023 : 13692252948211761187
@@@ mem[ 2520] = 00279713000500a3 : 11143631952216227
@@@ mem[ 2528] = 0017879300e90733 : 6622989909559091
@@@ mem[ 2536] = 00a72023bef4a023 : 47041659010326563
@@@ mem[ 2544] = 78c080e7fffff097 : 8701096214000562327
@@@ mem[ 2552] = 00f5002304300793 : 68961519688222611
@@@ mem[ 2560] = 000500a3be04a783 : 1408078151198595
@@@ mem[ 2568] = 00e9073300279713 : 65591585200903955
@@@ mem[ 2576] = bef4a02300178793 : 13759798833709549459
@@@ mem[ 2584] = fffff09700a72023 : 18446727130074521635
@@@ mem[ 2592] = 04400793760080e7 : 306253104582525159
@@@ mem[ 2600] = be04a70300f50023 : 13692252398455947299
@@@ mem[ 2608] = 000500a300100793 : 1408074964273043
@@@ mem[ 2616] = 00d9093300271693 : 61090184596756115
@@@ mem[ 2624] = 00a9202300170713 : 47604605761554195
@@@ mem[ 2632] = 00f42223bee4a023 : 68717431239254051
@@@ mem[ 2640] = 00f4242300f42a23 : 68719627075856931
@@@ mem[ 2648] = 00f4262302f42423 : 68721826132665379
@@@ mem[ 2656] = 02f4222302f42e23 : 212832616162012707
@@@ mem[ 2664] = 02f42c2304f42a23 : 212843611311843875
@@@ mem[ 2672] = 04f4262304f42c23 : 356952202317933603
@@@ mem[ 2680] = 0000009704f42e23 : 648623173155
@@@ mem[ 2688] = 00c12083c34080e7 : 54360420793745639
@@@ mem[ 2696] = 0041248300812403 : 18336018553971715
@@@ mem[ 2704] = 0000051300012903 : 5579162593539
@@@ mem[ 2712] = 0000806701010113 : 141179886829843
@@@ mem[ 2720] = 0005071300f00313 : 1415153085055763
@@@ mem[ 2728] = 00f7779302c37e63 : 69655792537796195
@@@ mem[ 2736] = 080592630a079063 : 578029081254662243
@@@ mem[ 2744] = 00f67613ff067693 : 69372672525891219
@@@ mem[ 2752] = 00b7202300e686b3 : 51545255449102003
@@@ mem[ 2760] = 00b7242300b72223 : 51549653492507171
@@@ mem[ 2768] = 0107071300b72623 : 74035697072678435
@@@ mem[ 2776] = 00061463fed766e3 : 1711269570111203
@@@ mem[ 2784] = 40c306b300008067 : 4666581004754911335
@@@ mem[ 2792] = 0000029700269693 : 2847565846163
@@@ mem[ 2800] = 00c68067005686b3 : 55873225264367283
@@@ mem[ 2808] = 00b706a300b70723 : 51517217899480867
@@@ mem[ 2816] = 00b705a300b70623 : 51516118387852835
@@@ mem[ 2824] = 00b704a300b70523 : 51515018876224803
@@@ mem[ 2832] = 00b703a300b70423 : 51513919364596771
@@@ mem[ 2840] = 00b702a300b70323 : 51512819852968739
@@@ mem[ 2848] = 00b701a300b70223 : 51511720341340707
@@@ mem[ 2856] = 00b700a300b70123 : 51510620829712675
@@@ mem[ 2864] = 0000806700b70023 : 141179881979939
@@@ mem[ 2872] = 008596930ff5f593 : 37601730274653587
@@@ mem[ 2880] = 0105969300d5e5b3 : 73630527039858099
@@@ mem[ 2888] = f6dff06f00d5e5b3 : 17789201412682802611
@@@ mem[ 2896] = 0000029700279693 : 2847565911699
@@@ mem[ 2904] = 00008293005686b3 : 143567877473971
@@@ mem[ 2912] = 00028093fa0680e7 : 704322996699367
@@@ mem[ 2920] = 40f70733ff078793 : 4681218257578330003
@@@ mem[ 2928] = f6c378e300f60633 : 17781188670157882931
@@@ mem[ 2936] = 00000000f3dff06f : 4091539567
@@@
@@@ mem[ 3008] = 00003fc400000004 : 70111046139908
@@@ mem[ 3016] = 0000000000000c34 : 3124
@@@
@@@ mem[ 3040] = 0000000000000005 : 5
@@@ mem[ 3048] = 00000bf000000005 : 13125420056581
@@@ mem[ 3056] = 0000000000000bf0 : 3056
@@@ mem[ 3064] = 0000000400000bf0 : 17179872240
@@@ mem[ 3072] = 00000bf000000053 : 13125420056659
@@@ mem[ 3080] = 0000004100000004 : 279172874244
@@@ mem[ 3088] = 0000000400000bf0 : 17179872240
@@@ mem[ 3096] = 00000bf000000042 : 13125420056642
@@@ mem[ 3104] = 0000004300000004 : 287762808836
@@@ mem[ 3112] = 0000000400000bf0 : 17179872240
@@@ mem[ 3120] = 0000000000000044 : 68
@@@
@@@ mem[19448] = 0000000100000000 : 4294967296
@@@ mem[19456] = 0000000300000002 : 12884901890
@@@ mem[19464] = 0000000000000004 : 4
@@@ mem[19472] = 0000000100000001 : 4294967297
@@@ mem[19480] = 0000000000000001 : 1
@@@ mem[19488] = 0000000000000001 : 1
@@@
@@@ mem[19504] = 0000000100000001 : 4294967297
@@@
@@@ mem[19520] = 0000000100000000 : 4294967296
@@@ mem[19528] = 0000000000000001 : 1
@@@
@@@ mem[19544] = 0000000000000001 : 1
@@@ mem[19552] = 0000000100000001 : 4294967297
@@@ mem[19560] = 0000000000000001 : 1
@@@ mem[19568] = 00000c0c00000c00 : 13245679143936
@@@ mem[19576] = 00000c2400000c18 : 13348758359064
@@@ mem[19584] = 0000000000000c30 : 3120
@@@
@@@ mem[65504] = 00004c8000000000 : 84112639524864
@@@ mem[65512] = 00004c0c00001000 : 83614423322624
@@@
@@@ mem[65528] = 000000a000000000 : 687194767360
@@@
@@@ System halted on WFI instruction
@@@
