
Final memory state and exit status:

@@@ Unified Memory contents hex on left, decimal on right: 
@@@
@@@ mem[    0] = 0000009700000013 : 648540061715
@@@ mem[    8] = 0001011709c08093 : 282673436197011
@@@ mem[   16] = 00010413ff410113 : 285958910050579
@@@ mem[   24] = 7681819300001197 : 8539248836831351191
@@@ mem[   32] = 0000029300000213 : 2830383448595
@@@ mem[   40] = 0000039300000313 : 3929895076627
@@@ mem[   48] = 0000051300000493 : 5579162518675
@@@ mem[   56] = 0000061300000593 : 6678674146707
@@@ mem[   64] = 0000071300000693 : 7778185774739
@@@ mem[   72] = 0000081300000793 : 8877697402771
@@@ mem[   80] = 0000091300000893 : 9977209030803
@@@ mem[   88] = 00000a1300000993 : 11076720658835
@@@ mem[   96] = 00000b1300000a93 : 12176232286867
@@@ mem[  104] = 00000c1300000b93 : 13275743914899
@@@ mem[  112] = 00000d1300000c93 : 14375255542931
@@@ mem[  120] = 00000e1300000d93 : 15474767170963
@@@ mem[  128] = 00000f1300000e93 : 16574278798995
@@@ mem[  136] = 4250006f00000f93 : 4778319681381470099
@@@
@@@ mem[  160] = f601011300010117 : 17726450789423055127
@@@ mem[  168] = 00000013fea12c23 : 85876354083
@@@ mem[  176] = 000017b710500073 : 26075020132467
@@@ mem[  184] = 02f56063fd078793 : 213182539933124499
@@@ mem[  192] = fd078793000057b7 : 18232690681862707127
@@@ mem[  200] = ff85069300a7ea63 : 18412129880015104611
@@@ mem[  208] = fc47a783000017b7 : 18178682601986856887
@@@ mem[  216] = ff01011301c0006f : 18374969135793700975
@@@ mem[  224] = 0010051300112623 : 4509178791011875
@@@ mem[  232] = fb8080e700000097 : 18122626630164676759
@@@ mem[  240] = 00d7f66300070793 : 60788025055446931
@@@ mem[  248] = 00e6ee630007a703 : 65001353613125379
@@@ mem[  256] = fee7e6e30007a703 : 18367903467886323459
@@@ mem[  264] = 00e6e66300d7e863 : 64992557533751395
@@@ mem[  272] = fe1ff06f00070793 : 18311618969444222867
@@@ mem[  280] = 00359713ffc52583 : 15084285916947843
@@@ mem[  288] = 0007a60300e68733 : 2152856667195187
@@@ mem[  296] = fec52c2302c70463 : 18358127984927769699
@@@ mem[  304] = 003617130047a603 : 15225019118888451
@@@ mem[  312] = 02d7086300e78733 : 204641529378604851
@@@ mem[  320] = 0000173700d7a023 : 25525004771363
@@@ mem[  328] = 00008067fcf72223 : 141184114041379
@@@ mem[  336] = 00e585b300462703 : 64604773516977923
@@@ mem[  344] = 0007a703feb52e23 : 2153960437001763
@@@ mem[  352] = fee52c2300072703 : 18367135184136382211
@@@ mem[  360] = ffc52703fc9ff06f : 18430179948160348271
@@@ mem[  368] = 00c7a22300e60633 : 56191791588050483
@@@ mem[  376] = 00e7a023ff852703 : 65196796091377411
@@@ mem[  384] = 000017b7fc5ff06f : 26078980599919
@@@ mem[  392] = 04a7e863fa47a783 : 335492213360797571
@@@ mem[  400] = 00112623ff010113 : 4827010648047891
@@@ mem[  408] = fa86a703000016b7 : 18052299787687958199
@@@ mem[  416] = fac6a42300a70633 : 18070311025112450611
@@@ mem[  424] = 000016b740a787b3 : 24976319547315
@@@ mem[  432] = ff850513faf6a223 : 18412128234947125795
@@@ mem[  440] = 0087051300a72223 : 38004701029409315
@@@ mem[  448] = ef4080e700000097 : 17239921103200059543
@@@ mem[  456] = fc47a503000017b7 : 18178679853207787447
@@@ mem[  464] = 0101011300c12083 : 72340250143301763
@@@ mem[  472] = 0000051300008067 : 5579162550375
@@@ mem[  480] = 000047b700008067 : 78851304620135
@@@ mem[  488] = ff0101130ca7ea63 : 18374969135976671843
@@@ mem[  496] = 0081242300112623 : 36350004739253795
@@@ mem[  504] = 0005041300912223 : 1411854543954467
@@@ mem[  512] = 0007866300357793 : 2118084600362899
@@@ mem[  520] = 00440413ffc57413 : 19144782358344723
@@@ mem[  528] = 000017b700840493 : 26074755105939
@@@ mem[  536] = 00070663fc47a703 : 1977351341057795
@@@ mem[  544] = 0700006f00072503 : 504403635007333635
@@@ mem[  552] = fc87079300001737 : 18196521147355371319
@@@ mem[  560] = fcf6a223000016b7 : 18227934813036222135
@@@ mem[  568] = 0007a22300f7a023 : 2148596060758051
@@@ mem[  576] = fddff06ffc870713 : 18293604575170987795
@@@ mem[  584] = 409787b302878c63 : 4654337942822030435
@@@ mem[  592] = 0037979300f52223 : 15647781351137827
@@@ mem[  600] = 0085222300f50533 : 37473705637774643
@@@ mem[  608] = fce7a223000017b7 : 18223712688385562551
@@@ mem[  616] = 00c1208300850513 : 54360417526678803
@@@ mem[  624] = 0041248300812403 : 18336018553971715
@@@ mem[  632] = 0000806701010113 : 141179886829843
@@@ mem[  640] = 00f7202300052783 : 69559653943814019
@@@ mem[  648] = 00050713fd9ff06f : 1415157324443759
@@@ mem[  656] = 0045278300052503 : 19465216987571459
@@@ mem[  664] = 000017b7fa87f8e3 : 26078949669091
@@@ mem[  672] = fea794e3fc47a783 : 18349798913655416707
@@@ mem[  680] = 0000009700048513 : 648540357907
@@@ mem[  688] = fc051ce3ed8080e7 : 18159952837709168871
@@@ mem[  696] = 00000513fb5ff06f : 5583379886191
@@@ mem[  704] = ff01011300008067 : 18374969135764373607
@@@ mem[  712] = 0081242300112623 : 36350004739253795
@@@ mem[  720] = 0005049300912223 : 1412404299768355
@@@ mem[  728] = f0c080e700000097 : 17348007494256951447
@@@ mem[  736] = 0004861300050413 : 1273316069671955
@@@ mem[  744] = 0000109700000593 : 18240726107539
@@@ mem[  752] = 00040513b8c080e7 : 1131482168983783
@@@ mem[  760] = 0081240300c12083 : 36349867311833219
@@@ mem[  768] = 0101011300412483 : 72340250134914179
@@@ mem[  776] = 0000173700008067 : 25524990672999
@@@ mem[  784] = 0017f693fa072783 : 6745039879743363
@@@ mem[  792] = faf720230017d793 : 18083958163427022739
@@@ mem[  800] = 0000b73700068c63 : 201446851513443
@@@ mem[  808] = 00e7c7b340070713 : 65240292307437331
@@@ mem[  816] = faf7202300001737 : 18083958163425466167
@@@ mem[  824] = fa07a503000017b7 : 18016550266622449591
@@@ mem[  832] = 0005446300008067 : 1482566876037223
@@@ mem[  840] = 0000051300008067 : 5579162550375
@@@ mem[  848] = fd010113ff9ff06f : 18230853951977156719
@@@ mem[  856] = 0281242302112623 : 180465192848664099
@@@ mem[  864] = 0321202302912223 : 225496791084245539
@@@ mem[  872] = 01412c2301312e23 : 90401996379598371
@@@ mem[  880] = 0161282301512a23 : 99404797589924387
@@@ mem[  888] = 0181242301712623 : 108407598800250403
@@@ mem[  896] = 00058c1300050993 : 1561388116150675
@@@ mem[  904] = 00068b9300060913 : 1842313337112851
@@@ mem[  912] = 00078b1300070493 : 2123238558074003
@@@ mem[  920] = 00000a1300080a93 : 11076721183379
@@@ mem[  928] = 060a88630140006f : 435310272798785647
@@@ mem[  936] = 06fa8e6300100793 : 502870864259188627
@@@ mem[  944] = 096a5463001a0a13 : 678447478052882963
@@@ mem[  952] = 002a1793000a0613 : 11847869150135827
@@@ mem[  960] = 00fc07b300fb8433 : 70940159528109107
@@@ mem[  968] = 00f420230007a783 : 68715229013845891
@@@ mem[  976] = fc9758e300000713 : 18201114151021971219
@@@ mem[  984] = 00c888b300261893 : 56445297725151379
@@@ mem[  992] = 011988b300289893 : 79244770838878355
@@@ mem[ 1000] = 00f888b300271793 : 69956096607328147
@@@ mem[ 1008] = 00f907b30008a683 : 70095734582060675
@@@ mem[ 1016] = 02f686b30007a783 : 213506135704446851
@@@ mem[ 1024] = 00d787b300042783 : 60666322861959043
@@@ mem[ 1032] = 0017071300f42023 : 6481702666117155
@@@ mem[ 1040] = 00042503fc5ff06f : 1166598956118127
@@@ mem[ 1048] = f2c080e700000097 : 17492122682332807319
@@@ mem[ 1056] = f8dff06f00a42023 : 17933316600755396643
@@@ mem[ 1064] = 0000009700042503 : 648540333315
@@@ mem[ 1072] = 00a42023f18080e7 : 46197234928222439
@@@ mem[ 1080] = 02c12083f79ff06f : 198475609748271215
@@@ mem[ 1088] = 0241248302812403 : 162451206663382019
@@@ mem[ 1096] = 01c1298302012903 : 126427907194169603
@@@ mem[ 1104] = 01412a8301812a03 : 90400209678445059
@@@ mem[ 1112] = 00c12b8301012b03 : 54372512162720515
@@@ mem[ 1120] = 0301011300812c03 : 216455438214966275
@@@ mem[ 1128] = ff01011300008067 : 18374969135764373607
@@@ mem[ 1136] = 0081242300112623 : 36350004739253795
@@@ mem[ 1144] = 0121202300912223 : 81381602974835235
@@@ mem[ 1152] = 0005849300050913 : 1553141778942227
@@@ mem[ 1160] = 0294546300000413 : 185866268807529491
@@@ mem[ 1168] = e7c080e700000097 : 16699489147915600023
@@@ mem[ 1176] = 0024171300f57793 : 10158469549488019
@@@ mem[ 1184] = ffb7879300e90733 : 18426345465854887731
@@@ mem[ 1192] = 0014041300f72023 : 5633979201298467
@@@ mem[ 1200] = 00c12083fddff06f : 54360421777272943
@@@ mem[ 1208] = 0041248300812403 : 18336018553971715
@@@ mem[ 1216] = 0101011300012903 : 72340250130721027
@@@ mem[ 1224] = fe01011300008067 : 18302911541726445671
@@@ mem[ 1232] = 00812c2300112e23 : 36358800832278051
@@@ mem[ 1240] = 0121282300912a23 : 81390399067859491
@@@ mem[ 1248] = 0141242301312623 : 90393200286574115
@@@ mem[ 1256] = 0161202301512223 : 99396001496900131
@@@ mem[ 1264] = 00058b1300050993 : 1560288604522899
@@@ mem[ 1272] = 00068a9300060913 : 1841213825485075
@@@ mem[ 1280] = 0080006f00000a13 : 36029273760336403
@@@ mem[ 1288] = 075a5063001a0a13 : 529824292303145491
@@@ mem[ 1296] = dfc080e700000097 : 16123028395612176535
@@@ mem[ 1304] = 000a049300f57513 : 2819779189896467
@@@ mem[ 1312] = 00fb07b3002a1793 : 70658684537673619
@@@ mem[ 1320] = 00a7a023ffb50513 : 47182397585032467
@@@ mem[ 1328] = fd245ae300000413 : 18240804321761428499
@@@ mem[ 1336] = dd4080e700000097 : 15942884410517356695
@@@ mem[ 1344] = 0024979300f57513 : 10299756793656595
@@@ mem[ 1352] = 00279793009787b3 : 11144181717632947
@@@ mem[ 1360] = ffb5051300f987b3 : 18425639029635123123
@@@ mem[ 1368] = 00e787b300241713 : 65169922491422483
@@@ mem[ 1376] = 0014041300a7a023 : 5633979196088355
@@@ mem[ 1384] = 01c12083fcdff06f : 126418015798423663
@@@ mem[ 1392] = 0141248301812403 : 90393612608676867
@@@ mem[ 1400] = 00c1298301012903 : 54370313139464451
@@@ mem[ 1408] = 00412a8300812a03 : 18342615623739907
@@@ mem[ 1416] = 0201011300012b03 : 144397844168649475
@@@ mem[ 1424] = 0005069300008067 : 1414603313545319
@@@ mem[ 1432] = 0010079300000513 : 4511927568958739
@@@ mem[ 1440] = 001787930080006f : 6622989902676079
@@@ mem[ 1448] = 0025171302b7d463 : 10439944555713635
@@@ mem[ 1456] = 0007260300e68733 : 2012119178839859
@@@ mem[ 1464] = 00e6873300279713 : 64887897759127315
@@@ mem[ 1472] = fee650e300072703 : 18367457066165413635
@@@ mem[ 1480] = fd9ff06f00078513 : 18275590172425291027
@@@ mem[ 1488] = fb01011300008067 : 18086738759612661863
@@@ mem[ 1496] = 0481242304112623 : 324580380958074403
@@@ mem[ 1504] = 0521202304912223 : 369611979193655843
@@@ mem[ 1512] = 03412c2303312e23 : 234517184489008675
@@@ mem[ 1520] = 0361282303512a23 : 243519985699334691
@@@ mem[ 1528] = 0381242303712623 : 252522786909660707
@@@ mem[ 1536] = 03a1202303912223 : 261525588119986723
@@@ mem[ 1544] = 00050c1301b12e23 : 1420650655854115
@@@ mem[ 1552] = 00060b9300b12223 : 1701575859970595
@@@ mem[ 1560] = 00070c9300d12423 : 1984150350406691
@@@ mem[ 1568] = 00080b1300f12623 : 2263976061773347
@@@ mem[ 1576] = 0501298300088a93 : 360615087784364691
@@@ mem[ 1584] = 05812d8305412a03 : 396648282937436675
@@@ mem[ 1592] = 010787b3001a1793 : 74177121745508243
@@@ mem[ 1600] = 4137d7b3411787b3 : 4699461901075580851
@@@ mem[ 1608] = 00f1202300178793 : 67870804084754323
@@@ mem[ 1616] = 1cc0006f00000d13 : 2071656305331801363
@@@ mem[ 1624] = 0024179300000813 : 10159019289217043
@@@ mem[ 1632] = 009787b3008787b3 : 42651924361086899
@@@ mem[ 1640] = 00f907b300279793 : 70095734584088467
@@@ mem[ 1648] = 00a7a02301050533 : 47182393312085299
@@@ mem[ 1656] = 0d57506300170713 : 961325431600383763
@@@ mem[ 1664] = 008787b300241793 : 38148324727199635
@@@ mem[ 1672] = 00279793009787b3 : 11144181717632947
@@@ mem[ 1680] = 0007a50300f907b3 : 2151757156779955
@@@ mem[ 1688] = 00d787b3033407b3 : 60666322915428275
@@@ mem[ 1696] = fa07cae3414787b3 : 18016591911720552371
@@@ mem[ 1704] = 00e8083303348833 : 65311209787000883
@@@ mem[ 1712] = 0608486341480833 : 434676955175454771
@@@ mem[ 1720] = 07685c630767da63 : 533778136239168099
@@@ mem[ 1728] = 031608b306400893 : 222374796598446227
@@@ mem[ 1736] = 00279313011b88b3 : 11139233923958963
@@@ mem[ 1744] = 0107883300f307b3 : 74177671515539379
@@@ mem[ 1752] = 0108883300281813 : 74459146478950419
@@@ mem[ 1760] = 1f40089300082803 : 2251809241138997251
@@@ mem[ 1768] = 011c08b3031588b3 : 79948458329737395
@@@ mem[ 1776] = 00d787b300269793 : 60666322864215955
@@@ mem[ 1784] = 00c3033300161313 : 54891138038240019
@@@ mem[ 1792] = 00c3033300331313 : 54891138040140563
@@@ mem[ 1800] = 00e787b3006787b3 : 65169922495842227
@@@ mem[ 1808] = 00f887b300279793 : 69954997095733139
@@@ mem[ 1816] = 02f808330007a783 : 213929997436954499
@@@ mem[ 1824] = 00000813f3dff06f : 8881788940399
@@@ mem[ 1832] = 00000813f35ff06f : 8881780551791
@@@ mem[ 1840] = 00000813f2dff06f : 8881772163183
@@@ mem[ 1848] = 00168693f25ff06f : 6340419472322671
@@@ mem[ 1856] = 000007130156d663 : 7778208241251
@@@ mem[ 1864] = 00160613f35ff06f : 6199132244930671
@@@ mem[ 1872] = 0000069301965663 : 7228456588899
@@@ mem[ 1880] = 040d8e63fe9ff06f : 292046110973751407
@@@ mem[ 1888] = 06fd8e6300100793 : 503715289189320595
@@@ mem[ 1896] = 0001278300148493 : 324918572254355
@@@ mem[ 1904] = 000d059308f4dc63 : 3665303765834851
@@@ mem[ 1912] = 032d093306400913 : 228849270818605331
@@@ mem[ 1920] = 0127893300812783 : 83185970274445187
@@@ mem[ 1928] = 00412703002d1793 : 18338767327532947
@@@ mem[ 1936] = 0007a70300f707b3 : 2153956179904435
@@@ mem[ 1944] = 008787b300241793 : 38148324727199635
@@@ mem[ 1952] = 00279793009787b3 : 11144181717632947
@@@ mem[ 1960] = 00e7a02300f907b3 : 65196791820781491
@@@ mem[ 1968] = f9dff06f00000613 : 18005374194782570003
@@@ mem[ 1976] = 008787b300241793 : 38148324727199635
@@@ mem[ 1984] = 00279793009787b3 : 11144181717632947
@@@ mem[ 1992] = 0009250300f90933 : 2573969621846323
@@@ mem[ 2000] = b74080e700000097 : 13204695837076095127
@@@ mem[ 2008] = f8dff06f00a92023 : 17933316600755724323
@@@ mem[ 2016] = 008787b300241793 : 38148324727199635
@@@ mem[ 2024] = 00279793009787b3 : 11144181717632947
@@@ mem[ 2032] = 0009250300f90933 : 2573969621846323
@@@ mem[ 2040] = b4c080e700000097 : 13024551851981275287
@@@ mem[ 2048] = f65ff06f00a92023 : 17753172615660904483
@@@ mem[ 2056] = 0001278300140413 : 324918572221459
@@@ mem[ 2064] = 0000049300f45663 : 5029422716515
@@@ mem[ 2072] = 001d0d13f55ff06f : 8177153696854127
@@@ mem[ 2080] = 00fd566300c12783 : 71308152322205571
@@@ mem[ 2088] = fe1ff06f00000413 : 18311618969443763219
@@@ mem[ 2096] = 0481240304c12083 : 324580243530653827
@@@ mem[ 2104] = 0401290304412483 : 288556944061441155
@@@ mem[ 2112] = 03812a0303c12983 : 252529246545717635
@@@ mem[ 2120] = 03012b0303412a83 : 216501549029993091
@@@ mem[ 2128] = 02812c0302c12b83 : 180473851514268547
@@@ mem[ 2136] = 02012d0302412c83 : 144446153998544003
@@@ mem[ 2144] = 0501011301c12d83 : 360570626311794051
@@@ mem[ 2152] = ff01011300008067 : 18374969135764373607
@@@ mem[ 2160] = 0091242300812623 : 40853604373964323
@@@ mem[ 2168] = 00058e9300050e13 : 1564136895221267
@@@ mem[ 2176] = 0007029300060f13 : 1973155220819731
@@@ mem[ 2184] = 0008831300078f93 : 2395917441798035
@@@ mem[ 2192] = 00d8083300181813 : 60807610107435027
@@@ mem[ 2200] = 40f4d4b340e804b3 : 4680599779097969843
@@@ mem[ 2208] = 0000041300148493 : 4479652234387
@@@ mem[ 2216] = 064007931a00006f : 450368291114844271
@@@ mem[ 2224] = 00fe063302f407b3 : 71501460247152563
@@@ mem[ 2232] = 03f8873303f805b3 : 286127229517694387
@@@ mem[ 2240] = 0025969300fe87b3 : 10580132259334067
@@@ mem[ 2248] = 00e6873300b686b3 : 64887897768494771
@@@ mem[ 2256] = 00e6073300271713 : 64747160270739219
@@@ mem[ 2264] = 0028171300072683 : 11284369440712323
@@@ mem[ 2272] = 0117073301070733 : 78539434144237363
@@@ mem[ 2280] = 00e787b300271713 : 65169922491619091
@@@ mem[ 2288] = 1040006f00d7a023 : 1170936379871830051
@@@ mem[ 2296] = 02f407b306400793 : 212803547878655891
@@@ mem[ 2304] = 0028171300fe87b3 : 11284369456924595
@@@ mem[ 2312] = 0117073301070733 : 78539434144237363
@@@ mem[ 2320] = 00e787b300271713 : 65169922491619091
@@@ mem[ 2328] = 0dc0006f0007a023 : 990792394763378723
@@@ mem[ 2336] = 0028179300ee8733 : 11284919211689779
@@@ mem[ 2344] = 011787b3010787b3 : 78680721388439475
@@@ mem[ 2352] = 00f707b300279793 : 69532784630667155
@@@ mem[ 2360] = 00d5d4630007a583 : 60187691706721667
@@@ mem[ 2368] = 0028179300068593 : 11284919196485011
@@@ mem[ 2376] = 011787b3010787b3 : 78680721388439475
@@@ mem[ 2384] = 00f7073300279793 : 69532234874853267
@@@ mem[ 2392] = 0016061300b72023 : 6199128173781027
@@@ mem[ 2400] = 0640071306565663 : 450367741029144163
@@@ mem[ 2408] = 00ee05b302e40733 : 66997310862919475
@@@ mem[ 2416] = 007786b303f807b3 : 33643625652422579
@@@ mem[ 2424] = 00c7853303f887b3 : 56159974521866163
@@@ mem[ 2432] = 00d787b300269793 : 60666322864215955
@@@ mem[ 2440] = 0027979300a787b3 : 11144181718681523
@@@ mem[ 2448] = 0007a68300f587b3 : 2153406423992243
@@@ mem[ 2456] = 00100793f80304e3 : 4511931729904867
@@@ mem[ 2464] = 00ee8733faf31ee3 : 67139701780455139
@@@ mem[ 2472] = 010787b300281793 : 74177121746425747
@@@ mem[ 2480] = 00279793011787b3 : 11144181726021555
@@@ mem[ 2488] = 0007278300f70733 : 2013768447362867
@@@ mem[ 2496] = 00d7202300d786b3 : 60552454702859955
@@@ mem[ 2504] = 00138393f95ff06f : 5492696124747887
@@@ mem[ 2512] = 000006130053d663 : 6678679639651
@@@ mem[ 2520] = 00100793f89ff06f : 4511931740188783
@@@ mem[ 2528] = 0018889302f30063 : 6905564432105571
@@@ mem[ 2536] = ec0300e30498d663 : 17006437592915826275
@@@ mem[ 2544] = f0f302e300100793 : 17362224162425276307
@@@ mem[ 2552] = fd5ff06f00000393 : 18257575773915317139
@@@ mem[ 2560] = 02f407b306400793 : 212803547878655891
@@@ mem[ 2568] = 0028171300fe87b3 : 11284369456924595
@@@ mem[ 2576] = 0117073301070733 : 78539434144237363
@@@ mem[ 2584] = 00e787b300271713 : 65169922491619091
@@@ mem[ 2592] = 025286b30007a703 : 167344239523899139
@@@ mem[ 2600] = 00e7a02340d70733 : 65196792892294963
@@@ mem[ 2608] = 00180813fb5ff06f : 6764281355825263
@@@ mem[ 2616] = 0000089300985663 : 9427463198307
@@@ mem[ 2624] = 00140413fa9ff06f : 5633983389888623
@@@ mem[ 2632] = 0000081301e45663 : 8877729142371
@@@ mem[ 2640] = 00c12403fe9ff06f : 54364270080553071
@@@ mem[ 2648] = 0101011300812483 : 72340250139108483
@@@ mem[ 2656] = fe01011300008067 : 18302911541726445671
@@@ mem[ 2664] = 00812c2300112e23 : 36358800832278051
@@@ mem[ 2672] = 0121282300912a23 : 81390399067859491
@@@ mem[ 2680] = 0141242301312623 : 90393200286574115
@@@ mem[ 2688] = 00050a1301512223 : 1418451626304035
@@@ mem[ 2696] = 0006091300058a93 : 1698827069655699
@@@ mem[ 2704] = 0540006f00000993 : 378302845440493971
@@@ mem[ 2712] = 0524d46300148493 : 370654591019418771
@@@ mem[ 2720] = ff245ae300000413 : 18384919509837284371
@@@ mem[ 2728] = 864080e700000097 : 9673873729217626263
@@@ mem[ 2736] = 0640079300f57513 : 450368290694722835
@@@ mem[ 2744] = 00fa07b302f987b3 : 70377209608112051
@@@ mem[ 2752] = 00249713ffb50513 : 10299211311809811
@@@ mem[ 2760] = 0087073300970733 : 38007037490562867
@@@ mem[ 2768] = 00e787b300271713 : 65169922491619091
@@@ mem[ 2776] = 0014041300a7a023 : 5633979196088355
@@@ mem[ 2784] = 00198993fc5ff06f : 7188143105110127
@@@ mem[ 2792] = 000004930159d663 : 5029429368419
@@@ mem[ 2800] = 01c12083fadff06f : 126418015764869231
@@@ mem[ 2808] = 0141248301812403 : 90393612608676867
@@@ mem[ 2816] = 00c1298301012903 : 54370313139464451
@@@ mem[ 2824] = 00412a8300812a03 : 18342615623739907
@@@ mem[ 2832] = 0000806702010113 : 141179903607059
@@@ mem[ 2840] = 02112623fd010113 : 148942198690349331
@@@ mem[ 2848] = 0291222302812423 : 184966593460118563
@@@ mem[ 2856] = 01312e2303212023 : 85900595807985699
@@@ mem[ 2864] = 01512a2301412c23 : 94903396984761379
@@@ mem[ 2872] = 0171262301612823 : 103906198195087395
@@@ mem[ 2880] = 0191222301812423 : 112908999405413411
@@@ mem[ 2888] = 00058c9300050a93 : 1561937871964819
@@@ mem[ 2896] = 00068c1300060b13 : 1842863092927251
@@@ mem[ 2904] = 00000b9300070993 : 12725988559251
@@@ mem[ 2912] = 001909130780006f : 7046851752624239
@@@ mem[ 2920] = 0000041305395e63 : 4479738535523
@@@ mem[ 2928] = fffff097ff345ae3 : 18446727134345190115
@@@ mem[ 2936] = 00f57513798080e7 : 69090095797403879
@@@ mem[ 2944] = 02fa07b31f400793 : 214492398158350227
@@@ mem[ 2952] = ffb5051300fa8733 : 18425639029635188531
@@@ mem[ 2960] = 012787b300291793 : 83184321001232275
@@@ mem[ 2968] = 009686b300149693 : 42369349865215635
@@@ mem[ 2976] = 009686b300369693 : 42369349867443859
@@@ mem[ 2984] = 008787b300d787b3 : 38148324738959283
@@@ mem[ 2992] = 00f707b300279793 : 69532784630667155
@@@ mem[ 3000] = 0014041300a7a023 : 5633979196088355
@@@ mem[ 3008] = 00148493fb1ff06f : 5775270642446447
@@@ mem[ 3016] = 000009130164d663 : 9977232414307
@@@ mem[ 3024] = 001b8b93f99ff06f : 7753292035649647
@@@ mem[ 3032] = fffff097038bd663 : 18446727130123064931
@@@ mem[ 3040] = 00f57793730080e7 : 69092844467421415
@@@ mem[ 3048] = 002b9713000b8a13 : 12269531859487251
@@@ mem[ 3056] = ffb7879300ec8733 : 18426345465855117107
@@@ mem[ 3064] = 0000049300f72023 : 5029422899235
@@@ mem[ 3072] = 02c12083fc9ff06f : 198475609832157295
@@@ mem[ 3080] = 0241248302812403 : 162451206663382019
@@@ mem[ 3088] = 01c1298302012903 : 126427907194169603
@@@ mem[ 3096] = 01412a8301812a03 : 90400209678445059
@@@ mem[ 3104] = 00c12b8301012b03 : 54372512162720515
@@@ mem[ 3112] = 00412c8300812c03 : 18344814646995971
@@@ mem[ 3120] = 0000806703010113 : 141179920384275
@@@ mem[ 3128] = 0640006f00000e13 : 450360439478423059
@@@ mem[ 3136] = 04c35c6300130313 : 343219576883053331
@@@ mem[ 3144] = fec8dae300000893 : 18359164549468260499
@@@ mem[ 3152] = 02ee073306400713 : 211114148262577939
@@@ mem[ 3160] = 02ce07b300e50733 : 202107498673801011
@@@ mem[ 3168] = 02c3083302c787b3 : 199011823717418931
@@@ mem[ 3176] = 011787b3010787b3 : 78680721388439475
@@@ mem[ 3184] = 00f687b300279793 : 69392047142311827
@@@ mem[ 3192] = 0068083300231813 : 29282412716562451
@@@ mem[ 3200] = 0028181301180833 : 11285468970223667
@@@ mem[ 3208] = 0007270301070733 : 2013218692597555
@@@ mem[ 3216] = 0018889300e7a023 : 6905564397805603
@@@ mem[ 3224] = 001e0e13fb5ff06f : 8459728285855855
@@@ mem[ 3232] = 0000031300be5663 : 3380151735907
@@@ mem[ 3240] = 00008067f9dff06f : 141184062189679
@@@ mem[ 3248] = 7e11262381010113 : 9084083857313038611
@@@ mem[ 3256] = 7e9122237e812423 : 9120108256243557411
@@@ mem[ 3264] = 7d312e237f212023 : 9021042258591424547
@@@ mem[ 3272] = 7d512a237d412c23 : 9030045059768200227
@@@ mem[ 3280] = 00000a1396010113 : 11079237304595
@@@ mem[ 3288] = fffff43716c0006f : 18446731116174901359
@@@ mem[ 3296] = 00001ab739440493 : 29374242096275
@@@ mem[ 3304] = 002787b3e70a8793 : 11126730836838291
@@@ mem[ 3312] = 00500613009784b3 : 22524676820927667
@@@ mem[ 3320] = 0004851300500593 : 1272216562959763
@@@ mem[ 3328] = d64080e700000097 : 15438481252251861143
@@@ mem[ 3336] = e70a879358840993 : 16648268039443450259
@@@ mem[ 3344] = 013789b3002787b3 : 87690119651755955
@@@ mem[ 3352] = e70a879359c40913 : 16648268039464421651
@@@ mem[ 3360] = 01278933002787b3 : 83185970268571571
@@@ mem[ 3368] = 0050069300200713 : 22525226568910611
@@@ mem[ 3376] = 0009859300500613 : 2680141202327059
@@@ mem[ 3384] = 0000009700090513 : 648540652819
@@@ mem[ 3392] = 1a040413ddc080e7 : 1874627828264239335
@@@ mem[ 3400] = 002787b3e70a8793 : 11126730836838291
@@@ mem[ 3408] = 0020079300878433 : 9015527205209139
@@@ mem[ 3416] = 0001222300f12423 : 319008711713827
@@@ mem[ 3424] = 00f1202300100793 : 67870804084262803
@@@ mem[ 3432] = 0050081300200893 : 22526875836352659
@@@ mem[ 3440] = 0050071300500793 : 22525776327870355
@@@ mem[ 3448] = 0004861300040693 : 1273316069607059
@@@ mem[ 3456] = 0009051300098593 : 2538853953537427
@@@ mem[ 3464] = 84c080e700000097 : 9565787338160734359
@@@ mem[ 3472] = 0000081300000893 : 8877697403027
@@@ mem[ 3480] = 0020071300200793 : 9014977442613139
@@@ mem[ 3488] = 0050061300400693 : 22524676815193747
@@@ mem[ 3496] = 0004051300048593 : 1131479069656467
@@@ mem[ 3504] = abc080e700000097 : 12376033505639923863
@@@ mem[ 3512] = de4a8693000a8413 : 16017762990615594003
@@@ mem[ 3520] = 00100613002686b3 : 4510278304040627
@@@ mem[ 3528] = 0004851300500593 : 1272216562959763
@@@ mem[ 3536] = e68080e700000097 : 16609417155368190103
@@@ mem[ 3544] = de4a851300500593 : 16017761341352707475
@@@ mem[ 3552] = fffff09700250533 : 18446727130065995059
@@@ mem[ 3560] = 00500693688080e7 : 22525228320063719
@@@ mem[ 3568] = df8a859300500613 : 16107833883655931411
@@@ mem[ 3576] = e0ca8513002585b3 : 16197905326444742067
@@@ mem[ 3584] = fffff09700250533 : 18446727130065995059
@@@ mem[ 3592] = 000008136c8080e7 : 8879517761767
@@@ mem[ 3600] = 0050071300500793 : 22525776327870355
@@@ mem[ 3608] = 00d106b3dd0a8693 : 58835639709894291
@@@ mem[ 3616] = 00260633de4a8613 : 10702868957529619
@@@ mem[ 3624] = 002585b3df8a8593 : 10561581734331795
@@@ mem[ 3632] = 00250533e0ca8513 : 10420294511133971
@@@ mem[ 3640] = 51c080e7fffff097 : 5890850046521372823
@@@ mem[ 3648] = 00200793001a0a13 : 9015527198034451
@@@ mem[ 3656] = 00000513e947dae3 : 5583076317923
@@@ mem[ 3664] = 7ec120836a010113 : 9133617268075331859
@@@ mem[ 3672] = 7e4124837e812403 : 9097592869446820867
@@@ mem[ 3680] = 7dc129837e012903 : 9061569569977608451
@@@ mem[ 3688] = 7d412a837d812a03 : 9025541872461883907
@@@ mem[ 3696] = 000080677f010113 : 141182000759059
@@@ mem[ 3704] = 0005071300f00313 : 1415153085055763
@@@ mem[ 3712] = 00f7779302c37e63 : 69655792537796195
@@@ mem[ 3720] = 080592630a079063 : 578029081254662243
@@@ mem[ 3728] = 00f67613ff067693 : 69372672525891219
@@@ mem[ 3736] = 00b7202300e686b3 : 51545255449102003
@@@ mem[ 3744] = 00b7242300b72223 : 51549653492507171
@@@ mem[ 3752] = 0107071300b72623 : 74035697072678435
@@@ mem[ 3760] = 00061463fed766e3 : 1711269570111203
@@@ mem[ 3768] = 40c306b300008067 : 4666581004754911335
@@@ mem[ 3776] = 0000029700269693 : 2847565846163
@@@ mem[ 3784] = 00c68067005686b3 : 55873225264367283
@@@ mem[ 3792] = 00b706a300b70723 : 51517217899480867
@@@ mem[ 3800] = 00b705a300b70623 : 51516118387852835
@@@ mem[ 3808] = 00b704a300b70523 : 51515018876224803
@@@ mem[ 3816] = 00b703a300b70423 : 51513919364596771
@@@ mem[ 3824] = 00b702a300b70323 : 51512819852968739
@@@ mem[ 3832] = 00b701a300b70223 : 51511720341340707
@@@ mem[ 3840] = 00b700a300b70123 : 51510620829712675
@@@ mem[ 3848] = 0000806700b70023 : 141179881979939
@@@ mem[ 3856] = 008596930ff5f593 : 37601730274653587
@@@ mem[ 3864] = 0105969300d5e5b3 : 73630527039858099
@@@ mem[ 3872] = f6dff06f00d5e5b3 : 17789201412682802611
@@@ mem[ 3880] = 0000029700279693 : 2847565911699
@@@ mem[ 3888] = 00008293005686b3 : 143567877473971
@@@ mem[ 3896] = 00028093fa0680e7 : 704322996699367
@@@ mem[ 3904] = 40f70733ff078793 : 4681218257578330003
@@@ mem[ 3912] = f6c378e300f60633 : 17781188670157882931
@@@ mem[ 3920] = 00000000f3dff06f : 4091539567
@@@
@@@ mem[ 4000] = 000040000000248b : 70368744187019
@@@ mem[ 4008] = 0000000000000fd0 : 4048
@@@
@@@ mem[61728] = 0000f56800000002 : 269827025403906
@@@ mem[61736] = 000000050000f180 : 21474898304
@@@
@@@ mem[61776] = 0000100000000000 : 17592186044416
@@@ mem[61784] = 0000f56800000002 : 269827025403906
@@@ mem[61792] = 0000f3740000f57c : 267679541818748
@@@ mem[61800] = 00000e4000001000 : 15668040699904
@@@ mem[61808] = 0000000000000001 : 1
@@@ mem[61816] = 0000000000000002 : 2
@@@ mem[61824] = 0000006b0000009a : 459561500826
@@@
@@@ mem[61840] = 0000009e00000000 : 678604832768
@@@ mem[61848] = 0000000000000027 : 39
@@@
@@@ mem[61920] = 000000aa00000000 : 730144440320
@@@ mem[61928] = 0000000000000188 : 392
@@@
@@@ mem[61944] = 00000183000000bf : 1662152343743
@@@
@@@ mem[62024] = 00000059ffffffdc : 386547056604
@@@
@@@ mem[62040] = 0000004900000000 : 313532612608
@@@ mem[62048] = 000000000000009f : 159
@@@
@@@ mem[62120] = 000000bb00000000 : 803158884352
@@@ mem[62128] = 0000000000000100 : 256
@@@
@@@ mem[62144] = 0000009600000030 : 644245094448
@@@
@@@ mem[62224] = ffffffccffffff98 : 18446743854666219416
@@@
@@@ mem[62240] = 0000002800000000 : 171798691840
@@@ mem[62248] = 0000000000000091 : 145
@@@
@@@ mem[62320] = 0000009e00000000 : 678604832768
@@@ mem[62328] = 00000003fffffffb : 17179869179
@@@ mem[62336] = 00000005ffffffff : 25769803775
@@@ mem[62344] = 0000000100000008 : 4294967304
@@@ mem[62352] = 0000000000000006 : 6
@@@ mem[62360] = fffffffcfffffffd : 18446744060824649725
@@@ mem[62368] = 0000000700000003 : 30064771075
@@@ mem[62376] = fffffffe00000001 : 18446744065119617025
@@@ mem[62384] = fffffffbfffffffc : 18446744056529682428
@@@ mem[62392] = ffffffff00000003 : 18446744069414584323
@@@ mem[62400] = 0000000000000005 : 5
@@@ mem[62408] = 00000004fffffffd : 21474836477
@@@ mem[62416] = 00000005ffffffff : 25769803775
@@@ mem[62424] = 0000000500000188 : 21474836872
@@@ mem[62432] = 0000000100000008 : 4294967304
@@@ mem[62440] = fffffffcfffffffe : 18446744060824649726
@@@ mem[62448] = 0000000700000003 : 30064771075
@@@ mem[62456] = 0000000200000009 : 8589934601
@@@ mem[62464] = 0000000800000006 : 34359738374
@@@ mem[62472] = 0000000600000001 : 25769803777
@@@ mem[62480] = 0000000900000008 : 38654705672
@@@ mem[62488] = 000000020000000a : 8589934602
@@@ mem[62496] = fffffffcfffffffe : 18446744060824649726
@@@ mem[62504] = 00000003fffffffb : 17179869179
@@@ mem[62512] = 0000000100000007 : 4294967303
@@@ mem[62520] = 0000009ffffffffe : 687194767358
@@@ mem[62528] = ffffffff00000003 : 18446744069414584323
@@@ mem[62536] = 00000004fffffffd : 21474836477
@@@ mem[62544] = 00000005ffffffff : 25769803775
@@@ mem[62552] = 0000000500000000 : 21474836480
@@@ mem[62560] = 0000000100000008 : 4294967304
@@@ mem[62568] = 0000000000000006 : 6
@@@ mem[62576] = 0000000800000005 : 34359738373
@@@ mem[62584] = fffffffe00000001 : 18446744065119617025
@@@ mem[62592] = 0000000700000004 : 30064771076
@@@ mem[62600] = 0000000600000001 : 25769803777
@@@ mem[62608] = 0000000100000008 : 4294967304
@@@ mem[62616] = 0000000800000006 : 34359738374
@@@ mem[62624] = 0000000a00000100 : 42949673216
@@@ mem[62632] = 000000020000000a : 8589934602
@@@ mem[62640] = fffffffcfffffffe : 18446744060824649726
@@@ mem[62648] = ffffffff00000003 : 18446744069414584323
@@@ mem[62656] = fffffffcfffffffd : 18446744060824649725
@@@ mem[62664] = 00000003fffffffb : 17179869179
@@@ mem[62672] = 00000005ffffffff : 25769803775
@@@ mem[62680] = 0000000900000008 : 38654705672
@@@ mem[62688] = fffffffe00000002 : 18446744065119617026
@@@ mem[62696] = 0000000700000004 : 30064771076
@@@ mem[62704] = 0000000200000009 : 8589934601
@@@ mem[62712] = fffffffcfffffffe : 18446744060824649726
@@@ mem[62720] = 00000091fffffffb : 627065225211
@@@ mem[62728] = 00000003fffffffb : 17179869179
@@@ mem[62736] = 00000005ffffffff : 25769803775
@@@ mem[62744] = 0000000500000000 : 21474836480
@@@ mem[62752] = fffffffd00000000 : 18446744060824649728
@@@ mem[62760] = 00000003fffffffc : 17179869180
@@@ mem[62768] = 0000000100000007 : 4294967303
@@@ mem[62776] = 0000000000000006 : 6
@@@ mem[62784] = 00000004fffffffd : 21474836477
@@@ mem[62792] = fffffffdffffffff : 18446744065119617023
@@@ mem[62800] = ffffffff00000004 : 18446744069414584324
@@@ mem[62808] = 0000000000000005 : 5
@@@ mem[62816] = 0000000800000005 : 34359738373
@@@ mem[62824] = 0000000900000009 : 38654705673
@@@ mem[62832] = 00000003fffffffb : 17179869179
@@@ mem[62840] = 00000002ffffffff : 12884901887
@@@ mem[62848] = 0000000000000006 : 6
@@@
@@@ mem[62864] = fffffffd00000000 : 18446744060824649728
@@@
@@@ mem[62944] = fffffffbfffffffc : 18446744056529682428
@@@
@@@ mem[62960] = 0000000300000000 : 12884901888
@@@ mem[62968] = 0000000000000007 : 7
@@@
@@@ mem[63040] = 0000000100000000 : 4294967296
@@@ mem[63048] = 0000000000000006 : 6
@@@
@@@ mem[63064] = 0000000500000000 : 21474836480
@@@
@@@ mem[63144] = 0000000100000008 : 4294967304
@@@
@@@ mem[63160] = fffffffe00000000 : 18446744065119617024
@@@ mem[63168] = 00000000fffffffc : 4294967292
@@@
@@@ mem[63240] = fffffffb00000000 : 18446744052234715136
@@@ mem[63248] = 00000000fffffffb : 4294967291
@@@
@@@ mem[63264] = 0000000700000003 : 30064771075
@@@
@@@ mem[63344] = 0000000a0000000a : 42949672970
@@@
@@@ mem[63360] = 0000000a00000000 : 42949672960
@@@ mem[63368] = 000000000000000a : 10
@@@
@@@ mem[63440] = 0000000a00000000 : 42949672960
@@@ mem[63448] = 000000000000000a : 10
@@@
@@@ mem[63464] = 0000000a0000000a : 42949672970
@@@
@@@ mem[63544] = 0000000a0000000a : 42949672970
@@@
@@@ mem[63560] = 0000000200000000 : 8589934592
@@@ mem[63568] = 0000000000000006 : 6
@@@
@@@ mem[63640] = 0000000800000000 : 34359738368
@@@ mem[63648] = 0000000000000001 : 1
@@@
@@@ mem[63664] = fffffffcfffffffe : 18446744060824649726
@@@
@@@ mem[63744] = fffffffbfffffffb : 18446744056529682427
@@@
@@@ mem[63760] = fffffffb00000000 : 18446744052234715136
@@@ mem[63768] = 00000000fffffffb : 4294967291
@@@
@@@ mem[63840] = 0000000300000000 : 12884901888
@@@ mem[63848] = 00000000ffffffff : 4294967295
@@@
@@@ mem[63864] = 0000000000000005 : 5
@@@
@@@ mem[63944] = 0000000800000005 : 34359738373
@@@
@@@ mem[63960] = 0000000900000000 : 38654705664
@@@ mem[63968] = 000000000000000a : 10
@@@
@@@ mem[64040] = 0000000200000000 : 8589934592
@@@ mem[64048] = 00000000fffffffe : 4294967294
@@@
@@@ mem[64064] = 00000003fffffffc : 17179869180
@@@
@@@ mem[64144] = fffffffdffffffff : 18446744065119617023
@@@
@@@ mem[64160] = 0000000400000000 : 17179869184
@@@ mem[64168] = 00000000ffffffff : 4294967295
@@@
@@@ mem[64240] = 0000000500000000 : 21474836480
@@@
@@@ mem[64264] = fffffffcfffffffd : 18446744060824649725
@@@
@@@ mem[64344] = fffffffdffffffff : 18446744065119617023
@@@
@@@ mem[64360] = 0000000400000000 : 17179869184
@@@ mem[64368] = 0000000000000007 : 7
@@@
@@@ mem[64440] = 0000000100000000 : 4294967296
@@@ mem[64448] = 00000000fffffffe : 4294967294
@@@
@@@ mem[64464] = 0000000700000004 : 30064771076
@@@
@@@ mem[64544] = 0000000200000009 : 8589934601
@@@
@@@ mem[64560] = 0000000600000000 : 25769803776
@@@ mem[64568] = 0000000000000008 : 8
@@@
@@@ mem[64640] = 0000000900000000 : 38654705664
@@@ mem[64648] = 0000000000000002 : 2
@@@
@@@ mem[64664] = 0000000000000006 : 6
@@@
@@@ mem[64744] = fffffffcfffffffd : 18446744060824649725
@@@
@@@ mem[64760] = fffffffb00000000 : 18446744052234715136
@@@ mem[64768] = 0000000000000003 : 3
@@@
@@@ mem[64840] = 0000000500000000 : 21474836480
@@@ mem[64848] = 0000000000000008 : 8
@@@
@@@ mem[64864] = 0000000a00000009 : 42949672969
@@@
@@@ mem[64944] = 000000020000000a : 8589934602
@@@
@@@ mem[64960] = fffffffe00000000 : 18446744065119617024
@@@ mem[64968] = 00000000fffffffc : 4294967292
@@@
@@@ mem[65040] = fffffffb00000000 : 18446744052234715136
@@@ mem[65048] = 00000000fffffffb : 4294967291
@@@
@@@ mem[65064] = fffffffbfffffffb : 18446744056529682427
@@@
@@@ mem[65144] = fffffffbfffffffb : 18446744056529682427
@@@
@@@ mem[65160] = fffffffb00000000 : 18446744052234715136
@@@ mem[65168] = 0000000000000003 : 3
@@@
@@@ mem[65240] = 0000000700000000 : 30064771072
@@@ mem[65248] = 0000000000000009 : 9
@@@
@@@ mem[65264] = 0000000600000002 : 25769803778
@@@
@@@ mem[65344] = 000000000000000c : 12
@@@ mem[65352] = 000000000000007c : 124
@@@ mem[65360] = 0000000800000000 : 34359738368
@@@ mem[65368] = fffffffe00000001 : 18446744065119617025
@@@ mem[65376] = fffffffbfffffffc : 18446744056529682428
@@@ mem[65384] = 00000007fffffffb : 34359738363
@@@ mem[65392] = fffffffb0000000a : 18446744052234715146
@@@ mem[65400] = 0000000300000000 : 12884901888
@@@ mem[65408] = 0000000100000007 : 4294967303
@@@ mem[65416] = 00000004fffffffe : 21474836478
@@@ mem[65424] = 0000000600000001 : 25769803777
@@@ mem[65432] = 0000000900000008 : 38654705672
@@@ mem[65440] = 0000000a0000000a : 42949672970
@@@ mem[65448] = 000000020000000a : 8589934602
@@@ mem[65456] = fffffffcfffffffe : 18446744060824649726
@@@ mem[65464] = ffffffff00000003 : 18446744069414584323
@@@ mem[65472] = 0000000000000005 : 5
@@@ mem[65480] = fffffffd00000005 : 18446744060824649733
@@@ mem[65488] = 0000000700000004 : 30064771076
@@@ mem[65496] = 0000000600000001 : 25769803777
@@@
@@@ mem[65528] = 000000a000000000 : 687194767360
@@@
@@@ System halted on WFI instruction
@@@
