
Final memory state and exit status:

@@@ Unified Memory contents hex on left, decimal on right: 
@@@
@@@ mem[    0] = 0000009700000013 : 648540061715
@@@ mem[    8] = 0001011709c08093 : 282673436197011
@@@ mem[   16] = 00010413ff410113 : 285958910050579
@@@ mem[   24] = ba81819300001197 : 13439165231410450839
@@@ mem[   32] = 0000029300000213 : 2830383448595
@@@ mem[   40] = 0000039300000313 : 3929895076627
@@@ mem[   48] = 0000051300000493 : 5579162518675
@@@ mem[   56] = 0000061300000593 : 6678674146707
@@@ mem[   64] = 0000071300000693 : 7778185774739
@@@ mem[   72] = 0000081300000793 : 8877697402771
@@@ mem[   80] = 0000091300000893 : 9977209030803
@@@ mem[   88] = 00000a1300000993 : 11076720658835
@@@ mem[   96] = 00000b1300000a93 : 12176232286867
@@@ mem[  104] = 00000c1300000b93 : 13275743914899
@@@ mem[  112] = 00000d1300000c93 : 14375255542931
@@@ mem[  120] = 00000e1300000d93 : 15474767170963
@@@ mem[  128] = 00000f1300000e93 : 16574278798995
@@@ mem[  136] = 2c40006f00000f93 : 3188549012919685011
@@@
@@@ mem[  160] = f601011300010117 : 17726450789423055127
@@@ mem[  168] = 00000013fea12c23 : 85876354083
@@@ mem[  176] = 0020079310500073 : 9015527470006387
@@@ mem[  184] = 0205ce6302a7ec63 : 145749487601052771
@@@ mem[  192] = 0015179304b7c063 : 5936894717706339
@@@ mem[  200] = 0025151300a78533 : 10437745497834803
@@@ mem[  208] = 0025959300a60633 : 10579032741905971
@@@ mem[  216] = 0005a70300b605b3 : 1591006222222771
@@@ mem[  224] = 02f70263fff00793 : 213642135842326419
@@@ mem[  232] = 0000806700000513 : 141179869988115
@@@ mem[  240] = 0000806700000513 : 141179869988115
@@@ mem[  248] = 0000806700000513 : 141179869988115
@@@ mem[  256] = 0000806700000513 : 141179869988115
@@@ mem[  264] = 0000806700100513 : 141179871036691
@@@ mem[  272] = 02112623fd010113 : 148942198690349331
@@@ mem[  280] = 0291222302812423 : 184966593460118563
@@@ mem[  288] = 01312e2303212023 : 85900595807985699
@@@ mem[  296] = 01512a2301412c23 : 94903396984761379
@@@ mem[  304] = 0171262301612823 : 103906198195087395
@@@ mem[  312] = 0191222301812423 : 112908999405413411
@@@ mem[  320] = 0090079300078a93 : 40540724588415635
@@@ mem[  328] = 00050b130ef60863 : 1419551366842467
@@@ mem[  336] = 00060c1300058b93 : 1702125604539283
@@@ mem[  344] = 00070a1300068993 : 1981401558059411
@@@ mem[  352] = 0080006f00000913 : 36029273760336147
@@@ mem[  360] = 0070079300190913 : 31533525334821139
@@@ mem[  368] = 002918130927c863 : 11566944082184291
@@@ mem[  376] = 0007a483010a07b3 : 2151207402080179
@@@ mem[  384] = 010a8833016484b3 : 75022096453108915
@@@ mem[  392] = 0174043300082403 : 104713308426740739
@@@ mem[  400] = 0004059300098613 : 1132028825798163
@@@ mem[  408] = 0000009700048513 : 648540357907
@@@ mem[  416] = fc0502e3f18080e7 : 18159924250473955559
@@@ mem[  424] = 009c8cb300149c93 : 44064796795247763
@@@ mem[  432] = 01998cb3002c9c93 : 115277965904616595
@@@ mem[  440] = 00fc87b300241793 : 71080897002346387
@@@ mem[  448] = 000a87930187a023 : 2963815222714403
@@@ mem[  456] = 00098693000a0713 : 2681240709367571
@@@ mem[  464] = 00040593001c0613 : 1132028827010579
@@@ mem[  472] = 0000009700048513 : 648540357907
@@@ mem[  480] = 00100793f34080e7 : 4511931650048231
@@@ mem[  488] = 0024141300f50e63 : 10155171014577763
@@@ mem[  496] = fff00793008c8433 : 18442248802032976947
@@@ mem[  504] = f6dff06f00f42023 : 17789201412684783651
@@@ mem[  512] = 02c1208300000513 : 198475605593818387
@@@ mem[  520] = 0241248302812403 : 162451206663382019
@@@ mem[  528] = 01c1298302012903 : 126427907194169603
@@@ mem[  536] = 01412a8301812a03 : 90400209678445059
@@@ mem[  544] = 00c12b8301012b03 : 54372512162720515
@@@ mem[  552] = 00412c8300812c03 : 18344814646995971
@@@ mem[  560] = 0000806703010113 : 141179920384275
@@@ mem[  568] = fc9ff06f00100513 : 18203532578387920147
@@@ mem[  576] = 06112e23f8010113 : 437181370851197203
@@@ mem[  584] = 0340006f00000693 : 234187657364637331
@@@ mem[  592] = 00d787b300169793 : 60666322863167379
@@@ mem[  600] = 0027979300e787b3 : 11144181722875827
@@@ mem[  608] = 00f607b307010613 : 69251309768869395
@@@ mem[  616] = fcc7ae23fff00613 : 18214718687564269075
@@@ mem[  624] = 0020079300170713 : 9015527197837075
@@@ mem[  632] = 00168693fce7dce3 : 6340419649002723
@@@ mem[  640] = 00d7c66300200793 : 60735248498952083
@@@ mem[  648] = fe9ff06f00000713 : 18347647766462727955
@@@ mem[  656] = 3c078793000007b7 : 4325575032542594999
@@@ mem[  664] = 0047a8830007a303 : 20170003941139203
@@@ mem[  672] = 00c7a5030087a803 : 56194952677795843
@@@ mem[  680] = 0147a6030107a583 : 92224849216775555
@@@ mem[  688] = 01c7a7030187a683 : 128254745755756163
@@@ mem[  696] = 0311282302612623 : 221001987546752547
@@@ mem[  704] = 02a12c2303012a23 : 189481188212156963
@@@ mem[  712] = 04c1202302b12e23 : 342590381397978659
@@@ mem[  720] = 04e1242304d12223 : 351601978734879267
@@@ mem[  728] = 0247a8030207a883 : 164284642294737027
@@@ mem[  736] = 02c7a5830287a503 : 200310690543019267
@@@ mem[  744] = 0347a6830307a603 : 236340587081999875
@@@ mem[  752] = 03c7a7830387a703 : 272370483620980483
@@@ mem[  760] = 0101282301112623 : 72383199821506083
@@@ mem[  768] = 00b12c2300a12a23 : 49869599723825699
@@@ mem[  776] = 02d1202300c12e23 : 202978792916987427
@@@ mem[  784] = 02f1242302e12223 : 211990390253888035
@@@ mem[  792] = 00c1079304012623 : 54332998513927715
@@@ mem[  800] = 04c1069302c10713 : 342562275133032211
@@@ mem[  808] = 0000059300100613 : 6128919381523
@@@ mem[  816] = 0000009700000513 : 648540062995
@@@ mem[  824] = 00050463ddc080e7 : 1412201852207335
@@@ mem[  832] = 07c1208300100513 : 558763575784506643
@@@ mem[  840] = 0000806708010113 : 141180004270355
@@@ mem[  848] = 00112623ff010113 : 4827010648047891
@@@ mem[  856] = ee8080e700000097 : 17185877907671613591
@@@ mem[  864] = 00c1208300000513 : 54360417517962515
@@@ mem[  872] = 0000806701010113 : 141179886829843
@@@
@@@ mem[  960] = 0000000100000002 : 4294967298
@@@ mem[  968] = fffffffeffffffff : 18446744069414584319
@@@ mem[  976] = fffffffffffffffe : 18446744073709551614
@@@ mem[  984] = 0000000200000001 : 8589934593
@@@ mem[  992] = 0000000200000001 : 8589934593
@@@ mem[ 1000] = 0000000100000002 : 4294967298
@@@ mem[ 1008] = fffffffeffffffff : 18446744069414584319
@@@ mem[ 1016] = fffffffffffffffe : 18446744073709551614
@@@
@@@ mem[65008] = 0000ffd400000000 : 281285998149632
@@@ mem[65016] = 0000000200000007 : 8589934599
@@@ mem[65024] = 0000ff7c00000000 : 280908041027584
@@@ mem[65032] = 0000ffbc0000ff9c : 281182918999964
@@@ mem[65040] = 0000000200000007 : 8589934599
@@@ mem[65048] = 000001e400000001 : 2078764171265
@@@ mem[65056] = 0000ffbc00000000 : 281182918934528
@@@ mem[65064] = 0000000000000006 : 6
@@@ mem[65072] = 0000ff7c00000001 : 280908041027585
@@@ mem[65080] = 0000ffbc0000ff9c : 281182918999964
@@@ mem[65088] = 0000000000000002 : 2
@@@ mem[65096] = 000001e400000002 : 2078764171266
@@@ mem[65104] = 0000ffc800000000 : 281234458542080
@@@ mem[65112] = 0000000200000005 : 8589934597
@@@ mem[65120] = 0000ff7c00000002 : 280908041027586
@@@ mem[65128] = 0000ffbc0000ff9c : 281182918999964
@@@ mem[65136] = 0000000100000005 : 4294967301
@@@ mem[65144] = 000001e400000000 : 2078764171264
@@@ mem[65152] = 0000ffd400000000 : 281285998149632
@@@ mem[65160] = 0000000100000004 : 4294967300
@@@ mem[65168] = 0000ff7c00000000 : 280908041027584
@@@ mem[65176] = 0000ffbc0000ff9c : 281182918999964
@@@ mem[65184] = 0000000200000000 : 8589934592
@@@ mem[65192] = 000001e400000002 : 2078764171266
@@@ mem[65200] = 0000ffbc00000000 : 281182918934528
@@@ mem[65208] = 0000000000000003 : 3
@@@ mem[65216] = 0000ff7c00000002 : 280908041027586
@@@ mem[65224] = 0000ffbc0000ff9c : 281182918999964
@@@ mem[65232] = 0000000000000003 : 3
@@@ mem[65240] = 000001e400000001 : 2078764171265
@@@ mem[65248] = 0000ffd400000000 : 281285998149632
@@@ mem[65256] = 0000000200000002 : 8589934594
@@@ mem[65264] = 0000ff7c00000001 : 280908041027585
@@@ mem[65272] = 0000ffbc0000ff9c : 281182918999964
@@@ mem[65280] = 0000000200000006 : 8589934598
@@@ mem[65288] = 000001e400000000 : 2078764171264
@@@ mem[65296] = 0000ffc800000000 : 281234458542080
@@@ mem[65304] = 0000000000000001 : 1
@@@ mem[65312] = 0000ff7c00000000 : 280908041027584
@@@ mem[65320] = 0000ffbc0000ff9c : 281182918999964
@@@ mem[65328] = 0000000100000001 : 4294967297
@@@ mem[65336] = 000001e400000002 : 2078764171266
@@@
@@@ mem[65384] = 0000033c00010000 : 3556232986624
@@@
@@@ mem[65400] = 0000000100000000 : 4294967296
@@@ mem[65408] = 0000000200000002 : 8589934594
@@@ mem[65416] = ffffffff00000001 : 18446744069414584321
@@@ mem[65424] = fffffffefffffffe : 18446744069414584318
@@@ mem[65432] = 00000002ffffffff : 12884901887
@@@ mem[65440] = ffffffff00000001 : 18446744069414584321
@@@ mem[65448] = fffffffefffffffe : 18446744069414584318
@@@ mem[65456] = 00000001ffffffff : 8589934591
@@@ mem[65464] = 0000000000000002 : 2
@@@ mem[65472] = ffffffffffffffff : 18446744073709551615
@@@ mem[65480] = ffffffffffffffff : 18446744073709551615
@@@ mem[65488] = ffffffffffffffff : 18446744073709551615
@@@ mem[65496] = ffffffffffffffff : 18446744073709551615
@@@
@@@ mem[65512] = 0000036000000000 : 3710851743744
@@@
@@@ mem[65528] = 000000a000000000 : 687194767360
@@@
@@@ System halted on WFI instruction
@@@
