
Final memory state and exit status:

@@@ Unified Memory contents hex on left, decimal on right: 
@@@
@@@ mem[    0] = 0000009700000013 : 648540061715
@@@ mem[    8] = 0001011709c08093 : 282673436197011
@@@ mem[   16] = 00010413ff410113 : 285958910050579
@@@ mem[   24] = ce81819300001197 : 14880317112169009559
@@@ mem[   32] = 0000029300000213 : 2830383448595
@@@ mem[   40] = 0000039300000313 : 3929895076627
@@@ mem[   48] = 0000051300000493 : 5579162518675
@@@ mem[   56] = 0000061300000593 : 6678674146707
@@@ mem[   64] = 0000071300000693 : 7778185774739
@@@ mem[   72] = 0000081300000793 : 8877697402771
@@@ mem[   80] = 0000091300000893 : 9977209030803
@@@ mem[   88] = 00000a1300000993 : 11076720658835
@@@ mem[   96] = 00000b1300000a93 : 12176232286867
@@@ mem[  104] = 00000c1300000b93 : 13275743914899
@@@ mem[  112] = 00000d1300000c93 : 14375255542931
@@@ mem[  120] = 00000e1300000d93 : 15474767170963
@@@ mem[  128] = 00000f1300000e93 : 16574278798995
@@@ mem[  136] = 2800006f00000f93 : 2882304238258491283
@@@
@@@ mem[  160] = f601011300010117 : 17726450789423055127
@@@ mem[  168] = 00000013fea12c23 : 85876354083
@@@ mem[  176] = 000007b710500073 : 8482834088051
@@@ mem[  184] = 02f5606354c78793 : 213182537110357907
@@@ mem[  192] = 54c78793000047b7 : 6109000484981327799
@@@ mem[  200] = ff85069300a7ea63 : 18412129880015104611
@@@ mem[  208] = 5407a783000007b7 : 6054992405105477559
@@@ mem[  216] = ff01011301c0006f : 18374969135793700975
@@@ mem[  224] = 0010051300112623 : 4509178791011875
@@@ mem[  232] = fb8080e700000097 : 18122626630164676759
@@@ mem[  240] = 00d7f66300070793 : 60788025055446931
@@@ mem[  248] = 00e6ee630007a703 : 65001353613125379
@@@ mem[  256] = fee7e6e30007a703 : 18367903467886323459
@@@ mem[  264] = 00e6e66300d7e863 : 64992557533751395
@@@ mem[  272] = fe1ff06f00070793 : 18311618969444222867
@@@ mem[  280] = 00359713ffc52583 : 15084285916947843
@@@ mem[  288] = 0007a60300e68733 : 2152856667195187
@@@ mem[  296] = fec52c2302c70463 : 18358127984927769699
@@@ mem[  304] = 003617130047a603 : 15225019118888451
@@@ mem[  312] = 02d7086300e78733 : 204641529378604851
@@@ mem[  320] = 0000073700d7a023 : 7932818726947
@@@ mem[  328] = 0000806754f72023 : 141181295468579
@@@ mem[  336] = 00e585b300462703 : 64604773516977923
@@@ mem[  344] = 0007a703feb52e23 : 2153960437001763
@@@ mem[  352] = fee52c2300072703 : 18367135184136382211
@@@ mem[  360] = ffc52703fc9ff06f : 18430179948160348271
@@@ mem[  368] = 00c7a22300e60633 : 56191791588050483
@@@ mem[  376] = 00e7a023ff852703 : 65196796091377411
@@@ mem[  384] = 000007b7fc5ff06f : 8486794555503
@@@ mem[  392] = 04a7e8635207a783 : 335492210538030979
@@@ mem[  400] = 00112623ff010113 : 4827010648047891
@@@ mem[  408] = 5246a703000006b7 : 5928609590806578871
@@@ mem[  416] = 52c6a22300a70633 : 5964633027717301811
@@@ mem[  424] = 000006b740a787b3 : 7384133502899
@@@ mem[  432] = ff85051352f6a023 : 18412128232128552995
@@@ mem[  440] = 0087051300a72223 : 38004701029409315
@@@ mem[  448] = ef4080e700000097 : 17239921103200059543
@@@ mem[  456] = 5407a503000007b7 : 6054989656326408119
@@@ mem[  464] = 0101011300c12083 : 72340250143301763
@@@ mem[  472] = 0000051300008067 : 5579162550375
@@@ mem[  480] = 000047b700008067 : 78851304620135
@@@ mem[  488] = ff0101130ca7ea63 : 18374969135976671843
@@@ mem[  496] = 0081242300112623 : 36350004739253795
@@@ mem[  504] = 0005041300912223 : 1411854543954467
@@@ mem[  512] = 0007866300357793 : 2118084600362899
@@@ mem[  520] = 00440413ffc57413 : 19144782358344723
@@@ mem[  528] = 000007b700840493 : 8482569061523
@@@ mem[  536] = 000706635407a703 : 1977348518291203
@@@ mem[  544] = 0700006f00072503 : 504403635007333635
@@@ mem[  552] = 5447079300000737 : 6072830950473991991
@@@ mem[  560] = 54f6a023000006b7 : 6122256815641069239
@@@ mem[  568] = 0007a22300f7a023 : 2148596060758051
@@@ mem[  576] = fddff06f54470713 : 18293604572348221203
@@@ mem[  584] = 409787b302878c63 : 4654337942822030435
@@@ mem[  592] = 0037979300f52223 : 15647781351137827
@@@ mem[  600] = 0085222300f50533 : 37473705637774643
@@@ mem[  608] = 54e7a023000007b7 : 6118034690990409655
@@@ mem[  616] = 00c1208300850513 : 54360417526678803
@@@ mem[  624] = 0041248300812403 : 18336018553971715
@@@ mem[  632] = 0000806701010113 : 141179886829843
@@@ mem[  640] = 00f7202300052783 : 69559653943814019
@@@ mem[  648] = 00050713fd9ff06f : 1415157324443759
@@@ mem[  656] = 0045278300052503 : 19465216987571459
@@@ mem[  664] = 000007b7fa87f8e3 : 8486763624675
@@@ mem[  672] = fea794e35407a783 : 18349798910832650115
@@@ mem[  680] = 0000009700048513 : 648540357907
@@@ mem[  688] = fc051ce3ed8080e7 : 18159952837709168871
@@@ mem[  696] = 00000513fb5ff06f : 5583379886191
@@@ mem[  704] = ff01011300008067 : 18374969135764373607
@@@ mem[  712] = 0081242300112623 : 36350004739253795
@@@ mem[  720] = 0005049300912223 : 1412404299768355
@@@ mem[  728] = f0c080e700000097 : 17348007494256951447
@@@ mem[  736] = 0004861300050413 : 1273316069671955
@@@ mem[  744] = 0000009700000593 : 648540063123
@@@ mem[  752] = 000405130fc080e7 : 1131479333634279
@@@ mem[  760] = 0081240300c12083 : 36349867311833219
@@@ mem[  768] = 0101011300412483 : 72340250134914179
@@@ mem[  776] = ff01011300008067 : 18374969135764373607
@@@ mem[  784] = 0081242300112623 : 36350004739253795
@@@ mem[  792] = 0100051300912223 : 72063173209956899
@@@ mem[  800] = ec4080e700000097 : 17023748321086275735
@@@ mem[  808] = 00c0079300050413 : 54051523470361619
@@@ mem[  816] = 0060079300f52023 : 27029925721874467
@@@ mem[  824] = 0010079300f51223 : 4511927585018403
@@@ mem[  832] = 0570079300f50323 : 391821495538877219
@@@ mem[  840] = 00b0079300f52423 : 49547923858727971
@@@ mem[  848] = 0100051300f52623 : 72063173216511523
@@@ mem[  856] = e8c080e700000097 : 16771546741953527959
@@@ mem[  864] = 0004051300050493 : 1131479069688979
@@@ mem[  872] = d4c080e700000097 : 15330394861194969239
@@@ mem[  880] = 0000009701000513 : 648556840211
@@@ mem[  888] = 7d300793e70080e7 : 9020718385440260327
@@@ mem[  896] = 7d40079300f49223 : 9025221981208089123
@@@ mem[  904] = 0100051300f51223 : 72063173216506403
@@@ mem[  912] = f34080e700000097 : 17528151479351771287
@@@ mem[  920] = 00f512237e300793 : 68981312944342931
@@@ mem[  928] = 02079c6300654783 : 146257461935163267
@@@ mem[  936] = 0004851300050413 : 1272216558044179
@@@ mem[  944] = d04080e700000097 : 15006135688024293527
@@@ mem[  952] = 0000009700040513 : 648540325139
@@@ mem[  960] = 00000513cf8080e7 : 5582643822823
@@@ mem[  968] = 0081240300c12083 : 36349867311833219
@@@ mem[  976] = 0101011300412483 : 72340250134914179
@@@ mem[  984] = 0020051300008067 : 9012778417291367
@@@ mem[  992] = cc0080e700000097 : 14699890913363099799
@@@ mem[ 1000] = 0005071300f00313 : 1415153085055763
@@@ mem[ 1008] = 00f7779302c37e63 : 69655792537796195
@@@ mem[ 1016] = 080592630a079063 : 578029081254662243
@@@ mem[ 1024] = 00f67613ff067693 : 69372672525891219
@@@ mem[ 1032] = 00b7202300e686b3 : 51545255449102003
@@@ mem[ 1040] = 00b7242300b72223 : 51549653492507171
@@@ mem[ 1048] = 0107071300b72623 : 74035697072678435
@@@ mem[ 1056] = 00061463fed766e3 : 1711269570111203
@@@ mem[ 1064] = 40c306b300008067 : 4666581004754911335
@@@ mem[ 1072] = 0000029700269693 : 2847565846163
@@@ mem[ 1080] = 00c68067005686b3 : 55873225264367283
@@@ mem[ 1088] = 00b706a300b70723 : 51517217899480867
@@@ mem[ 1096] = 00b705a300b70623 : 51516118387852835
@@@ mem[ 1104] = 00b704a300b70523 : 51515018876224803
@@@ mem[ 1112] = 00b703a300b70423 : 51513919364596771
@@@ mem[ 1120] = 00b702a300b70323 : 51512819852968739
@@@ mem[ 1128] = 00b701a300b70223 : 51511720341340707
@@@ mem[ 1136] = 00b700a300b70123 : 51510620829712675
@@@ mem[ 1144] = 0000806700b70023 : 141179881979939
@@@ mem[ 1152] = 008596930ff5f593 : 37601730274653587
@@@ mem[ 1160] = 0105969300d5e5b3 : 73630527039858099
@@@ mem[ 1168] = f6dff06f00d5e5b3 : 17789201412682802611
@@@ mem[ 1176] = 0000029700279693 : 2847565911699
@@@ mem[ 1184] = 00008293005686b3 : 143567877473971
@@@ mem[ 1192] = 00028093fa0680e7 : 704322996699367
@@@ mem[ 1200] = 40f70733ff078793 : 4681218257578330003
@@@ mem[ 1208] = f6c378e300f60633 : 17781188670157882931
@@@ mem[ 1216] = 00000000f3dff06f : 4091539567
@@@
@@@ mem[ 1312] = 0000059400003fb8 : 6133213315000
@@@
@@@ mem[ 1344] = 0000056400000564 : 5927054869860
@@@ mem[ 1352] = 0000054400000000 : 5789615915008
@@@ mem[ 1360] = 0000000c00000010 : 51539607568
@@@ mem[ 1368] = 00000057000107d4 : 373662222292
@@@ mem[ 1376] = 0000057c0000000b : 6030134083595
@@@ mem[ 1384] = 0000000000000010 : 16
@@@ mem[ 1392] = 00000000000007d3 : 2003
@@@ mem[ 1400] = 0000054400000000 : 5789615915008
@@@ mem[ 1408] = 0000000000000010 : 16
@@@ mem[ 1416] = 00000000000007e3 : 2019
@@@
@@@ mem[65480] = 000002b400000000 : 2972117368832
@@@ mem[65488] = 0000001000000000 : 68719476736
@@@ mem[65496] = 000002e000000554 : 3161095931220
@@@ mem[65504] = 0000056c00000000 : 5961414606848
@@@ mem[65512] = 0000039800000554 : 3951369913684
@@@
@@@ mem[65528] = 000000a000000000 : 687194767360
@@@
@@@ System halted on WFI instruction
@@@
