
Final memory state and exit status:

@@@ Unified Memory contents hex on left, decimal on right: 
@@@
@@@ mem[    0] = 0000009700000013 : 648540061715
@@@ mem[    8] = 0001011709c08093 : 282673436197011
@@@ mem[   16] = 00010413ff410113 : 285958910050579
@@@ mem[   24] = f481819300001197 : 17618505685610271127
@@@ mem[   32] = 0000029300000213 : 2830383448595
@@@ mem[   40] = 0000039300000313 : 3929895076627
@@@ mem[   48] = 0000051300000493 : 5579162518675
@@@ mem[   56] = 0000061300000593 : 6678674146707
@@@ mem[   64] = 0000071300000693 : 7778185774739
@@@ mem[   72] = 0000081300000793 : 8877697402771
@@@ mem[   80] = 0000091300000893 : 9977209030803
@@@ mem[   88] = 00000a1300000993 : 11076720658835
@@@ mem[   96] = 00000b1300000a93 : 12176232286867
@@@ mem[  104] = 00000c1300000b93 : 13275743914899
@@@ mem[  112] = 00000d1300000c93 : 14375255542931
@@@ mem[  120] = 00000e1300000d93 : 15474767170963
@@@ mem[  128] = 00000f1300000e93 : 16574278798995
@@@ mem[  136] = 4c40006f00000f93 : 5494392022133378963
@@@
@@@ mem[  160] = f601011300010117 : 17726450789423055127
@@@ mem[  168] = 00000013fea12c23 : 85876354083
@@@ mem[  176] = 000007b710500073 : 8482834088051
@@@ mem[  184] = 02f560637b878793 : 213182537760475027
@@@ mem[  192] = 7b878793000047b7 : 8901232253951035319
@@@ mem[  200] = ff85069300a7ea63 : 18412129880015104611
@@@ mem[  208] = 7ac7a783000007b7 : 8847224174075185079
@@@ mem[  216] = ff01011301c0006f : 18374969135793700975
@@@ mem[  224] = 0010051300112623 : 4509178791011875
@@@ mem[  232] = fb8080e700000097 : 18122626630164676759
@@@ mem[  240] = 00d7f66300070793 : 60788025055446931
@@@ mem[  248] = 00e6ee630007a703 : 65001353613125379
@@@ mem[  256] = fee7e6e30007a703 : 18367903467886323459
@@@ mem[  264] = 00e6e66300d7e863 : 64992557533751395
@@@ mem[  272] = fe1ff06f00070793 : 18311618969444222867
@@@ mem[  280] = 00359713ffc52583 : 15084285916947843
@@@ mem[  288] = 0007a60300e68733 : 2152856667195187
@@@ mem[  296] = fec52c2302c70463 : 18358127984927769699
@@@ mem[  304] = 003617130047a603 : 15225019118888451
@@@ mem[  312] = 02d7086300e78733 : 204641529378604851
@@@ mem[  320] = 0000073700d7a023 : 7932818726947
@@@ mem[  328] = 000080677af72623 : 141181933004323
@@@ mem[  336] = 00e585b300462703 : 64604773516977923
@@@ mem[  344] = 0007a703feb52e23 : 2153960437001763
@@@ mem[  352] = fee52c2300072703 : 18367135184136382211
@@@ mem[  360] = ffc52703fc9ff06f : 18430179948160348271
@@@ mem[  368] = 00c7a22300e60633 : 56191791588050483
@@@ mem[  376] = 00e7a023ff852703 : 65196796091377411
@@@ mem[  384] = 000007b7fc5ff06f : 8486794555503
@@@ mem[  392] = 04a7e8637847a783 : 335492211179759491
@@@ mem[  400] = 00112623ff010113 : 4827010648047891
@@@ mem[  408] = 7886a703000006b7 : 8684812562757322423
@@@ mem[  416] = 78c6a42300a70633 : 8702823800181818931
@@@ mem[  424] = 000006b740a787b3 : 7384133502899
@@@ mem[  432] = ff85051378f6a223 : 18412128232766087715
@@@ mem[  440] = 0087051300a72223 : 38004701029409315
@@@ mem[  448] = ef4080e700000097 : 17239921103200059543
@@@ mem[  456] = 7ac7a503000007b7 : 8847221425296115639
@@@ mem[  464] = 0101011300c12083 : 72340250143301763
@@@ mem[  472] = 0000051300008067 : 5579162550375
@@@ mem[  480] = 000047b700008067 : 78851304620135
@@@ mem[  488] = ff0101130ca7ea63 : 18374969135976671843
@@@ mem[  496] = 0081242300112623 : 36350004739253795
@@@ mem[  504] = 0005041300912223 : 1411854543954467
@@@ mem[  512] = 0007866300357793 : 2118084600362899
@@@ mem[  520] = 00440413ffc57413 : 19144782358344723
@@@ mem[  528] = 000007b700840493 : 8482569061523
@@@ mem[  536] = 000706637ac7a703 : 1977349168408323
@@@ mem[  544] = 0700006f00072503 : 504403635007333635
@@@ mem[  552] = 7b07079300000737 : 8865062719443699511
@@@ mem[  560] = 7af6a623000006b7 : 8860451986152097463
@@@ mem[  568] = 0007a22300f7a023 : 2148596060758051
@@@ mem[  576] = fddff06f7b070713 : 18293604572998338323
@@@ mem[  584] = 409787b302878c63 : 4654337942822030435
@@@ mem[  592] = 0037979300f52223 : 15647781351137827
@@@ mem[  600] = 0085222300f50533 : 37473705637774643
@@@ mem[  608] = 7ae7a623000007b7 : 8856229861501437879
@@@ mem[  616] = 00c1208300850513 : 54360417526678803
@@@ mem[  624] = 0041248300812403 : 18336018553971715
@@@ mem[  632] = 0000806701010113 : 141179886829843
@@@ mem[  640] = 00f7202300052783 : 69559653943814019
@@@ mem[  648] = 00050713fd9ff06f : 1415157324443759
@@@ mem[  656] = 0045278300052503 : 19465216987571459
@@@ mem[  664] = 000007b7fa87f8e3 : 8486763624675
@@@ mem[  672] = fea794e37ac7a783 : 18349798911482767235
@@@ mem[  680] = 0000009700048513 : 648540357907
@@@ mem[  688] = fc051ce3ed8080e7 : 18159952837709168871
@@@ mem[  696] = 00000513fb5ff06f : 5583379886191
@@@ mem[  704] = ff01011300008067 : 18374969135764373607
@@@ mem[  712] = 0081242300112623 : 36350004739253795
@@@ mem[  720] = 0005049300912223 : 1412404299768355
@@@ mem[  728] = f0c080e700000097 : 17348007494256951447
@@@ mem[  736] = 0004861300050413 : 1273316069671955
@@@ mem[  744] = 0000009700000593 : 648540063123
@@@ mem[  752] = 00040513368080e7 : 1131479983751399
@@@ mem[  760] = 0081240300c12083 : 36349867311833219
@@@ mem[  768] = 0101011300412483 : 72340250134914179
@@@ mem[  776] = 0000073700008067 : 7932804628583
@@@ mem[  784] = 0017879378072783 : 6622991908022147
@@@ mem[  792] = 0000473778f72023 : 78303578234915
@@@ mem[  800] = 7b87071300279793 : 8901090966709442451
@@@ mem[  808] = 00a7a02300f707b3 : 47182393311168435
@@@ mem[  816] = 7a47278300000737 : 8811054639567865655
@@@ mem[  824] = 7af7222300178793 : 8860588325595482003
@@@ mem[  832] = 0000073700008067 : 7932804628583
@@@ mem[  840] = fff787937a472783 : 18444359866400581507
@@@ mem[  848] = 000007b77af72223 : 8484623426083
@@@ mem[  856] = 001706937a87a703 : 6481154950014723
@@@ mem[  864] = 000047b77ad7a423 : 78853365539875
@@@ mem[  872] = 7b87879300271713 : 8901232253953578771
@@@ mem[  880] = 0007a50300e787b3 : 2151757155633075
@@@ mem[  888] = 000007b700008067 : 8482560442471
@@@ mem[  896] = 001535137a47a503 : 5969332283090179
@@@ mem[  904] = ff01011300008067 : 18374969135764373607
@@@ mem[  912] = 0081242300112623 : 36350004739253795
@@@ mem[  920] = 0020051300050413 : 9012778417587219
@@@ mem[  928] = e44080e700000097 : 16447287568782852247
@@@ mem[  936] = 000500a300850023 : 1408074971938851
@@@ mem[  944] = 7a07a703000007b7 : 8793180428790925239
@@@ mem[  952] = 7ad7a02300170693 : 8851719664805807763
@@@ mem[  960] = 00271713000057b7 : 11002894463555511
@@@ mem[  968] = 00e787b383078793 : 65169924687366035
@@@ mem[  976] = 00c1208300a7a023 : 54360417528946723
@@@ mem[  984] = 0101011300812403 : 72340250139108355
@@@ mem[  992] = 0000473700008067 : 78301548806247
@@@ mem[ 1000] = 002517937cc70713 : 10440496359343891
@@@ mem[ 1008] = 00b787b300a787b3 : 51659123617925043
@@@ mem[ 1016] = 00f707b300279793 : 69532784630667155
@@@ mem[ 1024] = 00d7a02300100693 : 60693192178140819
@@@ mem[ 1032] = 00b785b300259793 : 51656924586153875
@@@ mem[ 1040] = 0025151300a58533 : 10437745497703731
@@@ mem[ 1048] = 00d5202300a70533 : 59989504746259763
@@@ mem[ 1056] = 0005069300008067 : 1414603313545319
@@@ mem[ 1064] = 0080006f00000513 : 36029273760335123
@@@ mem[ 1072] = 000007b700150513 : 8482561787155
@@@ mem[ 1080] = 04f556637a07a783 : 357286730694895491
@@@ mem[ 1088] = 0026979300004737 : 10862706731009847
@@@ mem[ 1096] = 00a787b300d787b3 : 47155523993700275
@@@ mem[ 1104] = 7cc7071300279793 : 8991162959256852371
@@@ mem[ 1112] = 0007a70300f707b3 : 2153956179904435
@@@ mem[ 1120] = fcf716e300100793 : 18228063181019809683
@@@ mem[ 1128] = 0025179300005737 : 10440494265947959
@@@ mem[ 1136] = 00f707b383070713 : 69532786826348307
@@@ mem[ 1144] = 0017c7830007a783 : 6693289919489923
@@@ mem[ 1152] = 0080006ffa0798e3 : 36029277955135715
@@@ mem[ 1160] = 00008067fff00513 : 141184163906835
@@@ mem[ 1168] = 00112623ff010113 : 4827010648047891
@@@ mem[ 1176] = 000057b700812423 : 96443499095075
@@@ mem[ 1184] = 001007138307a783 : 4511380011460483
@@@ mem[ 1192] = 0000051300e780a3 : 5579177689251
@@@ mem[ 1200] = e5c080e700000097 : 16555373959839744151
@@@ mem[ 1208] = 000057b703c0006f : 96443553546351
@@@ mem[ 1216] = 8307879300251713 : 9441664209237907219
@@@ mem[ 1224] = 0007a78300e787b3 : 2154505934702515
@@@ mem[ 1232] = 00e780a300100713 : 65162157189236499
@@@ mem[ 1240] = e34080e700000097 : 16375229974744924311
@@@ mem[ 1248] = 0000009700040513 : 648540325139
@@@ mem[ 1256] = fff00793f40080e7 : 18442248806117441767
@@@ mem[ 1264] = 00000097fcf516e3 : 652783982307
@@@ mem[ 1272] = 04051663e88080e7 : 289662369393574119
@@@ mem[ 1280] = e44080e700000097 : 16447287568782852247
@@@ mem[ 1288] = fd5ff06f00050413 : 18257575773915644947
@@@ mem[ 1296] = 00271693000057b7 : 11002344707741623
@@@ mem[ 1304] = 00d787b383078793 : 60666325059995539
@@@ mem[ 1312] = 000780a30007a783 : 2111762405500803
@@@ mem[ 1320] = 000007b700170713 : 8482561918739
@@@ mem[ 1328] = fcf74ee37a07a783 : 18228124755717236611
@@@ mem[ 1336] = 0081240300c12083 : 36349867311833219
@@@ mem[ 1344] = 0000806701010113 : 141179886829843
@@@ mem[ 1352] = fe1ff06f00000713 : 18311618969443763987
@@@ mem[ 1360] = 00112623ff010113 : 4827010648047891
@@@ mem[ 1368] = 0080006f00000613 : 36029273760335379
@@@ mem[ 1376] = 0040079300160613 : 18022726452512275
@@@ mem[ 1384] = 0000069302c7cc63 : 7228476607587
@@@ mem[ 1392] = fed7c6e300400793 : 18363364683890558867
@@@ mem[ 1400] = 0026179300004737 : 10721969242654519
@@@ mem[ 1408] = 00d787b300c787b3 : 60666322874763187
@@@ mem[ 1416] = 7cc7071300279793 : 8991162959256852371
@@@ mem[ 1424] = 0007a02300f707b3 : 2146397037463475
@@@ mem[ 1432] = fd5ff06f00168693 : 18257575773916792467
@@@ mem[ 1440] = 0000009705300513 : 648627094803
@@@ mem[ 1448] = 04100513de8080e7 : 292739558674563303
@@@ mem[ 1456] = ddc080e700000097 : 15978913207536320663
@@@ mem[ 1464] = 0000009704200513 : 648609269011
@@@ mem[ 1472] = 04300513dd0080e7 : 301746757904138471
@@@ mem[ 1480] = dc4080e700000097 : 15870826816479428759
@@@ mem[ 1488] = 0000009704400513 : 648611366163
@@@ mem[ 1496] = 00100593db8080e7 : 4509732228333799
@@@ mem[ 1504] = 0000009700000513 : 648540062995
@@@ mem[ 1512] = 00200593e00080e7 : 9013331931201767
@@@ mem[ 1520] = 0000009700000513 : 648540062995
@@@ mem[ 1528] = 00300593df0080e7 : 13516931541795047
@@@ mem[ 1536] = 0000009700000513 : 648540062995
@@@ mem[ 1544] = 00400593de0080e7 : 18020531152388327
@@@ mem[ 1552] = 0000009700100513 : 648541111571
@@@ mem[ 1560] = 00400593dd0080e7 : 18020531135611111
@@@ mem[ 1568] = 0000009700200513 : 648542160147
@@@ mem[ 1576] = 00400593dc0080e7 : 18020531118833895
@@@ mem[ 1584] = 0000009700300513 : 648543208723
@@@ mem[ 1592] = 00000097db0080e7 : 652214304999
@@@ mem[ 1600] = 00000513e54080e7 : 5583008727271
@@@ mem[ 1608] = 0101011300c12083 : 72340250143301763
@@@ mem[ 1616] = 00f0031300008067 : 67557374549852263
@@@ mem[ 1624] = 02c37e6300050713 : 199141772201625363
@@@ mem[ 1632] = 0a07906300f77793 : 722705020108634003
@@@ mem[ 1640] = ff06769308059263 : 18376505703398740579
@@@ mem[ 1648] = 00e686b300f67613 : 64887348016870931
@@@ mem[ 1656] = 00b7222300b72023 : 51547454469251107
@@@ mem[ 1664] = 00b7262300b72423 : 51551852515763235
@@@ mem[ 1672] = fed766e301070713 : 18363259130787333907
@@@ mem[ 1680] = 0000806700061463 : 141179870385251
@@@ mem[ 1688] = 0026969340c306b3 : 10861608305886899
@@@ mem[ 1696] = 005686b300000297 : 24354951354385047
@@@ mem[ 1704] = 00b7072300c68067 : 51517767656308839
@@@ mem[ 1712] = 00b7062300b706a3 : 51516668143666851
@@@ mem[ 1720] = 00b7052300b705a3 : 51515568632038819
@@@ mem[ 1728] = 00b7042300b704a3 : 51514469120410787
@@@ mem[ 1736] = 00b7032300b703a3 : 51513369608782755
@@@ mem[ 1744] = 00b7022300b702a3 : 51512270097154723
@@@ mem[ 1752] = 00b7012300b701a3 : 51511170585526691
@@@ mem[ 1760] = 00b7002300b700a3 : 51510071073898659
@@@ mem[ 1768] = 0ff5f59300008067 : 1150095291572060263
@@@ mem[ 1776] = 00d5e5b300859693 : 60206727010031251
@@@ mem[ 1784] = 00d5e5b301059693 : 60206727018419859
@@@ mem[ 1792] = 00279693f6dff06f : 11143086337945711
@@@ mem[ 1800] = 005686b300000297 : 24354951354385047
@@@ mem[ 1808] = fa0680e700008293 : 18016229088968082067
@@@ mem[ 1816] = ff07879300028093 : 18376805869938704531
@@@ mem[ 1824] = 00f6063340f70733 : 69249661473851187
@@@ mem[ 1832] = f3dff06ff6c378e3 : 17573028634695006435
@@@
@@@ mem[ 1920] = 00003fc400000004 : 70111046139908
@@@ mem[ 1928] = 00000000000007f4 : 2036
@@@
@@@ mem[ 1952] = 0000000000000005 : 5
@@@ mem[ 1960] = 000007b000000005 : 8452495638533
@@@ mem[ 1968] = 00000000000007b0 : 1968
@@@ mem[ 1976] = 00000004000007b0 : 17179871152
@@@ mem[ 1984] = 000007b000000053 : 8452495638611
@@@ mem[ 1992] = 0000004100000004 : 279172874244
@@@ mem[ 2000] = 00000004000007b0 : 17179871152
@@@ mem[ 2008] = 000007b000000042 : 8452495638594
@@@ mem[ 2016] = 0000004300000004 : 287762808836
@@@ mem[ 2024] = 00000004000007b0 : 17179871152
@@@ mem[ 2032] = 0000000000000044 : 68
@@@
@@@ mem[18360] = 0000000100000000 : 4294967296
@@@ mem[18368] = 0000000300000002 : 12884901890
@@@ mem[18376] = 0000000000000004 : 4
@@@ mem[18384] = 0000000100000001 : 4294967297
@@@ mem[18392] = 0000000000000001 : 1
@@@ mem[18400] = 0000000000000001 : 1
@@@
@@@ mem[18416] = 0000000100000001 : 4294967297
@@@
@@@ mem[18432] = 0000000100000000 : 4294967296
@@@ mem[18440] = 0000000000000001 : 1
@@@
@@@ mem[18456] = 0000000000000001 : 1
@@@ mem[18464] = 0000000100000001 : 4294967297
@@@ mem[18472] = 0000000000000001 : 1
@@@ mem[18480] = 000007cc000007c0 : 8572754724800
@@@ mem[18488] = 000007e4000007d8 : 8675833939928
@@@ mem[18496] = 00000000000007f0 : 2032
@@@
@@@ mem[65480] = 000002b400000000 : 2972117368832
@@@
@@@ mem[65496] = 000003a800000044 : 4020089389124
@@@
@@@ mem[65512] = 0000064400010000 : 6889127608320
@@@
@@@ mem[65528] = 000000a000000000 : 687194767360
@@@
@@@ System halted on WFI instruction
@@@
