
Final memory state and exit status:

@@@ Unified Memory contents hex on left, decimal on right: 
@@@
@@@ mem[    0] = 0000009700000013 : 648540061715
@@@ mem[    8] = 0001011709c08093 : 282673436197011
@@@ mem[   16] = 00010413ff410113 : 285958910050579
@@@ mem[   24] = fe81819300001197 : 18339081625989550487
@@@ mem[   32] = 0000029300000213 : 2830383448595
@@@ mem[   40] = 0000039300000313 : 3929895076627
@@@ mem[   48] = 0000051300000493 : 5579162518675
@@@ mem[   56] = 0000061300000593 : 6678674146707
@@@ mem[   64] = 0000071300000693 : 7778185774739
@@@ mem[   72] = 0000081300000793 : 8877697402771
@@@ mem[   80] = 0000091300000893 : 9977209030803
@@@ mem[   88] = 00000a1300000993 : 11076720658835
@@@ mem[   96] = 00000b1300000a93 : 12176232286867
@@@ mem[  104] = 00000c1300000b93 : 13275743914899
@@@ mem[  112] = 00000d1300000c93 : 14375255542931
@@@ mem[  120] = 00000e1300000d93 : 15474767170963
@@@ mem[  128] = 00000f1300000e93 : 16574278798995
@@@ mem[  136] = 6000006f00000f93 : 6917529504382455699
@@@
@@@ mem[  160] = f601011300010117 : 17726450789423055127
@@@ mem[  168] = 00000013fea12c23 : 85876354083
@@@ mem[  176] = 000017b710500073 : 26075020132467
@@@ mem[  184] = 02f5606384c78793 : 213182537915664275
@@@ mem[  192] = 84c78793000057b7 : 9567764998801872823
@@@ mem[  200] = ff85069300a7ea63 : 18412129880015104611
@@@ mem[  208] = 8407a783000017b7 : 9513756918926022583
@@@ mem[  216] = ff01011301c0006f : 18374969135793700975
@@@ mem[  224] = 0010051300112623 : 4509178791011875
@@@ mem[  232] = fb8080e700000097 : 18122626630164676759
@@@ mem[  240] = 00d7f66300070793 : 60788025055446931
@@@ mem[  248] = 00e6ee630007a703 : 65001353613125379
@@@ mem[  256] = fee7e6e30007a703 : 18367903467886323459
@@@ mem[  264] = 00e6e66300d7e863 : 64992557533751395
@@@ mem[  272] = fe1ff06f00070793 : 18311618969444222867
@@@ mem[  280] = 00359713ffc52583 : 15084285916947843
@@@ mem[  288] = 0007a60300e68733 : 2152856667195187
@@@ mem[  296] = fec52c2302c70463 : 18358127984927769699
@@@ mem[  304] = 003617130047a603 : 15225019118888451
@@@ mem[  312] = 02d7086300e78733 : 204641529378604851
@@@ mem[  320] = 0000173700d7a023 : 25525004771363
@@@ mem[  328] = 0000806784f72023 : 141182100774947
@@@ mem[  336] = 00e585b300462703 : 64604773516977923
@@@ mem[  344] = 0007a703feb52e23 : 2153960437001763
@@@ mem[  352] = fee52c2300072703 : 18367135184136382211
@@@ mem[  360] = ffc52703fc9ff06f : 18430179948160348271
@@@ mem[  368] = 00c7a22300e60633 : 56191791588050483
@@@ mem[  376] = 00e7a023ff852703 : 65196796091377411
@@@ mem[  384] = 000017b7fc5ff06f : 26078980599919
@@@ mem[  392] = 04a7e8638207a783 : 335492211343337347
@@@ mem[  400] = 00112623ff010113 : 4827010648047891
@@@ mem[  408] = 8246a703000016b7 : 9387374104627123895
@@@ mem[  416] = 82c6a22300a70633 : 9423397541537842739
@@@ mem[  424] = 000016b740a787b3 : 24976319547315
@@@ mem[  432] = ff85051382f6a023 : 18412128232933859363
@@@ mem[  440] = 0087051300a72223 : 38004701029409315
@@@ mem[  448] = ef4080e700000097 : 17239921103200059543
@@@ mem[  456] = 8407a503000017b7 : 9513754170146953143
@@@ mem[  464] = 0101011300c12083 : 72340250143301763
@@@ mem[  472] = 0000051300008067 : 5579162550375
@@@ mem[  480] = 000047b700008067 : 78851304620135
@@@ mem[  488] = ff0101130ca7ea63 : 18374969135976671843
@@@ mem[  496] = 0081242300112623 : 36350004739253795
@@@ mem[  504] = 0005041300912223 : 1411854543954467
@@@ mem[  512] = 0007866300357793 : 2118084600362899
@@@ mem[  520] = 00440413ffc57413 : 19144782358344723
@@@ mem[  528] = 000017b700840493 : 26074755105939
@@@ mem[  536] = 000706638407a703 : 1977349323597571
@@@ mem[  544] = 0700006f00072503 : 504403635007333635
@@@ mem[  552] = 8447079300001737 : 9531595464294537015
@@@ mem[  560] = 84f6a023000016b7 : 9581021329461614263
@@@ mem[  568] = 0007a22300f7a023 : 2148596060758051
@@@ mem[  576] = fddff06f84470713 : 18293604573153527571
@@@ mem[  584] = 409787b302878c63 : 4654337942822030435
@@@ mem[  592] = 0037979300f52223 : 15647781351137827
@@@ mem[  600] = 0085222300f50533 : 37473705637774643
@@@ mem[  608] = 84e7a023000017b7 : 9576799204810954679
@@@ mem[  616] = 00c1208300850513 : 54360417526678803
@@@ mem[  624] = 0041248300812403 : 18336018553971715
@@@ mem[  632] = 0000806701010113 : 141179886829843
@@@ mem[  640] = 00f7202300052783 : 69559653943814019
@@@ mem[  648] = 00050713fd9ff06f : 1415157324443759
@@@ mem[  656] = 0045278300052503 : 19465216987571459
@@@ mem[  664] = 000017b7fa87f8e3 : 26078949669091
@@@ mem[  672] = fea794e38407a783 : 18349798911637956483
@@@ mem[  680] = 0000009700048513 : 648540357907
@@@ mem[  688] = fc051ce3ed8080e7 : 18159952837709168871
@@@ mem[  696] = 00000513fb5ff06f : 5583379886191
@@@ mem[  704] = ff01011300008067 : 18374969135764373607
@@@ mem[  712] = 0081242300112623 : 36350004739253795
@@@ mem[  720] = 0005049300912223 : 1412404299768355
@@@ mem[  728] = f0c080e700000097 : 17348007494256951447
@@@ mem[  736] = 0004861300050413 : 1273316069671955
@@@ mem[  744] = 0000009700000593 : 648540063123
@@@ mem[  752] = 000405133f0080e7 : 1131480126357735
@@@ mem[  760] = 0081240300c12083 : 36349867311833219
@@@ mem[  768] = 0101011300412483 : 72340250134914179
@@@ mem[  776] = 0205506300008067 : 145610949091426407
@@@ mem[  784] = 0105151301150513 : 73488140288197907
@@@ mem[  792] = ff1ff06f41055513 : 18383676564572558611
@@@ mem[  800] = 01051513fef50513 : 73488144547513619
@@@ mem[  808] = 0100079341055513 : 72065923070383379
@@@ mem[  816] = 00008067fea7c8e3 : 141184142395619
@@@ mem[  824] = 18f6046300100793 : 1798629924430415763
@@@ mem[  832] = 04112623fb010113 : 293057386732650771
@@@ mem[  840] = 0491222304812423 : 329081781569528867
@@@ mem[  848] = 03312e2305212023 : 230015783917396003
@@@ mem[  856] = 03512a2303412c23 : 239018585094171683
@@@ mem[  864] = 0371262303612823 : 248021386304497699
@@@ mem[  872] = 0000079300050a13 : 8327941917203
@@@ mem[  880] = 0017971304b7d263 : 6640032403673699
@@@ mem[  888] = 0007170300ea0733 : 1995626504652595
@@@ mem[  896] = 02010513ffe7f693 : 144402246508476051
@@@ mem[  904] = fee6902300d506b3 : 18367526610289362611
@@@ mem[  912] = 0017171300178713 : 6499294837704467
@@@ mem[  920] = 0007170300ea0733 : 1995626504652595
@@@ mem[  928] = 00278793fee69823 : 11126593798182947
@@@ mem[  936] = 4107d79301079793 : 4685950963679729555
@@@ mem[  944] = 4015da93fc1ff06f : 4617837322063310959
@@@ mem[  952] = 010b5b1301061b13 : 75253955961428755
@@@ mem[  960] = 01051513036b0533 : 73488140327388467
@@@ mem[  968] = 0000009741055513 : 649630930195
@@@ mem[  976] = 00050413f40080e7 : 1411858628116711
@@@ mem[  984] = 000a859300050613 : 2961616174122515
@@@ mem[  992] = 0000009700010513 : 648540128531
@@@ mem[ 1000] = 00040613f54080e7 : 1132582695633127
@@@ mem[ 1008] = 01010513000a8593 : 72344648177845651
@@@ mem[ 1016] = f40080e700000097 : 17582194674880217239
@@@ mem[ 1024] = 0000049300100513 : 5029407753491
@@@ mem[ 1032] = 0014979308c0006f : 5796157297000559
@@@ mem[ 1040] = 00f7073302010713 : 69532234905880339
@@@ mem[ 1048] = ff075903fe075983 : 18376754678190266755
@@@ mem[ 1056] = 0104541301051413 : 73275934542992403
@@@ mem[ 1064] = 0109191302890933 : 74618438265932083
@@@ mem[ 1072] = 0129853301095913 : 83744522190280979
@@@ mem[ 1080] = 0105151300fa0bb3 : 73488140286430131
@@@ mem[ 1088] = 0000009741055513 : 649630930195
@@@ mem[ 1096] = 00ab9023ec8080e7 : 48290704983621863
@@@ mem[ 1104] = 015489b341298533 : 95852895067014451
@@@ mem[ 1112] = 013a09b300199993 : 88393807092619667
@@@ mem[ 1120] = 4105551301051513 : 4685244527458718995
@@@ mem[ 1128] = ea4080e700000097 : 16879633133010419863
@@@ mem[ 1136] = 028b053300a99023 : 183245926451220515
@@@ mem[ 1144] = 4105551301051513 : 4685244527458718995
@@@ mem[ 1152] = e8c080e700000097 : 16771546741953527959
@@@ mem[ 1160] = 0104949300148493 : 73346853027218579
@@@ mem[ 1168] = f754cce34104d493 : 17822094901832373395
@@@ mem[ 1176] = 0481240304c12083 : 324580243530653827
@@@ mem[ 1184] = 0401290304412483 : 288556944061441155
@@@ mem[ 1192] = 03812a0303c12983 : 252529246545717635
@@@ mem[ 1200] = 03012b0303412a83 : 216501549029993091
@@@ mem[ 1208] = 0501011302c12b83 : 360570626328570755
@@@ mem[ 1216] = 0000806700008067 : 141179870019687
@@@ mem[ 1224] = 0200006f00000793 : 144115664817227667
@@@ mem[ 1232] = 00e5873300179713 : 64606422781368083
@@@ mem[ 1240] = 4015551300071023 : 4617690533031514147
@@@ mem[ 1248] = 0107979300178793 : 74194576492431251
@@@ mem[ 1256] = 007007134107d793 : 31532976668399507
@@@ mem[ 1264] = 0015771302f74063 : 6041898048766051
@@@ mem[ 1272] = 00179713fc070ce3 : 6640036552838371
@@@ mem[ 1280] = 0010069300e58733 : 4510828072372019
@@@ mem[ 1288] = fd1ff06f00d71023 : 18239561375419928611
@@@ mem[ 1296] = fc01011300008067 : 18158796353650589799
@@@ mem[ 1304] = 02812c2302112e23 : 180473988941688355
@@@ mem[ 1312] = 0321282302912a23 : 225505587177269795
@@@ mem[ 1320] = 0005841303312623 : 1552592076351011
@@@ mem[ 1328] = 0000009700010593 : 648540128659
@@@ mem[ 1336] = 01010593f94080e7 : 72345202114724071
@@@ mem[ 1344] = 0000009700040513 : 648540325139
@@@ mem[ 1352] = 00200613f84080e7 : 9013882093863143
@@@ mem[ 1360] = 0001051300800593 : 287054147618195
@@@ mem[ 1368] = de0080e700000097 : 15996927606045802647
@@@ mem[ 1376] = 0080059300200613 : 36034925939394067
@@@ mem[ 1384] = 0000009701010513 : 648556905747
@@@ mem[ 1392] = 00000413dcc080e7 : 4483354493159
@@@ mem[ 1400] = 0014149303c0006f : 5652121189875823
@@@ mem[ 1408] = 009784b302010793 : 42648625850943379
@@@ mem[ 1416] = ff04d783fe04d503 : 18376049341480883459
@@@ mem[ 1424] = 0105151302f50533 : 73488140319655219
@@@ mem[ 1432] = 0000009741055513 : 649630930195
@@@ mem[ 1440] = fea49023d70080e7 : 18348949265419632871
@@@ mem[ 1448] = 0104141300140413 : 73205565783016467
@@@ mem[ 1456] = 0070079341045413 : 31533526423983123
@@@ mem[ 1464] = 00900613fc87d2e3 : 40539079557239523
@@@ mem[ 1472] = 0001051300800593 : 287054147618195
@@@ mem[ 1480] = d70080e700000097 : 15492524447780307095
@@@ mem[ 1488] = 0010041300000993 : 4508079278262675
@@@ mem[ 1496] = 0880006f00000493 : 612490026063758483
@@@ mem[ 1504] = 0201079300149913 : 144404990995503379
@@@ mem[ 1512] = fe09578301278933 : 18305258380595792179
@@@ mem[ 1520] = 40f5053300479513 : 4680653104327660819
@@@ mem[ 1528] = 4105551301051513 : 4685244527458718995
@@@ mem[ 1536] = d0c080e700000097 : 15042164485043257495
@@@ mem[ 1544] = 01051793fea91023 : 73490893321605155
@@@ mem[ 1552] = 010414130107d793 : 73205565798995859
@@@ mem[ 1560] = 028787b301045413 : 182263512817751059
@@@ mem[ 1568] = 0107d79301079793 : 74264945252341651
@@@ mem[ 1576] = 0105151301378533 : 73488140290458931
@@@ mem[ 1584] = 0000009741055513 : 649630930195
@@@ mem[ 1592] = 00050993cd8080e7 : 1417905296146663
@@@ mem[ 1600] = 0104151300141413 : 73206665294648339
@@@ mem[ 1608] = 0000009741055513 : 649630930195
@@@ mem[ 1616] = 00050413cc0080e7 : 1411857957028071
@@@ mem[ 1624] = 0104949300148493 : 73346853027218579
@@@ mem[ 1632] = 007007934104d493 : 31533526424016019
@@@ mem[ 1640] = 00098513f697dce3 : 2679595578416355
@@@ mem[ 1648] = 0381240303c12083 : 252522649475948675
@@@ mem[ 1656] = 0301290303412483 : 216499350006736003
@@@ mem[ 1664] = 0401011302c12983 : 288513032290642307
@@@ mem[ 1672] = ff01011300008067 : 18374969135764373607
@@@ mem[ 1680] = 0081242300112623 : 36350004739253795
@@@ mem[ 1688] = 0030051301000593 : 13516378061407635
@@@ mem[ 1696] = e74080e700000097 : 16663460350896636055
@@@ mem[ 1704] = 0170059300050413 : 103588920348181523
@@@ mem[ 1712] = 0000009700400513 : 648544257299
@@@ mem[ 1720] = 00050593e60080e7 : 1413507660677351
@@@ mem[ 1728] = 0000009700040513 : 648540325139
@@@ mem[ 1736] = 00c12083e50080e7 : 54360421359976679
@@@ mem[ 1744] = 0101011300812403 : 72340250139108355
@@@ mem[ 1752] = 00f0031300008067 : 67557374549852263
@@@ mem[ 1760] = 02c37e6300050713 : 199141772201625363
@@@ mem[ 1768] = 0a07906300f77793 : 722705020108634003
@@@ mem[ 1776] = ff06769308059263 : 18376505703398740579
@@@ mem[ 1784] = 00e686b300f67613 : 64887348016870931
@@@ mem[ 1792] = 00b7222300b72023 : 51547454469251107
@@@ mem[ 1800] = 00b7262300b72423 : 51551852515763235
@@@ mem[ 1808] = fed766e301070713 : 18363259130787333907
@@@ mem[ 1816] = 0000806700061463 : 141179870385251
@@@ mem[ 1824] = 0026969340c306b3 : 10861608305886899
@@@ mem[ 1832] = 005686b300000297 : 24354951354385047
@@@ mem[ 1840] = 00b7072300c68067 : 51517767656308839
@@@ mem[ 1848] = 00b7062300b706a3 : 51516668143666851
@@@ mem[ 1856] = 00b7052300b705a3 : 51515568632038819
@@@ mem[ 1864] = 00b7042300b704a3 : 51514469120410787
@@@ mem[ 1872] = 00b7032300b703a3 : 51513369608782755
@@@ mem[ 1880] = 00b7022300b702a3 : 51512270097154723
@@@ mem[ 1888] = 00b7012300b701a3 : 51511170585526691
@@@ mem[ 1896] = 00b7002300b700a3 : 51510071073898659
@@@ mem[ 1904] = 0ff5f59300008067 : 1150095291572060263
@@@ mem[ 1912] = 00d5e5b300859693 : 60206727010031251
@@@ mem[ 1920] = 00d5e5b301059693 : 60206727018419859
@@@ mem[ 1928] = 00279693f6dff06f : 11143086337945711
@@@ mem[ 1936] = 005686b300000297 : 24354951354385047
@@@ mem[ 1944] = fa0680e700008293 : 18016229088968082067
@@@ mem[ 1952] = ff07879300028093 : 18376805869938704531
@@@ mem[ 1960] = 00f6063340f70733 : 69249661473851187
@@@ mem[ 1968] = f3dff06ff6c378e3 : 17573028634695006435
@@@
@@@ mem[ 2048] = 001100020009000f : 4785083194605583
@@@ mem[ 2056] = 0000000000080001 : 524289
@@@
@@@ mem[ 2080] = 0000084c00004000 : 9122510553088
@@@
@@@ mem[65216] = 000000000000000d : 13
@@@
@@@ mem[65232] = 0000000000000001 : 1
@@@
@@@ mem[65264] = 000000020000000d : 8589934605
@@@ mem[65272] = 000000000000ff70 : 65392
@@@ mem[65280] = 0000ffde00000000 : 281328947822592
@@@ mem[65288] = 0000040000000010 : 4398046511120
@@@ mem[65296] = 00000000000e000c : 917516
@@@
@@@ mem[65312] = 00000000000c000e : 786446
@@@
@@@ mem[65344] = 0000000400000009 : 17179869193
@@@ mem[65352] = 000000000000ffb0 : 65456
@@@ mem[65360] = 0000ffde00000000 : 281328947822592
@@@ mem[65368] = 000004000000000d : 4398046511117
@@@ mem[65376] = 000c000800080008 : 3377734080790536
@@@
@@@ mem[65392] = 000b000f00000009 : 3096289168326665
@@@
@@@ mem[65440] = 0000ffde00000000 : 281328947822592
@@@ mem[65448] = 000005d000000008 : 6390911336456
@@@ mem[65456] = 0003000200010000 : 844433520132096
@@@ mem[65464] = 0000000000010002 : 65538
@@@ mem[65472] = 0005000400070003 : 1407392063881219
@@@ mem[65480] = 0006000d00030001 : 1688905695035393
@@@
@@@ mem[65512] = 000006cc0000000e : 7473243095054
@@@
@@@ mem[65528] = 000000a00000000d : 687194767373
@@@
@@@ System halted on WFI instruction
@@@
