
Final memory state and exit status:

@@@ Unified Memory contents hex on left, decimal on right: 
@@@
@@@ mem[    0] = 0000009700000013 : 648540061715
@@@ mem[    8] = 0001011709c08093 : 282673436197011
@@@ mem[   16] = 00010413ff410113 : 285958910050579
@@@ mem[   24] = ee81819300001197 : 17186160121382703511
@@@ mem[   32] = 0000029300000213 : 2830383448595
@@@ mem[   40] = 0000039300000313 : 3929895076627
@@@ mem[   48] = 0000051300000493 : 5579162518675
@@@ mem[   56] = 0000061300000593 : 6678674146707
@@@ mem[   64] = 0000071300000693 : 7778185774739
@@@ mem[   72] = 0000081300000793 : 8877697402771
@@@ mem[   80] = 0000091300000893 : 9977209030803
@@@ mem[   88] = 00000a1300000993 : 11076720658835
@@@ mem[   96] = 00000b1300000a93 : 12176232286867
@@@ mem[  104] = 00000c1300000b93 : 13275743914899
@@@ mem[  112] = 00000d1300000c93 : 14375255542931
@@@ mem[  120] = 00000e1300000d93 : 15474767170963
@@@ mem[  128] = 00000f1300000e93 : 16574278798995
@@@ mem[  136] = 0740006f00000f93 : 522418033516351379
@@@
@@@ mem[  160] = f601011300010117 : 17726450789423055127
@@@ mem[  168] = 00000013fea12c23 : 85876354083
@@@ mem[  176] = 0000031310500073 : 3380412940403
@@@ mem[  184] = 000007b700000893 : 8482560411795
@@@ mem[  192] = 02f8d8637207a783 : 214158903926564739
@@@ mem[  200] = 00f5083300289793 : 68970384433125267
@@@ mem[  208] = 00f58e3300082803 : 69117718989121539
@@@ mem[  216] = 00f607b3000e2e03 : 69251309652291075
@@@ mem[  224] = 0107a02303c80833 : 74203991122642995
@@@ mem[  232] = 0018889301030333 : 6905564399600435
@@@ mem[  240] = 00d30333fcdff06f : 59394741906698351
@@@ mem[  248] = 0000806700672023 : 141179876745251
@@@ mem[  256] = 02112623fd010113 : 148942198690349331
@@@ mem[  264] = 0291222302812423 : 184966593460118563
@@@ mem[  272] = 01312e2303212023 : 85900595807985699
@@@ mem[  280] = 01512a2301412c23 : 94903396984761379
@@@ mem[  288] = 0301041301612823 : 216458736764528675
@@@ mem[  296] = 7207a783000007b7 : 8216720226243315639
@@@ mem[  304] = 00f7879300279793 : 69673384680069011
@@@ mem[  312] = 40f10133ff07f793 : 4679522810648328083
@@@ mem[  320] = 40f1013300010a13 : 4679522806369683987
@@@ mem[  328] = 40f1013300010a93 : 4679522806369684115
@@@ mem[  336] = 0000099300010b13 : 10526964910867
@@@ mem[  344] = 7207a783000007b7 : 8216720226243315639
@@@ mem[  352] = 0000009704f9d463 : 648623543395
@@@ mem[  360] = 000109370ac080e7 : 291606984949991
@@@ mem[  368] = 01257533fff90913 : 82601034374514963
@@@ mem[  376] = 009a07b300299493 : 43355611796706451
@@@ mem[  384] = 0000009700a7a023 : 648551047203
@@@ mem[  392] = 0125793308c080e7 : 82605428273348839
@@@ mem[  400] = 0127a023009a87b3 : 83211190324070323
@@@ mem[  408] = 0004a023009b04b3 : 1301972101301427
@@@ mem[  416] = fb5ff06f00198993 : 18113460585841133971
@@@ mem[  424] = 068080e700000097 : 468516090872332439
@@@ mem[  432] = fdc4071300050693 : 18285748165217158803
@@@ mem[  440] = 000a8593000b0613 : 2961616174515731
@@@ mem[  448] = 00000097000a0513 : 648540718355
@@@ mem[  456] = 00000513ef0080e7 : 5583172305127
@@@ mem[  464] = 02c12083fd040113 : 198475609838715155
@@@ mem[  472] = 0241248302812403 : 162451206663382019
@@@ mem[  480] = 01c1298302012903 : 126427907194169603
@@@ mem[  488] = 01412a8301812a03 : 90400209678445059
@@@ mem[  496] = 0301011301012b03 : 216455438223354627
@@@ mem[  504] = 000007b700008067 : 8482560442471
@@@ mem[  512] = 0aa7a4237247a783 : 767762733638068099
@@@ mem[  520] = 000080670a07a623 : 141180038260259
@@@ mem[  528] = 7247a803000007b7 : 8234735174508611511
@@@ mem[  536] = f2d585934c9585b7 : 17498038794909484471
@@@ mem[  544] = 0ac827030a882683 : 776913829736490627
@@@ mem[  552] = 0017861302b687b3 : 6621340672362419
@@@ mem[  560] = 0ac8242300f637b3 : 776910668480001971
@@@ mem[  568] = 42d606135851f637 : 4816043531675235895
@@@ mem[  576] = 02b7073302c68633 : 195633024485197363
@@@ mem[  584] = 00c7073302b6b6b3 : 56021436035675827
@@@ mem[  592] = 00e787b300d70733 : 65169922503149363
@@@ mem[  600] = 0af8262300179513 : 790423666370778387
@@@ mem[  608] = 0000806700155513 : 141179871384851
@@@
@@@ mem[  704] = 00000000000002e0 : 736
@@@
@@@ mem[  736] = 000005cc00000000 : 6373731467264
@@@ mem[  744] = 0000069c00000634 : 7267084666420
@@@
@@@ mem[  904] = ab894868b3b04fc6 : 12360490266823512006
@@@ mem[  912] = e66d1234abcd330e : 16603947418614838030
@@@ mem[  920] = 0000000b0005deec : 47245025004
@@@
@@@ mem[ 1824] = 000002e000000004 : 3161095929860
@@@
@@@ mem[65440] = 2f4ad736864e0c63 : 3407772697240669283
@@@ mem[65448] = 2cbc4540215072d0 : 3223527575029576400
@@@ mem[65456] = 0000312900008ccf : 54052163456207
@@@ mem[65464] = 000059d800005db4 : 98784247831988
@@@ mem[65472] = 0000f6460000f42d : 270780508206125
@@@ mem[65480] = 00007f7800005b04 : 140153372826372
@@@
@@@ mem[65496] = 2f2ee41100000000 : 3399905530376880128
@@@
@@@ mem[65528] = 000000a000000000 : 687194767360
@@@
@@@ System halted on WFI instruction
@@@
