
Final memory state and exit status:

@@@ Unified Memory contents hex on left, decimal on right: 
@@@
@@@ mem[    0] = 0000009700000013 : 648540061715
@@@ mem[    8] = 0001011709c08093 : 282673436197011
@@@ mem[   16] = 00010413ff410113 : 285958910050579
@@@ mem[   24] = 5681819300001197 : 6233405827617657239
@@@ mem[   32] = 0000029300000213 : 2830383448595
@@@ mem[   40] = 0000039300000313 : 3929895076627
@@@ mem[   48] = 0000051300000493 : 5579162518675
@@@ mem[   56] = 0000061300000593 : 6678674146707
@@@ mem[   64] = 0000071300000693 : 7778185774739
@@@ mem[   72] = 0000081300000793 : 8877697402771
@@@ mem[   80] = 0000091300000893 : 9977209030803
@@@ mem[   88] = 00000a1300000993 : 11076720658835
@@@ mem[   96] = 00000b1300000a93 : 12176232286867
@@@ mem[  104] = 00000c1300000b93 : 13275743914899
@@@ mem[  112] = 00000d1300000c93 : 14375255542931
@@@ mem[  120] = 00000e1300000d93 : 15474767170963
@@@ mem[  128] = 00000f1300000e93 : 16574278798995
@@@ mem[  136] = 3850006f00000f93 : 4057743741002190739
@@@
@@@ mem[  160] = f601011300010117 : 17726450789423055127
@@@ mem[  168] = 00000013fea12c23 : 85876354083
@@@ mem[  176] = 000017b710500073 : 26075020132467
@@@ mem[  184] = 02f56063dd078793 : 213182539396253587
@@@ mem[  192] = dd078793000057b7 : 15926847672649013175
@@@ mem[  200] = ff85069300a7ea63 : 18412129880015104611
@@@ mem[  208] = dc47a783000017b7 : 15872839592773162935
@@@ mem[  216] = ff01011301c0006f : 18374969135793700975
@@@ mem[  224] = 0010051300112623 : 4509178791011875
@@@ mem[  232] = fb8080e700000097 : 18122626630164676759
@@@ mem[  240] = 00d7f66300070793 : 60788025055446931
@@@ mem[  248] = 00e6ee630007a703 : 65001353613125379
@@@ mem[  256] = fee7e6e30007a703 : 18367903467886323459
@@@ mem[  264] = 00e6e66300d7e863 : 64992557533751395
@@@ mem[  272] = fe1ff06f00070793 : 18311618969444222867
@@@ mem[  280] = 00359713ffc52583 : 15084285916947843
@@@ mem[  288] = 0007a60300e68733 : 2152856667195187
@@@ mem[  296] = fec52c2302c70463 : 18358127984927769699
@@@ mem[  304] = 003617130047a603 : 15225019118888451
@@@ mem[  312] = 02d7086300e78733 : 204641529378604851
@@@ mem[  320] = 0000173700d7a023 : 25525004771363
@@@ mem[  328] = 00008067dcf72223 : 141183577170467
@@@ mem[  336] = 00e585b300462703 : 64604773516977923
@@@ mem[  344] = 0007a703feb52e23 : 2153960437001763
@@@ mem[  352] = fee52c2300072703 : 18367135184136382211
@@@ mem[  360] = ffc52703fc9ff06f : 18430179948160348271
@@@ mem[  368] = 00c7a22300e60633 : 56191791588050483
@@@ mem[  376] = 00e7a023ff852703 : 65196796091377411
@@@ mem[  384] = 000017b7fc5ff06f : 26078980599919
@@@ mem[  392] = 04a7e863da47a783 : 335492212823926659
@@@ mem[  400] = 00112623ff010113 : 4827010648047891
@@@ mem[  408] = da86a703000016b7 : 15746456778474264247
@@@ mem[  416] = dac6a42300a70633 : 15764468015898756659
@@@ mem[  424] = 000016b740a787b3 : 24976319547315
@@@ mem[  432] = ff850513daf6a223 : 18412128234410254883
@@@ mem[  440] = 0087051300a72223 : 38004701029409315
@@@ mem[  448] = ef4080e700000097 : 17239921103200059543
@@@ mem[  456] = dc47a503000017b7 : 15872836843994093495
@@@ mem[  464] = 0101011300c12083 : 72340250143301763
@@@ mem[  472] = 0000051300008067 : 5579162550375
@@@ mem[  480] = 000047b700008067 : 78851304620135
@@@ mem[  488] = ff0101130ca7ea63 : 18374969135976671843
@@@ mem[  496] = 0081242300112623 : 36350004739253795
@@@ mem[  504] = 0005041300912223 : 1411854543954467
@@@ mem[  512] = 0007866300357793 : 2118084600362899
@@@ mem[  520] = 00440413ffc57413 : 19144782358344723
@@@ mem[  528] = 000017b700840493 : 26074755105939
@@@ mem[  536] = 00070663dc47a703 : 1977350804186883
@@@ mem[  544] = 0700006f00072503 : 504403635007333635
@@@ mem[  552] = dc87079300001737 : 15890678138141677367
@@@ mem[  560] = dcf6a223000016b7 : 15922091803822528183
@@@ mem[  568] = 0007a22300f7a023 : 2148596060758051
@@@ mem[  576] = fddff06fdc870713 : 18293604574634116883
@@@ mem[  584] = 409787b302878c63 : 4654337942822030435
@@@ mem[  592] = 0037979300f52223 : 15647781351137827
@@@ mem[  600] = 0085222300f50533 : 37473705637774643
@@@ mem[  608] = dce7a223000017b7 : 15917869679171868599
@@@ mem[  616] = 00c1208300850513 : 54360417526678803
@@@ mem[  624] = 0041248300812403 : 18336018553971715
@@@ mem[  632] = 0000806701010113 : 141179886829843
@@@ mem[  640] = 00f7202300052783 : 69559653943814019
@@@ mem[  648] = 00050713fd9ff06f : 1415157324443759
@@@ mem[  656] = 0045278300052503 : 19465216987571459
@@@ mem[  664] = 000017b7fa87f8e3 : 26078949669091
@@@ mem[  672] = fea794e3dc47a783 : 18349798913118545795
@@@ mem[  680] = 0000009700048513 : 648540357907
@@@ mem[  688] = fc051ce3ed8080e7 : 18159952837709168871
@@@ mem[  696] = 00000513fb5ff06f : 5583379886191
@@@ mem[  704] = ff01011300008067 : 18374969135764373607
@@@ mem[  712] = 0081242300112623 : 36350004739253795
@@@ mem[  720] = 0005049300912223 : 1412404299768355
@@@ mem[  728] = f0c080e700000097 : 17348007494256951447
@@@ mem[  736] = 0004861300050413 : 1273316069671955
@@@ mem[  744] = 0000109700000593 : 18240726107539
@@@ mem[  752] = 0004051395c080e7 : 1131481581781223
@@@ mem[  760] = 0081240300c12083 : 36349867311833219
@@@ mem[  768] = 0101011300412483 : 72340250134914179
@@@ mem[  776] = ff01011300008067 : 18374969135764373607
@@@ mem[  784] = 0081242300112623 : 36350004739253795
@@@ mem[  792] = 0080051300050413 : 36034376181810195
@@@ mem[  800] = ec4080e700000097 : 17023748321086275735
@@@ mem[  808] = 0005222300852023 : 1444908611477539
@@@ mem[  816] = 0081240300c12083 : 36349867311833219
@@@ mem[  824] = 0000806701010113 : 141179886829843
@@@ mem[  832] = 00112623ff010113 : 4827010648047891
@@@ mem[  840] = 0091222300812423 : 40851405350708259
@@@ mem[  848] = 0005049301212023 : 1412404309205027
@@@ mem[  856] = 0000009700c00513 : 648552645907
@@@ mem[  864] = 00050413e88080e7 : 1411858435178727
@@@ mem[  872] = 0024991300952023 : 10301406054785059
@@@ mem[  880] = 0000009700090513 : 648540652819
@@@ mem[  888] = 00a42223e70080e7 : 46199433775317223
@@@ mem[  896] = 0000009700090513 : 648540652819
@@@ mem[  904] = 00a42423e60080e7 : 46201632781795559
@@@ mem[  912] = 0297d46300000793 : 186851431226017683
@@@ mem[  920] = 0027961300442683 : 11142532444726915
@@@ mem[  928] = 0006a02300c686b3 : 1864922057574067
@@@ mem[  936] = 00c7073300842703 : 56021435998807811
@@@ mem[  944] = 0017879300072023 : 6622989894754339
@@@ mem[  952] = 00040513fddff06f : 1131483328671855
@@@ mem[  960] = 0081240300c12083 : 36349867311833219
@@@ mem[  968] = 0001290300412483 : 326567842620547
@@@ mem[  976] = 0000806701010113 : 141179886829843
@@@ mem[  984] = 00112623ff010113 : 4827010648047891
@@@ mem[  992] = 0091222300812423 : 40851405350708259
@@@ mem[ 1000] = 0005049301212023 : 1412404309205027
@@@ mem[ 1008] = 0006041300058913 : 1693329511516435
@@@ mem[ 1016] = 0000009700060513 : 648540456211
@@@ mem[ 1024] = 0044a703f10080e7 : 19323933786407143
@@@ mem[ 1032] = 00d7073300291693 : 60525035620210323
@@@ mem[ 1040] = 00f5222300072783 : 68998903013779331
@@@ mem[ 1048] = 00d787b30044a783 : 60666322866186115
@@@ mem[ 1056] = 0009051300a7a023 : 2538853963898915
@@@ mem[ 1064] = ee4080e700000097 : 17167863509162131607
@@@ mem[ 1072] = 002414130044a783 : 10155171003017091
@@@ mem[ 1080] = 0007a783008787b3 : 2154505928411059
@@@ mem[ 1088] = 0044a60300f52223 : 19322830247502371
@@@ mem[ 1096] = 00a4202300860433 : 46197230885274675
@@@ mem[ 1104] = 0081240300c12083 : 36349867311833219
@@@ mem[ 1112] = 0001290300412483 : 326567842620547
@@@ mem[ 1120] = 0000806701010113 : 141179886829843
@@@ mem[ 1128] = 00112623ff010113 : 4827010648047891
@@@ mem[ 1136] = 000000970a800513 : 648716223763
@@@ mem[ 1144] = fff00713d70080e7 : 18442248255875088615
@@@ mem[ 1152] = 0ae522230ae52023 : 785071243948007459
@@@ mem[ 1160] = 0101011300c12083 : 72340250143301763
@@@ mem[ 1168] = 0a45270300008067 : 740040607610732647
@@@ mem[ 1176] = 00f70663fff00793 : 69531345812981651
@@@ mem[ 1184] = 0000806700000513 : 141179869988115
@@@ mem[ 1192] = 0000806700100513 : 141179871036691
@@@ mem[ 1200] = 027007130a452783 : 175648163825526659
@@@ mem[ 1208] = 0a05268302e78263 : 722025659394130531
@@@ mem[ 1216] = 00e68e63fff00713 : 64895804790277907
@@@ mem[ 1224] = 0af5222300178793 : 789574843394131859
@@@ mem[ 1232] = 00f5053300279793 : 68967085898176403
@@@ mem[ 1240] = 0000806700b52023 : 141179881857059
@@@ mem[ 1248] = fe5ff06f0a052023 : 18329633368121352227
@@@ mem[ 1256] = 00112623ff010113 : 4827010648047891
@@@ mem[ 1264] = 0005041300812423 : 1411854542906403
@@@ mem[ 1272] = f9c080e700000097 : 17996525840598302871
@@@ mem[ 1280] = 0a04278304051063 : 721745283947761763
@@@ mem[ 1288] = 00e4073300279713 : 64184210317350675
@@@ mem[ 1296] = 0017879300072503 : 6622989894755587
@@@ mem[ 1304] = 0a4427030af42023 : 739759132817760291
@@@ mem[ 1312] = fff0079300f75863 : 18442248802039978083
@@@ mem[ 1320] = 0af420230af42223 : 789291169576395299
@@@ mem[ 1328] = 0081240300c12083 : 36349867311833219
@@@ mem[ 1336] = 0000806701010113 : 141179886829843
@@@ mem[ 1344] = fedff06ffff00513 : 18365662169266128147
@@@ mem[ 1352] = 00112623ff010113 : 4827010648047891
@@@ mem[ 1360] = 0091222300812423 : 40851405350708259
@@@ mem[ 1368] = 0005049301212023 : 1412404309205027
@@@ mem[ 1376] = 0000009700058413 : 648540423187
@@@ mem[ 1384] = 00050913f04080e7 : 1417356123341031
@@@ mem[ 1392] = 002417130084a783 : 10158469542094723
@@@ mem[ 1400] = 0010071300e787b3 : 4511377828317107
@@@ mem[ 1408] = 0004059300e7a023 : 1132028840353827
@@@ mem[ 1416] = f28080e700000097 : 17474108283823325335
@@@ mem[ 1424] = 0000009700090513 : 648540652819
@@@ mem[ 1432] = 04051e63f00080e7 : 289671165612425447
@@@ mem[ 1440] = 0000009700090513 : 648540652819
@@@ mem[ 1448] = 0044a783f44080e7 : 19324483596746983
@@@ mem[ 1456] = 00a787b300251513 : 47155523982005523
@@@ mem[ 1464] = 01c0006f0007a403 : 126101266308244483
@@@ mem[ 1472] = 00e7a02300100713 : 65196791805511443
@@@ mem[ 1480] = 0000009700090513 : 648540652819
@@@ mem[ 1488] = 00442403ee4080e7 : 19179897717031143
@@@ mem[ 1496] = 00042583fa040ce3 : 1167148672355555
@@@ mem[ 1504] = 002597130084a783 : 10580682007160707
@@@ mem[ 1512] = 0007a70300e787b3 : 2153956178888627
@@@ mem[ 1520] = fcdff06ffe0712e3 : 18221546981158228707
@@@ mem[ 1528] = 0081240300c12083 : 36349867311833219
@@@ mem[ 1536] = 0001290300412483 : 326567842620547
@@@ mem[ 1544] = 0000806701010113 : 141179886829843
@@@ mem[ 1552] = 00112623ff010113 : 4827010648047891
@@@ mem[ 1560] = 0060051300812423 : 27027176935203875
@@@ mem[ 1568] = d20080e700000097 : 15132236477590667415
@@@ mem[ 1576] = 0010061300050413 : 4510278301844499
@@@ mem[ 1584] = 0000009700000593 : 648540063123
@@@ mem[ 1592] = 00200613da4080e7 : 9013881590546663
@@@ mem[ 1600] = 0004051300000593 : 1131479069361555
@@@ mem[ 1608] = d90080e700000097 : 15636639635856162967
@@@ mem[ 1616] = 0010059300200613 : 4509728547800595
@@@ mem[ 1624] = 0000009700040513 : 648540325139
@@@ mem[ 1632] = 00400613d7c080e7 : 18021080803344615
@@@ mem[ 1640] = 0004051300100593 : 1131479070410131
@@@ mem[ 1648] = d68080e700000097 : 15456495650761343127
@@@ mem[ 1656] = 0010059300300613 : 4509728548849171
@@@ mem[ 1664] = 0000009700040513 : 648540325139
@@@ mem[ 1672] = 00400613d54080e7 : 18021080761401575
@@@ mem[ 1680] = 0004051300200593 : 1131479071458707
@@@ mem[ 1688] = d40080e700000097 : 15276351665666523287
@@@ mem[ 1696] = 0030059300400613 : 13516927804638739
@@@ mem[ 1704] = 0000009700040513 : 648540325139
@@@ mem[ 1712] = 00000593d2c080e7 : 6132454162663
@@@ mem[ 1720] = 0000009700040513 : 648540325139
@@@ mem[ 1728] = 00c12083e8c080e7 : 54360421422891239
@@@ mem[ 1736] = 0101011300812403 : 72340250139108355
@@@ mem[ 1744] = ff01011300008067 : 18374969135764373607
@@@ mem[ 1752] = 0081242300112623 : 36350004739253795
@@@ mem[ 1760] = 0005041300912223 : 1411854543954467
@@@ mem[ 1768] = 0080051300058493 : 36034376181843091
@@@ mem[ 1776] = af4080e700000097 : 12628235084772671639
@@@ mem[ 1784] = 0004278300952023 : 1169343510814755
@@@ mem[ 1792] = 00a4202300f52223 : 46197230892556835
@@@ mem[ 1800] = 0081240300c12083 : 36349867311833219
@@@ mem[ 1808] = 0101011300412483 : 72340250134914179
@@@ mem[ 1816] = 0005278300008067 : 1450818477785191
@@@ mem[ 1824] = 00e520230005a703 : 64493104363054851
@@@ mem[ 1832] = 0000806700f5a023 : 141179886084131
@@@ mem[ 1840] = 0000806700051463 : 141179870319715
@@@ mem[ 1848] = 00112623ff010113 : 4827010648047891
@@@ mem[ 1856] = 0091222300812423 : 40851405350708259
@@@ mem[ 1864] = 0005091301212023 : 1417352111530019
@@@ mem[ 1872] = 0009041300000493 : 2537754441286803
@@@ mem[ 1880] = 0200006f00000693 : 144115664817227411
@@@ mem[ 1888] = ff1ff06f00040493 : 18383676563481953427
@@@ mem[ 1896] = 0000009700040513 : 648540325139
@@@ mem[ 1904] = 00100693fb0080e7 : 4510832268443879
@@@ mem[ 1912] = 0044258300442403 : 19181542991733763
@@@ mem[ 1920] = 0004270300958a63 : 1168793755028067
@@@ mem[ 1928] = fee7d6e30005a783 : 18367885875700148099
@@@ mem[ 1936] = fc0696e3fd9ff06f : 18160368453374963823
@@@ mem[ 1944] = 0081240300c12083 : 36349867311833219
@@@ mem[ 1952] = 0001290300412483 : 326567842620547
@@@ mem[ 1960] = 0000806701010113 : 141179886829843
@@@ mem[ 1968] = 02112623fd010113 : 148942198690349331
@@@ mem[ 1976] = 000017b702812423 : 26074788471843
@@@ mem[ 1984] = 0007a503d8078793 : 2151760764831635
@@@ mem[ 1992] = 0087a6030047a583 : 38181653675746691
@@@ mem[ 2000] = 0107a70300c7a683 : 74211550214727299
@@@ mem[ 2008] = 00a124230147a783 : 45357204014344067
@@@ mem[ 2016] = 00c1282300b12623 : 54368801305732643
@@@ mem[ 2024] = 00e12c2300d12a23 : 63380398609082915
@@@ mem[ 2032] = 0001222300f12e23 : 319008711716387
@@@ mem[ 2040] = 0050079300000413 : 22526326078440467
@@@ mem[ 2048] = 002417930287c463 : 10159019331667043
@@@ mem[ 2056] = 00f707b302010713 : 69532784661694227
@@@ mem[ 2064] = 00410513fe87a583 : 18301456919012739
@@@ mem[ 2072] = ebc080e700000097 : 16987719524067311767
@@@ mem[ 2080] = fd9ff06f00140413 : 18275590172426109971
@@@ mem[ 2088] = 0000009700412503 : 648544331011
@@@ mem[ 2096] = 02c12083f04080e7 : 198475609624576231
@@@ mem[ 2104] = 0301011302812403 : 216455438248518659
@@@ mem[ 2112] = 0000173700008067 : 25524990672999
@@@ mem[ 2120] = 00178793da072783 : 6622993552189315
@@@ mem[ 2128] = 00005737daf72023 : 95897408446499
@@@ mem[ 2136] = e347071300279793 : 16377066348144465811
@@@ mem[ 2144] = 00a7a02300f707b3 : 47182393311168435
@@@ mem[ 2152] = 000017b700008067 : 26074746486887
@@@ mem[ 2160] = fff70693da07a703 : 18444218031007049475
@@@ mem[ 2168] = 000057b7dad7a023 : 96447162196003
@@@ mem[ 2176] = e347879300271713 : 16377207635388602131
@@@ mem[ 2184] = 0007a50300e787b3 : 2151757155633075
@@@ mem[ 2192] = 000057b700008067 : 96443490664551
@@@ mem[ 2200] = da07270300001737 : 15710568718943655735
@@@ mem[ 2208] = e347879300271713 : 16377207635388602131
@@@ mem[ 2216] = 0007a50300e787b3 : 2151757155633075
@@@ mem[ 2224] = 000017b700008067 : 26074746486887
@@@ mem[ 2232] = 00150513da07a503 : 5916557331375363
@@@ mem[ 2240] = 0000806700153513 : 141179871376659
@@@ mem[ 2248] = 00112623ff010113 : 4827010648047891
@@@ mem[ 2256] = 0000009700100513 : 648541111571
@@@ mem[ 2264] = 00050023910080e7 : 1407527640137959
@@@ mem[ 2272] = dc07a703000017b7 : 15854824644507867063
@@@ mem[ 2280] = dcd7a02300170693 : 15913363880522745491
@@@ mem[ 2288] = 00271713000057b7 : 11002894463555511
@@@ mem[ 2296] = 00e787b3e4878793 : 65169926323144595
@@@ mem[ 2304] = 00c1208300a7a023 : 54360417528946723
@@@ mem[ 2312] = 0000806701010113 : 141179886829843
@@@ mem[ 2320] = dd07071300005737 : 15926706385404843831
@@@ mem[ 2328] = 00a787b300251793 : 47155523982006163
@@@ mem[ 2336] = 0027979300b787b3 : 11144181719730099
@@@ mem[ 2344] = 0010069300f707b3 : 4510828073519027
@@@ mem[ 2352] = 0025979300d7a023 : 10581231768412195
@@@ mem[ 2360] = 00a5853300b785b3 : 46589825259111859
@@@ mem[ 2368] = 00a7053300251513 : 47012037714580755
@@@ mem[ 2376] = 0000806700d52023 : 141179883954211
@@@ mem[ 2384] = 0000051300050693 : 5579162846867
@@@ mem[ 2392] = 001505130080006f : 5916553681829999
@@@ mem[ 2400] = dc07a783000017b7 : 15854825194263680951
@@@ mem[ 2408] = 0000573704f55663 : 95893818005091
@@@ mem[ 2416] = 00d787b300269793 : 60666322864215955
@@@ mem[ 2424] = 0027979300a787b3 : 11144181718681523
@@@ mem[ 2432] = 00f707b3dd070713 : 69532788336297747
@@@ mem[ 2440] = 001007930007a703 : 4511927569458947
@@@ mem[ 2448] = 00005737fcf716e3 : 95897978869475
@@@ mem[ 2456] = e487071300251793 : 16467138340691711891
@@@ mem[ 2464] = 0007a78300f707b3 : 2154505935718323
@@@ mem[ 2472] = fa0798e30007c783 : 18016536935044466563
@@@ mem[ 2480] = fff005130080006f : 18442246053253087343
@@@ mem[ 2488] = ff01011300008067 : 18374969135764373607
@@@ mem[ 2496] = 000057b700112623 : 96443491755555
@@@ mem[ 2504] = 00100713e487a783 : 4511381647239043
@@@ mem[ 2512] = 0000051300e78023 : 5579177689123
@@@ mem[ 2520] = e6c080e700000097 : 16627431553877672087
@@@ mem[ 2528] = 000057b70280006f : 96443532574831
@@@ mem[ 2536] = e487879300251713 : 16467279627935880979
@@@ mem[ 2544] = 0007a78300e787b3 : 2154505934702515
@@@ mem[ 2552] = 00e7802300100713 : 65161607433422611
@@@ mem[ 2560] = e44080e700000097 : 16447287568782852247
@@@ mem[ 2568] = eac080e700000097 : 16915661930029383831
@@@ mem[ 2576] = 0000009702051463 : 648573949027
@@@ mem[ 2584] = 00000097e80080e7 : 652432408807
@@@ mem[ 2592] = fff00793f34080e7 : 18442248806104858855
@@@ mem[ 2600] = 00000097faf51ee3 : 652750429923
@@@ mem[ 2608] = fd5ff06fe40080e7 : 18257575777740554471
@@@ mem[ 2616] = 000017b700000713 : 26074746455827
@@@ mem[ 2624] = 02f75263dc07a783 : 213730096170116995
@@@ mem[ 2632] = 00271693000057b7 : 11002344707741623
@@@ mem[ 2640] = 00d787b3e4878793 : 60666326695774099
@@@ mem[ 2648] = 000780230007a783 : 2111212649686915
@@@ mem[ 2656] = fd9ff06f00170713 : 18275590172426307347
@@@ mem[ 2664] = 0101011300c12083 : 72340250143301763
@@@ mem[ 2672] = ff01011300008067 : 18374969135764373607
@@@ mem[ 2680] = 0000061300112623 : 6678675269155
@@@ mem[ 2688] = 001606130080006f : 6199128170168431
@@@ mem[ 2696] = 02c7cc6300400793 : 200353434019301267
@@@ mem[ 2704] = 0040079300000693 : 18022726451070611
@@@ mem[ 2712] = 00005737fed7c6e3 : 95898010371811
@@@ mem[ 2720] = 00c787b300261793 : 56162723236812691
@@@ mem[ 2728] = 0027979300d787b3 : 11144181721827251
@@@ mem[ 2736] = 00f707b3dd070713 : 69532788336297747
@@@ mem[ 2744] = 001686930007a023 : 6340415406448675
@@@ mem[ 2752] = 00000097fd5ff06f : 652790984815
@@@ mem[ 2760] = 00000097e04080e7 : 652302385383
@@@ mem[ 2768] = 00000097dfc080e7 : 652293996775
@@@ mem[ 2776] = 00000097df4080e7 : 652285608167
@@@ mem[ 2784] = 00000097dec080e7 : 652277219559
@@@ mem[ 2792] = 00100593de4080e7 : 4509732274471143
@@@ mem[ 2800] = 0000009700000513 : 648540062995
@@@ mem[ 2808] = 00200593e1c080e7 : 9013331960561895
@@@ mem[ 2816] = 0000009700000513 : 648540062995
@@@ mem[ 2824] = 00300593e0c080e7 : 13516931571155175
@@@ mem[ 2832] = 0000009700000513 : 648540062995
@@@ mem[ 2840] = 00400593dfc080e7 : 18020531181748455
@@@ mem[ 2848] = 0000009700100513 : 648541111571
@@@ mem[ 2856] = 00400593dec080e7 : 18020531164971239
@@@ mem[ 2864] = 0000009700200513 : 648542160147
@@@ mem[ 2872] = 00400593ddc080e7 : 18020531148194023
@@@ mem[ 2880] = 0000009700300513 : 648543208723
@@@ mem[ 2888] = 00000097dcc080e7 : 652243665127
@@@ mem[ 2896] = 00c12083e70080e7 : 54360421393531111
@@@ mem[ 2904] = 0000806701010113 : 141179886829843
@@@ mem[ 2912] = 06f50c6300100793 : 501320552864024467
@@@ mem[ 2920] = 00112e23fe010113 : 4835806724292883
@@@ mem[ 2928] = 00912a2300812c23 : 40860201443732515
@@@ mem[ 2936] = 0131262301212823 : 85891799681411107
@@@ mem[ 2944] = 0006091300058993 : 1698827069655443
@@@ mem[ 2952] = fff5041300068493 : 18443652328617051283
@@@ mem[ 2960] = 0004861300060693 : 1273316069738131
@@@ mem[ 2968] = 0000009700040513 : 648540325139
@@@ mem[ 2976] = 00098693fc4080e7 : 2681244940796135
@@@ mem[ 2984] = 0004859300090613 : 1272766314120723
@@@ mem[ 2992] = 0000009700040513 : 648540325139
@@@ mem[ 3000] = 00000513fac080e7 : 5583369437415
@@@ mem[ 3008] = 0181240301c12083 : 108407461366538371
@@@ mem[ 3016] = 0101290301412483 : 72384161897325699
@@@ mem[ 3024] = 0201011300c12983 : 144397844181232003
@@@ mem[ 3032] = 0000051300008067 : 5579162550375
@@@ mem[ 3040] = ff01011300008067 : 18374969135764373607
@@@ mem[ 3048] = 0420069300112623 : 297244803837535779
@@@ mem[ 3056] = 0410059304300613 : 292740104767669779
@@@ mem[ 3064] = 0000009700500513 : 648545305875
@@@ mem[ 3072] = 00c12083f64080e7 : 54360421649383655
@@@ mem[ 3080] = 0000806701010113 : 141179886829843
@@@ mem[ 3088] = 00112623ff010113 : 4827010648047891
@@@ mem[ 3096] = 9f8080e700000097 : 11493327978675306647
@@@ mem[ 3104] = b90080e700000097 : 13330796626642469015
@@@ mem[ 3112] = e4c080e700000097 : 16483316365801816215
@@@ mem[ 3120] = fb4080e700000097 : 18104612231655194775
@@@ mem[ 3128] = 00c1208300000513 : 54360417517962515
@@@ mem[ 3136] = 0000806701010113 : 141179886829843
@@@ mem[ 3144] = 0005071300f00313 : 1415153085055763
@@@ mem[ 3152] = 00f7779302c37e63 : 69655792537796195
@@@ mem[ 3160] = 080592630a079063 : 578029081254662243
@@@ mem[ 3168] = 00f67613ff067693 : 69372672525891219
@@@ mem[ 3176] = 00b7202300e686b3 : 51545255449102003
@@@ mem[ 3184] = 00b7242300b72223 : 51549653492507171
@@@ mem[ 3192] = 0107071300b72623 : 74035697072678435
@@@ mem[ 3200] = 00061463fed766e3 : 1711269570111203
@@@ mem[ 3208] = 40c306b300008067 : 4666581004754911335
@@@ mem[ 3216] = 0000029700269693 : 2847565846163
@@@ mem[ 3224] = 00c68067005686b3 : 55873225264367283
@@@ mem[ 3232] = 00b706a300b70723 : 51517217899480867
@@@ mem[ 3240] = 00b705a300b70623 : 51516118387852835
@@@ mem[ 3248] = 00b704a300b70523 : 51515018876224803
@@@ mem[ 3256] = 00b703a300b70423 : 51513919364596771
@@@ mem[ 3264] = 00b702a300b70323 : 51512819852968739
@@@ mem[ 3272] = 00b701a300b70223 : 51511720341340707
@@@ mem[ 3280] = 00b700a300b70123 : 51510620829712675
@@@ mem[ 3288] = 0000806700b70023 : 141179881979939
@@@ mem[ 3296] = 008596930ff5f593 : 37601730274653587
@@@ mem[ 3304] = 0105969300d5e5b3 : 73630527039858099
@@@ mem[ 3312] = f6dff06f00d5e5b3 : 17789201412682802611
@@@ mem[ 3320] = 0000029700279693 : 2847565911699
@@@ mem[ 3328] = 00008293005686b3 : 143567877473971
@@@ mem[ 3336] = 00028093fa0680e7 : 704322996699367
@@@ mem[ 3344] = 40f70733ff078793 : 4681218257578330003
@@@ mem[ 3352] = f6c378e300f60633 : 17781188670157882931
@@@ mem[ 3360] = 00000000f3dff06f : 4091539567
@@@
@@@ mem[ 3456] = 000000380000000c : 240518168588
@@@ mem[ 3464] = 0000000b00000002 : 47244640258
@@@ mem[ 3472] = 0000005a00000001 : 386547056641
@@@
@@@ mem[ 3488] = 00003d80ffffffff : 67624260075519
@@@ mem[ 3496] = 0000000000001050 : 4176
@@@
@@@ mem[ 3520] = 00000dc800000005 : 15152644620293
@@@ mem[ 3528] = 0000000000000dc8 : 3528
@@@ mem[ 3536] = 0000000c00000dc8 : 51539611080
@@@ mem[ 3544] = 00000dec00000006 : 15307263442950
@@@ mem[ 3552] = 00000dc800000e0c : 15152644623884
@@@ mem[ 3560] = 00000e4c00000018 : 15719580303384
@@@ mem[ 3568] = 00000ecc00000eac : 16269336121004
@@@ mem[ 3576] = 00000efc00000eec : 16475494551276
@@@ mem[ 3584] = 00000dc800000000 : 15152644620288
@@@ mem[ 3592] = 0000000100000018 : 4294967320
@@@ mem[ 3600] = 0000000100000001 : 4294967297
@@@ mem[ 3608] = 0000000100000001 : 4294967297
@@@ mem[ 3616] = 00000dc800000000 : 15152644620288
@@@ mem[ 3624] = 0000000100000008 : 4294967304
@@@ mem[ 3632] = 00000dc800000000 : 15152644620288
@@@ mem[ 3640] = 0000000000000008 : 8
@@@ mem[ 3648] = 00000dc800000000 : 15152644620288
@@@ mem[ 3656] = 0000000200000008 : 8589934600
@@@ mem[ 3664] = 00000dc800000e2c : 15152644623916
@@@ mem[ 3672] = 0000000000000008 : 8
@@@ mem[ 3680] = 00000dc800000000 : 15152644620288
@@@ mem[ 3688] = 0000000200000008 : 8589934600
@@@ mem[ 3696] = 00000dc800000e3c : 15152644623932
@@@ mem[ 3704] = 0000000100000008 : 4294967304
@@@ mem[ 3712] = 00000dc800000e5c : 15152644623964
@@@ mem[ 3720] = 0000000400000008 : 17179869192
@@@ mem[ 3728] = 00000dc800000e6c : 15152644623980
@@@ mem[ 3736] = 0000000100000008 : 4294967304
@@@ mem[ 3744] = 00000dc800000000 : 15152644620288
@@@ mem[ 3752] = 0000000300000008 : 12884901896
@@@ mem[ 3760] = 00000dc800000e8c : 15152644624012
@@@ mem[ 3768] = 0000000100000008 : 4294967304
@@@ mem[ 3776] = 00000dc800000000 : 15152644620288
@@@ mem[ 3784] = 0000000400000008 : 17179869192
@@@ mem[ 3792] = 00000dc800000e7c : 15152644623996
@@@ mem[ 3800] = 0000000200000008 : 8589934600
@@@ mem[ 3808] = 00000dc800000e9c : 15152644624028
@@@ mem[ 3816] = 0000000400000008 : 17179869192
@@@ mem[ 3824] = 00000dc800000ebc : 15152644624060
@@@ mem[ 3832] = 0000000300000008 : 12884901896
@@@ mem[ 3840] = 00000dc800000edc : 15152644624092
@@@ mem[ 3848] = 00000002000000a8 : 8589934760
@@@ mem[ 3856] = 0000000400000001 : 17179869185
@@@ mem[ 3864] = 0000000000000003 : 3
@@@
@@@ mem[ 4008] = ffffffff00000000 : 18446744069414584320
@@@ mem[ 4016] = 00000dc8ffffffff : 15156939587583
@@@ mem[ 4024] = 0000005a00000008 : 386547056648
@@@ mem[ 4032] = 00000dc800000000 : 15152644620288
@@@ mem[ 4040] = 0000003800000008 : 240518168584
@@@ mem[ 4048] = 00000dc800000fbc : 15152644624316
@@@ mem[ 4056] = 0000000c00000008 : 51539607560
@@@ mem[ 4064] = 00000dc800000fcc : 15152644624332
@@@ mem[ 4072] = 0000000b00000008 : 47244640264
@@@ mem[ 4080] = 00000dc800000fdc : 15152644624348
@@@ mem[ 4088] = 0000000200000008 : 8589934600
@@@ mem[ 4096] = 00000dc800000fec : 15152644624364
@@@ mem[ 4104] = 0000000100000008 : 4294967304
@@@ mem[ 4112] = 00000dc800000ffc : 15152644624380
@@@ mem[ 4120] = 0000000000000004 : 4
@@@ mem[ 4128] = 0000000400000dc8 : 17179872712
@@@ mem[ 4136] = 00000dc800000000 : 15152644620288
@@@ mem[ 4144] = 0000000000000004 : 4
@@@ mem[ 4152] = 0000000400000dc8 : 17179872712
@@@ mem[ 4160] = 00000dc800000000 : 15152644620288
@@@ mem[ 4168] = 0000000000000004 : 4
@@@
@@@ mem[19920] = 0000000100000000 : 4294967296
@@@ mem[19928] = 0000000100000001 : 4294967297
@@@ mem[19936] = 0000000100000000 : 4294967296
@@@
@@@ mem[19952] = 0000000100000000 : 4294967296
@@@ mem[19960] = 0000000000000001 : 1
@@@
@@@ mem[19976] = 0000000100000001 : 4294967297
@@@
@@@ mem[19992] = 0000000100000000 : 4294967296
@@@ mem[20000] = 0000000100000000 : 4294967296
@@@ mem[20008] = 0000000100000001 : 4294967297
@@@
@@@ mem[20024] = 0000000400000001 : 17179869185
@@@ mem[20032] = 0000000000000003 : 3
@@@ mem[20040] = 000010280000101c : 17763984740380
@@@ mem[20048] = 0000104000001034 : 17867063955508
@@@ mem[20056] = 000000000000104c : 4172
@@@
@@@ mem[65384] = 0000004100000000 : 279172874240
@@@ mem[65392] = 0000004200000043 : 283467841603
@@@ mem[65400] = 00000bbc00000002 : 12902081757186
@@@
@@@ mem[65416] = 0000004200000000 : 283467841536
@@@ mem[65424] = 0000004100000043 : 279172874307
@@@ mem[65432] = 00000bbc00000003 : 12902081757187
@@@ mem[65440] = 0000005a00000000 : 386547056640
@@@ mem[65448] = 000000410000ffc4 : 279172939716
@@@ mem[65456] = 0000004200000043 : 283467841603
@@@ mem[65464] = 00000bbc00000004 : 12902081757188
@@@
@@@ mem[65480] = 0000000000010000 : 65536
@@@
@@@ mem[65496] = 00000c0400010000 : 13211319468032
@@@
@@@ mem[65512] = 00000c3800010000 : 13434657767424
@@@
@@@ mem[65528] = 000000a000000000 : 687194767360
@@@
@@@ System halted on WFI instruction
@@@
