
Final memory state and exit status:

@@@ Unified Memory contents hex on left, decimal on right: 
@@@
@@@ mem[    0] = 0000009700000013 : 648540061715
@@@ mem[    8] = 0001011709c08093 : 282673436197011
@@@ mem[   16] = 00010413ff410113 : 285958910050579
@@@ mem[   24] = e881819300001197 : 16753814557155135895
@@@ mem[   32] = 0000029300000213 : 2830383448595
@@@ mem[   40] = 0000039300000313 : 3929895076627
@@@ mem[   48] = 0000051300000493 : 5579162518675
@@@ mem[   56] = 0000061300000593 : 6678674146707
@@@ mem[   64] = 0000071300000693 : 7778185774739
@@@ mem[   72] = 0000081300000793 : 8877697402771
@@@ mem[   80] = 0000091300000893 : 9977209030803
@@@ mem[   88] = 00000a1300000993 : 11076720658835
@@@ mem[   96] = 00000b1300000a93 : 12176232286867
@@@ mem[  104] = 00000c1300000b93 : 13275743914899
@@@ mem[  112] = 00000d1300000c93 : 14375255542931
@@@ mem[  120] = 00000e1300000d93 : 15474767170963
@@@ mem[  128] = 00000f1300000e93 : 16574278798995
@@@ mem[  136] = 0900006f00000f93 : 648518823082725267
@@@
@@@ mem[  160] = f601011300010117 : 17726450789423055127
@@@ mem[  168] = 00000013fea12c23 : 85876354083
@@@ mem[  176] = 0000061310500073 : 6678947823731
@@@ mem[  184] = 0017879303c0006f : 6622989957202031
@@@ mem[  192] = 0027971302b7d063 : 11143631997489251
@@@ mem[  200] = 0007270300e50733 : 2013218690369331
@@@ mem[  208] = 00070693fed756e3 : 1977557542459107
@@@ mem[  216] = fe1ff06f00078613 : 18311618969444255251
@@@ mem[  224] = 0026161300d82023 : 10720319989358627
@@@ mem[  232] = 0066202300c50633 : 28745782333343283
@@@ mem[  240] = fff5879300088613 : 18443796914396235283
@@@ mem[  248] = 0026181302f65063 : 10722519048147043
@@@ mem[  256] = 0008230301050833 : 2290295622666291
@@@ mem[  264] = 0008879300160893 : 2400865245071507
@@@ mem[  272] = fadff06f00030693 : 18077431788820694675
@@@ mem[  280] = e601011300008067 : 16573529284816175207
@@@ mem[  288] = 18812c2318112e23 : 1765741058145201699
@@@ mem[  296] = 0620079300000413 : 441361091423896595
@@@ mem[  304] = 000000970487c663 : 648616068707
@@@ mem[  312] = 802017b7080080e7 : 9232405310990221543
@@@ mem[  320] = 02f517b380378793 : 213102617087674259
@@@ mem[  328] = 4097d79300f507b3 : 4654425766286919603
@@@ mem[  336] = 40e787b341f55713 : 4676855942023042835
@@@ mem[  344] = 40f707b300a79713 : 4681218803066443539
@@@ mem[  352] = 0024171340f507b3 : 10158470623201203
@@@ mem[  360] = 00e6873319010693 : 64887898176030355
@@@ mem[  368] = 00140413e6f72a23 : 5633983060060707
@@@ mem[  376] = 06300593fb5ff06f : 445862496245379183
@@@ mem[  384] = 0000009700410513 : 648544322835
@@@ mem[  392] = 00000513f30080e7 : 5583239413991
@@@ mem[  400] = 1981240319c12083 : 1837789718679462019
@@@ mem[  408] = 000080671a010113 : 141180306260243
@@@ mem[  416] = 6c07a783000007b7 : 7784374662015748023
@@@ mem[  424] = 0a07a6230aa7a423 : 722728934649078819
@@@ mem[  432] = 000007b700008067 : 8482560442471
@@@ mem[  440] = 4c9585b76c07a803 : 5518463941250361347
@@@ mem[  448] = 0a882683f2d58593 : 758898885368579475
@@@ mem[  456] = 02b687b30ac82703 : 195492836886980355
@@@ mem[  464] = 00f637b300178613 : 69304086211036691
@@@ mem[  472] = 5851f6370ac82423 : 6364138464715744291
@@@ mem[  480] = 02c6863342d60613 : 199994788187342355
@@@ mem[  488] = 02b6b6b302b70733 : 195544513798145843
@@@ mem[  496] = 00d7073300c70733 : 60525035630561075
@@@ mem[  504] = 0017951300e787b3 : 6637833316435891
@@@ mem[  512] = 001555130af82623 : 6004514787698211
@@@ mem[  520] = 0000000000008067 : 32871
@@@
@@@ mem[  608] = 0000000000000280 : 640
@@@
@@@ mem[  640] = 0000056c00000000 : 5961414606848
@@@ mem[  648] = 0000063c000005d4 : 6854767805908
@@@
@@@ mem[  808] = c6755a5b8666f82c : 14300435540928297004
@@@ mem[  816] = e66d1234abcd330e : 16603947418614838030
@@@ mem[  824] = 0000000b0005deec : 47245025004
@@@
@@@ mem[ 1728] = 0000000000000280 : 640
@@@
@@@ mem[65120] = 0000000100000000 : 4294967296
@@@ mem[65128] = 0000001100000003 : 73014444035
@@@ mem[65136] = 0000001e0000001a : 128849018906
@@@ mem[65144] = 000000300000002a : 206158430250
@@@ mem[65152] = 0000003b00000038 : 253403070520
@@@ mem[65160] = 0000005500000049 : 365072220233
@@@ mem[65168] = 0000005c0000005b : 395136991323
@@@ mem[65176] = 000000600000005e : 412316860510
@@@ mem[65184] = 0000008000000079 : 549755814009
@@@ mem[65192] = 0000008c00000086 : 601295421574
@@@ mem[65200] = 000000a200000093 : 695784702099
@@@ mem[65208] = 000000d6000000bd : 919123001533
@@@ mem[65216] = 000000e1000000de : 966367641822
@@@ mem[65224] = 000000e4000000e3 : 979252543715
@@@ mem[65232] = 000000f7000000e6 : 1060856922342
@@@ mem[65240] = 000000fe000000f7 : 1090921693431
@@@ mem[65248] = 0000012000000116 : 1236950581526
@@@ mem[65256] = 000001320000012d : 1314259992877
@@@ mem[65264] = 0000013800000137 : 1340029796663
@@@ mem[65272] = 000001460000013e : 1400159338814
@@@ mem[65280] = 0000014d00000148 : 1430224109896
@@@ mem[65288] = 000001730000016c : 1593432867180
@@@ mem[65296] = 0000017800000177 : 1614907703671
@@@ mem[65304] = 0000017c0000017c : 1632087572860
@@@ mem[65312] = 0000019f00000194 : 1782411428244
@@@ mem[65320] = 000001d4000001b5 : 2010044694965
@@@ mem[65328] = 000001ed000001e1 : 2117418877409
@@@ mem[65336] = 00000202000001fd : 2207613190653
@@@ mem[65344] = 0000020a00000208 : 2241972929032
@@@ mem[65352] = 0000021800000212 : 2302102471186
@@@ mem[65360] = 0000023000000222 : 2405181686306
@@@ mem[65368] = 0000023e0000023d : 2465311228477
@@@ mem[65376] = 0000025200000242 : 2551210574402
@@@ mem[65384] = 000002660000025a : 2637109920346
@@@ mem[65392] = 000002a100000297 : 2890512990871
@@@ mem[65400] = 000002a6000002a4 : 2911987827364
@@@ mem[65408] = 000002be000002ae : 3015067042478
@@@ mem[65416] = 000002d6000002bf : 3118146257599
@@@ mem[65424] = 000002fa000002e3 : 3272765080291
@@@ mem[65432] = 0000031b0000030e : 3414499001102
@@@ mem[65440] = 0000032f00000328 : 3500398347048
@@@ mem[65448] = 000003410000033b : 3577707758395
@@@ mem[65456] = 0000035000000345 : 3642132267845
@@@ mem[65464] = 0000036f0000036f : 3775276254063
@@@ mem[65472] = 0000037900000372 : 3818225927026
@@@ mem[65480] = 0000038f00000387 : 3912715207559
@@@ mem[65488] = 0000039900000398 : 3955664880536
@@@ mem[65496] = 000003aa000003a7 : 4028679324583
@@@ mem[65504] = 000003ea000003cf : 4303557231567
@@@ mem[65512] = 000003f9000003f3 : 4367981741043
@@@
@@@ mem[65528] = 000000a000000000 : 687194767360
@@@
@@@ System halted on WFI instruction
@@@
