
Final memory state and exit status:

@@@ Unified Memory contents hex on left, decimal on right: 
@@@
@@@ mem[    0] = 0000009700000013 : 648540061715
@@@ mem[    8] = 0001011709c08093 : 282673436197011
@@@ mem[   16] = 00010413ff410113 : 285958910050579
@@@ mem[   24] = b681819300001197 : 13150934855258739095
@@@ mem[   32] = 0000029300000213 : 2830383448595
@@@ mem[   40] = 0000039300000313 : 3929895076627
@@@ mem[   48] = 0000051300000493 : 5579162518675
@@@ mem[   56] = 0000061300000593 : 6678674146707
@@@ mem[   64] = 0000071300000693 : 7778185774739
@@@ mem[   72] = 0000081300000793 : 8877697402771
@@@ mem[   80] = 0000091300000893 : 9977209030803
@@@ mem[   88] = 00000a1300000993 : 11076720658835
@@@ mem[   96] = 00000b1300000a93 : 12176232286867
@@@ mem[  104] = 00000c1300000b93 : 13275743914899
@@@ mem[  112] = 00000d1300000c93 : 14375255542931
@@@ mem[  120] = 00000e1300000d93 : 15474767170963
@@@ mem[  128] = 00000f1300000e93 : 16574278798995
@@@ mem[  136] = 2040006f00000f93 : 2323857884464549779
@@@
@@@ mem[  160] = f601011300010117 : 17726450789423055127
@@@ mem[  168] = 00000013fea12c23 : 85876354083
@@@ mem[  176] = ff01011310500073 : 18374969136038019187
@@@ mem[  184] = 0101041300812623 : 72343548673992227
@@@ mem[  192] = 0013031340b60333 : 5351405782434611
@@@ mem[  200] = 0023179340c686b3 : 9877545399256755
@@@ mem[  208] = ff07f79300f78793 : 18376929015257073555
@@@ mem[  216] = 00010e1340f10133 : 296950833414451
@@@ mem[  224] = 00f7879300269793 : 69673384680003475
@@@ mem[  232] = 40f10133ff07f793 : 4679522810648328083
@@@ mem[  240] = 0000071300010893 : 7778185840787
@@@ mem[  248] = 00b707b302675463 : 51518386158916707
@@@ mem[  256] = 00f507b300279793 : 68969834677245843
@@@ mem[  264] = 002717930007a803 : 11003444219848707
@@@ mem[  272] = 0107a02300fe07b3 : 74203991075850163
@@@ mem[  280] = fddff06f00170713 : 18293604570935789331
@@@ mem[  288] = 02d7566300000713 : 204727291270399763
@@@ mem[  296] = 00f707b300160793 : 69532784629516179
@@@ mem[  304] = 00f507b300279793 : 68969834677245843
@@@ mem[  312] = 002717930007a803 : 11003444219848707
@@@ mem[  320] = 0107a02300f887b3 : 74203991075489715
@@@ mem[  328] = fd9ff06f00170713 : 18275590172426307347
@@@ mem[  336] = 0000079300000713 : 8327941588755
@@@ mem[  344] = 002598130180006f : 10581781535260783
@@@ mem[  352] = 00c8202301050833 : 56330330055182387
@@@ mem[  360] = 0015859300170713 : 6057840919119635
@@@ mem[  368] = 02d75a630267dc63 : 204731689357270115
@@@ mem[  376] = 00ce063300279613 : 57990661318088211
@@@ mem[  384] = 0027161300062803 : 11001794952308739
@@@ mem[  392] = 0006260300c88633 : 1730644200162867
@@@ mem[  400] = 00259613fd0646e3 : 10579586731886307
@@@ mem[  408] = 0106202300c50633 : 73781778607048243
@@@ mem[  416] = fc9ff06f00178793 : 18203532578388412307
@@@ mem[  424] = 002596130467d463 : 10579582560752739
@@@ mem[  432] = 0027981300c50633 : 11144731476428339
@@@ mem[  440] = 00082803010e0833 : 2295793181394995
@@@ mem[  448] = 0017879301062023 : 6622989911466019
@@@ mem[  456] = fddff06f00158593 : 18293604570935690643
@@@ mem[  464] = 00f507b300259793 : 68969834677114771
@@@ mem[  472] = 00c8863300271613 : 56442548946146835
@@@ mem[  480] = 00c7a02300062603 : 56189592550123011
@@@ mem[  488] = 0015859300170713 : 6057840919119635
@@@ mem[  496] = ff040113fed740e3 : 18375813564969992419
@@@ mem[  504] = 0101011300c12403 : 72340250143302659
@@@ mem[  512] = 00c5c46300008067 : 55666499892838503
@@@ mem[  520] = fe01011300008067 : 18302911541726445671
@@@ mem[  528] = 00812c2300112e23 : 36358800832278051
@@@ mem[  536] = 0121282300912a23 : 81390399067859491
@@@ mem[  544] = 0005091301312623 : 1417352112580131
@@@ mem[  552] = 0006049300058413 : 1693879267329043
@@@ mem[  560] = 4019d99340b609b3 : 4618962119314246067
@@@ mem[  568] = 0009861300b989b3 : 2680690965055923
@@@ mem[  576] = fc4080e700000097 : 18176669825693122711
@@@ mem[  584] = 0019859300048613 : 7183740824749587
@@@ mem[  592] = 0000009700090513 : 648540652819
@@@ mem[  600] = 00048693fb0080e7 : 1273870036271335
@@@ mem[  608] = 0004059300098613 : 1132028825798163
@@@ mem[  616] = 0000009700090513 : 648540652819
@@@ mem[  624] = 01c12083e48080e7 : 126418015389516007
@@@ mem[  632] = 0141248301812403 : 90393612608676867
@@@ mem[  640] = 00c1298301012903 : 54370313139464451
@@@ mem[  648] = 0000806702010113 : 141179903607059
@@@ mem[  656] = 06112623f9010113 : 437172574774952211
@@@ mem[  664] = 36078793000007b7 : 3893229468315027383
@@@ mem[  672] = 0507869300410713 : 362406260949190419
@@@ mem[  680] = 0047a5030007a803 : 20166155650443267
@@@ mem[  688] = 00c7a6030087a583 : 56196052189422979
@@@ mem[  696] = 00a7222301072023 : 47043854847123491
@@@ mem[  704] = 00c7262300b72423 : 56055452143133731
@@@ mem[  712] = 0107071301078793 : 74035697077946259
@@@ mem[  720] = 0007a603fcd79ce3 : 2152860894076131
@@@ mem[  728] = 0087a7830047a683 : 38183302943188611
@@@ mem[  736] = 00d7222300c72023 : 60554653725040675
@@@ mem[  744] = 0170061300f72423 : 103589470119863331
@@@ mem[  752] = 0041051300000593 : 18301452648711571
@@@ mem[  760] = f0c080e700000097 : 17348007494256951447
@@@ mem[  768] = 06c1208300000513 : 486705981745530131
@@@ mem[  776] = 0000806707010113 : 141179987493139
@@@
@@@ mem[  864] = 0000000f00000020 : 64424509472
@@@ mem[  872] = 0000000500000141 : 21474836801
@@@ mem[  880] = 0000000300000004 : 12884901892
@@@ mem[  888] = 0000004a00000002 : 317827579906
@@@ mem[  896] = 0000000400000009 : 17179869193
@@@ mem[  904] = 000005230000034e : 5647881995086
@@@ mem[  912] = 0000199400000054 : 28123445854292
@@@ mem[  920] = 000017e10000002f : 26255135080495
@@@ mem[  928] = 0000001100000001 : 73014444033
@@@ mem[  936] = 00000544000001e5 : 5789615915493
@@@ mem[  944] = 0000053d00000004 : 5759551143940
@@@ mem[  952] = 0000000000000300 : 768
@@@
@@@ mem[65216] = 0000000000000300 : 768
@@@
@@@ mem[65232] = 000000000000053d : 1341
@@@
@@@ mem[65256] = 0000001500000000 : 90194313216
@@@ mem[65264] = 0000053d00000300 : 5759551144704
@@@ mem[65272] = 0000001600000000 : 94489280512
@@@ mem[65280] = 0000000100000000 : 4294967296
@@@ mem[65288] = 0000001100000004 : 73014444036
@@@ mem[65296] = 000000540000002f : 360777252911
@@@ mem[65304] = 00000300000001e5 : 3298534883813
@@@ mem[65312] = 000005440000053d : 5789615916349
@@@ mem[65320] = 00001994000017e1 : 28123445860321
@@@ mem[65328] = 0000000300000002 : 12884901890
@@@ mem[65336] = 0000000400000004 : 17179869188
@@@ mem[65344] = 0000000900000005 : 38654705669
@@@ mem[65352] = 000000200000000f : 137438953487
@@@ mem[65360] = 000001410000004a : 1378684502090
@@@ mem[65368] = 000005230000034e : 5647881995086
@@@ mem[65376] = 000000170000ff94 : 98784313236
@@@
@@@ mem[65416] = 0000030000010000 : 3298534948864
@@@
@@@ mem[65432] = 0000000200000001 : 8589934593
@@@ mem[65440] = 0000000400000003 : 17179869187
@@@ mem[65448] = 0000000400000004 : 17179869188
@@@ mem[65456] = 0000000900000005 : 38654705669
@@@ mem[65464] = 000000110000000f : 73014444047
@@@ mem[65472] = 0000002f00000020 : 201863462944
@@@ mem[65480] = 000000540000004a : 360777252938
@@@ mem[65488] = 000001e500000141 : 2083059138881
@@@ mem[65496] = 0000034e00000300 : 3633542333184
@@@ mem[65504] = 0000053d00000523 : 5759551145251
@@@ mem[65512] = 000017e100000544 : 26255135081796
@@@ mem[65520] = 0000000000001994 : 6548
@@@ mem[65528] = 000000a000000000 : 687194767360
@@@
@@@ System halted on WFI instruction
@@@
