
Final memory state and exit status:

@@@ Unified Memory contents hex on left, decimal on right: 
@@@
@@@ mem[    0] = 0000009700000013 : 648540061715
@@@ mem[    8] = 0001011709c08093 : 282673436197011
@@@ mem[   16] = 00010413ff410113 : 285958910050579
@@@ mem[   24] = d881819300001197 : 15600893052548288919
@@@ mem[   32] = 0000029300000213 : 2830383448595
@@@ mem[   40] = 0000039300000313 : 3929895076627
@@@ mem[   48] = 0000051300000493 : 5579162518675
@@@ mem[   56] = 0000061300000593 : 6678674146707
@@@ mem[   64] = 0000071300000693 : 7778185774739
@@@ mem[   72] = 0000081300000793 : 8877697402771
@@@ mem[   80] = 0000091300000893 : 9977209030803
@@@ mem[   88] = 00000a1300000993 : 11076720658835
@@@ mem[   96] = 00000b1300000a93 : 12176232286867
@@@ mem[  104] = 00000c1300000b93 : 13275743914899
@@@ mem[  112] = 00000d1300000c93 : 14375255542931
@@@ mem[  120] = 00000e1300000d93 : 15474767170963
@@@ mem[  128] = 00000f1300000e93 : 16574278798995
@@@ mem[  136] = 3840006f00000f93 : 4053240141374820243
@@@
@@@ mem[  160] = f601011300010117 : 17726450789423055127
@@@ mem[  168] = 00000013fea12c23 : 85876354083
@@@ mem[  176] = 000007b710500073 : 8482834088051
@@@ mem[  184] = 02f560635ec78793 : 213182537278130067
@@@ mem[  192] = 5ec78793000047b7 : 6829576425360607159
@@@ mem[  200] = ff85069300a7ea63 : 18412129880015104611
@@@ mem[  208] = 5e07a783000007b7 : 6775568345484756919
@@@ mem[  216] = ff01011301c0006f : 18374969135793700975
@@@ mem[  224] = 0010051300112623 : 4509178791011875
@@@ mem[  232] = fb8080e700000097 : 18122626630164676759
@@@ mem[  240] = 00d7f66300070793 : 60788025055446931
@@@ mem[  248] = 00e6ee630007a703 : 65001353613125379
@@@ mem[  256] = fee7e6e30007a703 : 18367903467886323459
@@@ mem[  264] = 00e6e66300d7e863 : 64992557533751395
@@@ mem[  272] = fe1ff06f00070793 : 18311618969444222867
@@@ mem[  280] = 00359713ffc52583 : 15084285916947843
@@@ mem[  288] = 0007a60300e68733 : 2152856667195187
@@@ mem[  296] = fec52c2302c70463 : 18358127984927769699
@@@ mem[  304] = 003617130047a603 : 15225019118888451
@@@ mem[  312] = 02d7086300e78733 : 204641529378604851
@@@ mem[  320] = 0000073700d7a023 : 7932818726947
@@@ mem[  328] = 000080675ef72023 : 141181463240739
@@@ mem[  336] = 00e585b300462703 : 64604773516977923
@@@ mem[  344] = 0007a703feb52e23 : 2153960437001763
@@@ mem[  352] = fee52c2300072703 : 18367135184136382211
@@@ mem[  360] = ffc52703fc9ff06f : 18430179948160348271
@@@ mem[  368] = 00c7a22300e60633 : 56191791588050483
@@@ mem[  376] = 00e7a023ff852703 : 65196796091377411
@@@ mem[  384] = 000007b7fc5ff06f : 8486794555503
@@@ mem[  392] = 04a7e8635c07a783 : 335492210705803139
@@@ mem[  400] = 00112623ff010113 : 4827010648047891
@@@ mem[  408] = 5c46a703000006b7 : 6649185531185858231
@@@ mem[  416] = 5cc6a22300a70633 : 6685208968096581171
@@@ mem[  424] = 000006b740a787b3 : 7384133502899
@@@ mem[  432] = ff8505135cf6a023 : 18412128232296325155
@@@ mem[  440] = 0087051300a72223 : 38004701029409315
@@@ mem[  448] = ef4080e700000097 : 17239921103200059543
@@@ mem[  456] = 5e07a503000007b7 : 6775565596705687479
@@@ mem[  464] = 0101011300c12083 : 72340250143301763
@@@ mem[  472] = 0000051300008067 : 5579162550375
@@@ mem[  480] = 000047b700008067 : 78851304620135
@@@ mem[  488] = ff0101130ca7ea63 : 18374969135976671843
@@@ mem[  496] = 0081242300112623 : 36350004739253795
@@@ mem[  504] = 0005041300912223 : 1411854543954467
@@@ mem[  512] = 0007866300357793 : 2118084600362899
@@@ mem[  520] = 00440413ffc57413 : 19144782358344723
@@@ mem[  528] = 000007b700840493 : 8482569061523
@@@ mem[  536] = 000706635e07a703 : 1977348686063363
@@@ mem[  544] = 0700006f00072503 : 504403635007333635
@@@ mem[  552] = 5e47079300000737 : 6793406890853271351
@@@ mem[  560] = 5ef6a023000006b7 : 6842832756020348599
@@@ mem[  568] = 0007a22300f7a023 : 2148596060758051
@@@ mem[  576] = fddff06f5e470713 : 18293604572515993363
@@@ mem[  584] = 409787b302878c63 : 4654337942822030435
@@@ mem[  592] = 0037979300f52223 : 15647781351137827
@@@ mem[  600] = 0085222300f50533 : 37473705637774643
@@@ mem[  608] = 5ee7a023000007b7 : 6838610631369689015
@@@ mem[  616] = 00c1208300850513 : 54360417526678803
@@@ mem[  624] = 0041248300812403 : 18336018553971715
@@@ mem[  632] = 0000806701010113 : 141179886829843
@@@ mem[  640] = 00f7202300052783 : 69559653943814019
@@@ mem[  648] = 00050713fd9ff06f : 1415157324443759
@@@ mem[  656] = 0045278300052503 : 19465216987571459
@@@ mem[  664] = 000007b7fa87f8e3 : 8486763624675
@@@ mem[  672] = fea794e35e07a783 : 18349798911000422275
@@@ mem[  680] = 0000009700048513 : 648540357907
@@@ mem[  688] = fc051ce3ed8080e7 : 18159952837709168871
@@@ mem[  696] = 00000513fb5ff06f : 5583379886191
@@@ mem[  704] = ff01011300008067 : 18374969135764373607
@@@ mem[  712] = 0081242300112623 : 36350004739253795
@@@ mem[  720] = 0005049300912223 : 1412404299768355
@@@ mem[  728] = f0c080e700000097 : 17348007494256951447
@@@ mem[  736] = 0004861300050413 : 1273316069671955
@@@ mem[  744] = 0000009700000593 : 648540063123
@@@ mem[  752] = 000405131ac080e7 : 1131479518183655
@@@ mem[  760] = 0081240300c12083 : 36349867311833219
@@@ mem[  768] = 0101011300412483 : 72340250134914179
@@@ mem[  776] = ff01011300008067 : 18374969135764373607
@@@ mem[  784] = 0081242300112623 : 36350004739253795
@@@ mem[  792] = 0005049300912223 : 1412404299768355
@@@ mem[  800] = 00c0051300058413 : 54048774691324947
@@@ mem[  808] = ebc080e700000097 : 16987719524067311767
@@@ mem[  816] = 0085222300952023 : 37473705631490083
@@@ mem[  824] = 00c1208300052423 : 54360417518298147
@@@ mem[  832] = 0041248300812403 : 18336018553971715
@@@ mem[  840] = 0000806701010113 : 141179886829843
@@@ mem[  848] = 0007a50300052783 : 2151757140797315
@@@ mem[  856] = ff01011300008067 : 18374969135764373607
@@@ mem[  864] = 0005079300112623 : 1415702826264099
@@@ mem[  872] = 0085270300052503 : 37479065741239555
@@@ mem[  880] = 0000009700e7a023 : 648555241507
@@@ mem[  888] = 00c12083d40080e7 : 54360421074764007
@@@ mem[  896] = 0000806701010113 : 141179886829843
@@@ mem[  904] = 00112623ff010113 : 4827010648047891
@@@ mem[  912] = 0091222300812423 : 40851405350708259
@@@ mem[  920] = 0005091301212023 : 1417352111530019
@@@ mem[  928] = 0006049300058513 : 1693879267329299
@@@ mem[  936] = 0006059300092403 : 1694978779194371
@@@ mem[  944] = f5c080e700000097 : 17708295464446591127
@@@ mem[  952] = 0047a70300092783 : 20168354673796995
@@@ mem[  960] = 00f5242302e4d263 : 69001102085116515
@@@ mem[  968] = 00c1208300a92023 : 54360417529045027
@@@ mem[  976] = 0041248300812403 : 18336018553971715
@@@ mem[  984] = 0101011300012903 : 72340250130721027
@@@ mem[  992] = 0004071300008067 : 1133678092648551
@@@ mem[ 1000] = 0004066300842403 : 1132922187031555
@@@ mem[ 1008] = fe97c8e300442783 : 18345352484404602755
@@@ mem[ 1016] = 00a7242300852423 : 47046053861860387
@@@ mem[ 1024] = 00052503fcdff06f : 1448073941217391
@@@ mem[ 1032] = 0000806700153513 : 141179871376659
@@@ mem[ 1040] = 00112e23fe010113 : 4835806724292883
@@@ mem[ 1048] = 0040051300100593 : 18019977673049491
@@@ mem[ 1056] = eec080e700000097 : 17203892306181095575
@@@ mem[ 1064] = 0020061300a12623 : 9013877939447331
@@@ mem[ 1072] = 00c1051300500593 : 54330249672918419
@@@ mem[ 1080] = f50080e700000097 : 17654252268918145175
@@@ mem[ 1088] = 0060059300300613 : 27027726685701651
@@@ mem[ 1096] = 0000009700c10513 : 648552711443
@@@ mem[ 1104] = 00000613f3c080e7 : 6682763624679
@@@ mem[ 1112] = 00c1051300700593 : 54330249675015571
@@@ mem[ 1120] = f28080e700000097 : 17474108283823325335
@@@ mem[ 1128] = 0000009700c10513 : 648552711443
@@@ mem[ 1136] = 00051a63f98080e7 : 1436391573586151
@@@ mem[ 1144] = 0000009700c10513 : 648552711443
@@@ mem[ 1152] = fe5ff06fee0080e7 : 18329633371946254567
@@@ mem[ 1160] = 01c1208300000513 : 126418011555890451
@@@ mem[ 1168] = 0000806702010113 : 141179903607059
@@@ mem[ 1176] = 0005071300f00313 : 1415153085055763
@@@ mem[ 1184] = 00f7779302c37e63 : 69655792537796195
@@@ mem[ 1192] = 080592630a079063 : 578029081254662243
@@@ mem[ 1200] = 00f67613ff067693 : 69372672525891219
@@@ mem[ 1208] = 00b7202300e686b3 : 51545255449102003
@@@ mem[ 1216] = 00b7242300b72223 : 51549653492507171
@@@ mem[ 1224] = 0107071300b72623 : 74035697072678435
@@@ mem[ 1232] = 00061463fed766e3 : 1711269570111203
@@@ mem[ 1240] = 40c306b300008067 : 4666581004754911335
@@@ mem[ 1248] = 0000029700269693 : 2847565846163
@@@ mem[ 1256] = 00c68067005686b3 : 55873225264367283
@@@ mem[ 1264] = 00b706a300b70723 : 51517217899480867
@@@ mem[ 1272] = 00b705a300b70623 : 51516118387852835
@@@ mem[ 1280] = 00b704a300b70523 : 51515018876224803
@@@ mem[ 1288] = 00b703a300b70423 : 51513919364596771
@@@ mem[ 1296] = 00b702a300b70323 : 51512819852968739
@@@ mem[ 1304] = 00b701a300b70223 : 51511720341340707
@@@ mem[ 1312] = 00b700a300b70123 : 51510620829712675
@@@ mem[ 1320] = 0000806700b70023 : 141179881979939
@@@ mem[ 1328] = 008596930ff5f593 : 37601730274653587
@@@ mem[ 1336] = 0105969300d5e5b3 : 73630527039858099
@@@ mem[ 1344] = f6dff06f00d5e5b3 : 17789201412682802611
@@@ mem[ 1352] = 0000029700279693 : 2847565911699
@@@ mem[ 1360] = 00008293005686b3 : 143567877473971
@@@ mem[ 1368] = 00028093fa0680e7 : 704322996699367
@@@ mem[ 1376] = 40f70733ff078793 : 4681218257578330003
@@@ mem[ 1384] = f6c378e300f60633 : 17781188670157882931
@@@ mem[ 1392] = 00000000f3dff06f : 4091539567
@@@
@@@ mem[ 1472] = 0000063c00003fb0 : 6854767820720
@@@
@@@ mem[ 1504] = 000005ec00000600 : 6511170422272
@@@ mem[ 1512] = 0000060000000000 : 6597069766656
@@@ mem[ 1520] = 000000040000000c : 17179869196
@@@ mem[ 1528] = 0000060800000001 : 6631429505025
@@@ mem[ 1536] = 0000000c00000614 : 51539609108
@@@ mem[ 1544] = 0000000200000005 : 8589934597
@@@ mem[ 1552] = 000006280000061c : 6768868460060
@@@ mem[ 1560] = 000000060000000c : 25769803788
@@@ mem[ 1568] = 0000000000000003 : 3
@@@ mem[ 1576] = 0000000c000005e4 : 51539609060
@@@ mem[ 1584] = 0000000000000007 : 7
@@@ mem[ 1592] = 00000000000005f4 : 1524
@@@
@@@ mem[65448] = 000002b400000000 : 2972117368832
@@@ mem[65456] = 0000000700000000 : 30064771072
@@@ mem[65464] = 0000033000000000 : 3504693313536
@@@
@@@ mem[65480] = 000003b8000005f4 : 4088808867316
@@@
@@@ mem[65496] = 0000048400010000 : 4964982259712
@@@
@@@ mem[65528] = 000000a000000000 : 687194767360
@@@
@@@ System halted on WFI instruction
@@@
