
Final memory state and exit status:

@@@ Unified Memory contents hex on left, decimal on right: 
@@@
@@@ mem[    0] = 0000009700000013 : 648540061715
@@@ mem[    8] = 0001011709c08093 : 282673436197011
@@@ mem[   16] = 00010413ff410113 : 285958910050579
@@@ mem[   24] = f281819300001197 : 17474390497534415255
@@@ mem[   32] = 0000029300000213 : 2830383448595
@@@ mem[   40] = 0000039300000313 : 3929895076627
@@@ mem[   48] = 0000051300000493 : 5579162518675
@@@ mem[   56] = 0000061300000593 : 6678674146707
@@@ mem[   64] = 0000071300000693 : 7778185774739
@@@ mem[   72] = 0000081300000793 : 8877697402771
@@@ mem[   80] = 0000091300000893 : 9977209030803
@@@ mem[   88] = 00000a1300000993 : 11076720658835
@@@ mem[   96] = 00000b1300000a93 : 12176232286867
@@@ mem[  104] = 00000c1300000b93 : 13275743914899
@@@ mem[  112] = 00000d1300000c93 : 14375255542931
@@@ mem[  120] = 00000e1300000d93 : 15474767170963
@@@ mem[  128] = 00000f1300000e93 : 16574278798995
@@@ mem[  136] = 0f00006f00000f93 : 1080864387310292883
@@@
@@@ mem[  160] = f601011300010117 : 17726450789423055127
@@@ mem[  168] = 00000013fea12c23 : 85876354083
@@@ mem[  176] = 0000089310500073 : 9427726893171
@@@ mem[  184] = 001686930380006f : 6340415464669295
@@@ mem[  192] = 0026971302b6d663 : 10862157020714595
@@@ mem[  200] = 0007260300e50733 : 2012119178741555
@@@ mem[  208] = 00f507b300289793 : 68969834677311379
@@@ mem[  216] = ff0650e30007a803 : 18376464265420187651
@@@ mem[  224] = 00c7a02301072023 : 56189592566964259
@@@ mem[  232] = 00030893fd5ff06f : 853856634269807
@@@ mem[  240] = 00f8d863fff58793 : 70043718231885715
@@@ mem[  248] = 0003069300188313 : 851653361697555
@@@ mem[  256] = 00008067fc1ff06f : 141184099938415
@@@ mem[  264] = 0005071306b64463 : 1415153181934691
@@@ mem[  272] = 01f5579340b60533 : 141115253289518387
@@@ mem[  280] = 4017d79300a787b3 : 4618396969262876595
@@@ mem[  288] = 0025179300b78533 : 10440494277952819
@@@ mem[  296] = 0007a78300f707b3 : 2154505935718323
@@@ mem[  304] = ff01011304d78463 : 18374969135845573731
@@@ mem[  312] = 02f6d06300112623 : 213587155968140835
@@@ mem[  320] = 00070513fff50613 : 1975908293740051
@@@ mem[  328] = fc0080e700000097 : 18158655427183640727
@@@ mem[  336] = 0101011300c12083 : 72340250143301763
@@@ mem[  344] = 0015059300008067 : 5917103429288039
@@@ mem[  352] = 0000009700070513 : 648540521747
@@@ mem[  360] = fe5ff06ffa4080e7 : 18329633372151775463
@@@ mem[  368] = 00008067fff00513 : 141184163906835
@@@ mem[  376] = e601011300008067 : 16573529284816175207
@@@ mem[  384] = 18812c2318112e23 : 1765741058145201699
@@@ mem[  392] = 0620079300000413 : 441361091423896595
@@@ mem[  400] = 000000970287c463 : 648582513763
@@@ mem[  408] = 01f575130d4080e7 : 141147688019198183
@@@ mem[  416] = 1901071300241793 : 1801729104113047443
@@@ mem[  424] = e6a7aa2300f707b3 : 16620440017150871475
@@@ mem[  432] = fd9ff06f00140413 : 18275590172426109971
@@@ mem[  440] = 0041051306300593 : 18301452752520595
@@@ mem[  448] = ef4080e700000097 : 17239921103200059543
@@@ mem[  456] = 0620061300a00693 : 441359442166941331
@@@ mem[  464] = 0041051300000593 : 18301452648711571
@@@ mem[  472] = f30080e700000097 : 17510137080842289303
@@@ mem[  480] = 062006131a400693 : 441359442596857491
@@@ mem[  488] = 0041051300000593 : 18301452648711571
@@@ mem[  496] = f18080e700000097 : 17402050689785397399
@@@ mem[  504] = 0620061302100693 : 441359442191058579
@@@ mem[  512] = 0041051300000593 : 18301452648711571
@@@ mem[  520] = f00080e700000097 : 17293964298728505495
@@@ mem[  528] = 0620061301700693 : 441359442180572819
@@@ mem[  536] = 0041051300000593 : 18301452648711571
@@@ mem[  544] = ee8080e700000097 : 17185877907671613591
@@@ mem[  552] = 0620061300c00693 : 441359442169038483
@@@ mem[  560] = 0041051300000593 : 18301452648711571
@@@ mem[  568] = ed0080e700000097 : 17077791516614721687
@@@ mem[  576] = 19c1208300000513 : 1855800268466160915
@@@ mem[  584] = 1a01011319812403 : 1873780101506737155
@@@ mem[  592] = 000007b700008067 : 8482560442471
@@@ mem[  600] = 0aa7a4237607a783 : 767762733700982659
@@@ mem[  608] = 000080670a07a623 : 141180038260259
@@@ mem[  616] = 7607a803000007b7 : 8504951152150841271
@@@ mem[  624] = f2d585934c9585b7 : 17498038794909484471
@@@ mem[  632] = 0ac827030a882683 : 776913829736490627
@@@ mem[  640] = 0017861302b687b3 : 6621340672362419
@@@ mem[  648] = 0ac8242300f637b3 : 776910668480001971
@@@ mem[  656] = 42d606135851f637 : 4816043531675235895
@@@ mem[  664] = 02b7073302c68633 : 195633024485197363
@@@ mem[  672] = 00c7073302b6b6b3 : 56021436035675827
@@@ mem[  680] = 00e787b300d70733 : 65169922503149363
@@@ mem[  688] = 0af8262300179513 : 790423666370778387
@@@ mem[  696] = 0000806700155513 : 141179871384851
@@@
@@@ mem[  768] = 0000000000000320 : 800
@@@
@@@ mem[  800] = 0000060c00000000 : 6648609374208
@@@ mem[  808] = 000006dc00000674 : 7541962573428
@@@
@@@ mem[  968] = c6755a5b8666f82c : 14300435540928297004
@@@ mem[  976] = e66d1234abcd330e : 16603947418614838030
@@@ mem[  984] = 0000000b0005deec : 47245025004
@@@
@@@ mem[ 1888] = 0000000000000320 : 800
@@@
@@@ mem[65016] = 0000016c00000000 : 1563368095744
@@@
@@@ mem[65032] = 0000016c00000000 : 1563368095744
@@@
@@@ mem[65048] = 0000016c00000000 : 1563368095744
@@@
@@@ mem[65064] = 0000015000000000 : 1443109011456
@@@
@@@ mem[65080] = 0000016c00000000 : 1563368095744
@@@
@@@ mem[65096] = 0000015000000000 : 1443109011456
@@@
@@@ mem[65112] = 0000024000000000 : 2473901162496
@@@
@@@ mem[65128] = 0000000100000000 : 4294967296
@@@ mem[65136] = 0000000200000001 : 8589934593
@@@ mem[65144] = 0000000300000003 : 12884901891
@@@ mem[65152] = 0000000400000004 : 17179869188
@@@ mem[65160] = 0000000400000004 : 17179869188
@@@ mem[65168] = 0000000400000004 : 17179869188
@@@ mem[65176] = 0000000500000005 : 21474836485
@@@ mem[65184] = 0000000600000005 : 25769803781
@@@ mem[65192] = 0000000600000006 : 25769803782
@@@ mem[65200] = 0000000700000006 : 30064771078
@@@ mem[65208] = 0000000800000008 : 34359738376
@@@ mem[65216] = 0000000800000008 : 34359738376
@@@ mem[65224] = 0000000800000008 : 34359738376
@@@ mem[65232] = 0000000900000009 : 38654705673
@@@ mem[65240] = 0000000900000009 : 38654705673
@@@ mem[65248] = 0000000a00000009 : 42949672969
@@@ mem[65256] = 0000000b0000000a : 47244640266
@@@ mem[65264] = 0000000d0000000c : 55834574860
@@@ mem[65272] = 0000000d0000000d : 55834574861
@@@ mem[65280] = 0000000e0000000d : 60129542157
@@@ mem[65288] = 0000000f0000000f : 64424509455
@@@ mem[65296] = 0000000f0000000f : 64424509455
@@@ mem[65304] = 0000000f0000000f : 64424509455
@@@ mem[65312] = 0000000f0000000f : 64424509455
@@@ mem[65320] = 0000001000000010 : 68719476752
@@@ mem[65328] = 0000001100000010 : 73014444048
@@@ mem[65336] = 0000001200000011 : 77309411345
@@@ mem[65344] = 0000001300000012 : 81604378642
@@@ mem[65352] = 0000001400000014 : 85899345940
@@@ mem[65360] = 0000001400000014 : 85899345940
@@@ mem[65368] = 0000001400000014 : 85899345940
@@@ mem[65376] = 0000001500000014 : 90194313236
@@@ mem[65384] = 0000001500000015 : 90194313237
@@@ mem[65392] = 0000001600000016 : 94489280534
@@@ mem[65400] = 0000001700000016 : 98784247830
@@@ mem[65408] = 0000001700000017 : 98784247831
@@@ mem[65416] = 0000001800000017 : 103079215127
@@@ mem[65424] = 0000001800000018 : 103079215128
@@@ mem[65432] = 0000001900000018 : 107374182424
@@@ mem[65440] = 0000001900000019 : 107374182425
@@@ mem[65448] = 0000001a00000019 : 111669149721
@@@ mem[65456] = 0000001b0000001a : 115964117018
@@@ mem[65464] = 0000001b0000001b : 115964117019
@@@ mem[65472] = 0000001c0000001b : 120259084315
@@@ mem[65480] = 0000001d0000001c : 124554051612
@@@ mem[65488] = 0000001d0000001d : 124554051613
@@@ mem[65496] = 0000001e0000001e : 128849018910
@@@ mem[65504] = 0000001f0000001e : 133143986206
@@@ mem[65512] = 0000001f0000001f : 133143986207
@@@
@@@ mem[65528] = 000000a000000000 : 687194767360
@@@
@@@ System halted on WFI instruction
@@@
